[2022-07-07 15:25:05,502] {taskinstance.py:1032} INFO - Dependencies all met for <TaskInstance: LocalIngestionDag.convert_to_csv scheduled__2021-05-02T06:00:00+00:00 [queued]>
[2022-07-07 15:25:05,662] {taskinstance.py:1032} INFO - Dependencies all met for <TaskInstance: LocalIngestionDag.convert_to_csv scheduled__2021-05-02T06:00:00+00:00 [queued]>
[2022-07-07 15:25:05,681] {taskinstance.py:1238} INFO - 
--------------------------------------------------------------------------------
[2022-07-07 15:25:05,681] {taskinstance.py:1239} INFO - Starting attempt 1 of 1
[2022-07-07 15:25:05,681] {taskinstance.py:1240} INFO - 
--------------------------------------------------------------------------------
[2022-07-07 15:25:05,824] {taskinstance.py:1259} INFO - Executing <Task(PythonOperator): convert_to_csv> on 2021-05-02 06:00:00+00:00
[2022-07-07 15:25:05,885] {standard_task_runner.py:52} INFO - Started process 833 to run task
[2022-07-07 15:25:05,981] {standard_task_runner.py:76} INFO - Running: ['***', 'tasks', 'run', 'LocalIngestionDag', 'convert_to_csv', 'scheduled__2021-05-02T06:00:00+00:00', '--job-id', '127', '--raw', '--subdir', 'DAGS_FOLDER/data_ingestion_local.py', '--cfg-path', '/tmp/tmpfhxum37r', '--error-file', '/tmp/tmpyla4xfux']
[2022-07-07 15:25:06,018] {standard_task_runner.py:77} INFO - Job 127: Subtask convert_to_csv
[2022-07-07 15:25:06,548] {logging_mixin.py:109} INFO - Running <TaskInstance: LocalIngestionDag.convert_to_csv scheduled__2021-05-02T06:00:00+00:00 [running]> on host d7995de6702f
[2022-07-07 15:25:06,901] {warnings.py:110} WARNING - /home/***/.local/lib/python3.7/site-packages/***/utils/context.py:152: AirflowContextDeprecationWarning: Accessing 'execution_date' from the template is deprecated and will be removed in a future version. Please use 'data_interval_start' or 'logical_date' instead.
  warnings.warn(_create_deprecation_warning(key, self._deprecation_replacements[key]))

[2022-07-07 15:25:07,085] {taskinstance.py:1426} INFO - Exporting the following env vars:
AIRFLOW_CTX_DAG_OWNER=***
AIRFLOW_CTX_DAG_ID=LocalIngestionDag
AIRFLOW_CTX_TASK_ID=convert_to_csv
AIRFLOW_CTX_EXECUTION_DATE=2021-05-02T06:00:00+00:00
AIRFLOW_CTX_DAG_RUN_ID=scheduled__2021-05-02T06:00:00+00:00
[2022-07-07 15:25:29,814] {python.py:175} INFO - Done. Returned value was: None
[2022-07-07 15:25:30,344] {taskinstance.py:1277} INFO - Marking task as SUCCESS. dag_id=LocalIngestionDag, task_id=convert_to_csv, execution_date=20210502T060000, start_date=20220707T152505, end_date=20220707T152530
[2022-07-07 15:25:30,810] {local_task_job.py:154} INFO - Task exited with return code 0
[2022-07-07 15:25:30,983] {local_task_job.py:264} INFO - 1 downstream tasks scheduled from follow-on schedule check
