[2022-07-07 15:25:09,342] {taskinstance.py:1032} INFO - Dependencies all met for <TaskInstance: LocalIngestionDag.convert_to_csv scheduled__2021-08-02T06:00:00+00:00 [queued]>
[2022-07-07 15:25:09,633] {taskinstance.py:1032} INFO - Dependencies all met for <TaskInstance: LocalIngestionDag.convert_to_csv scheduled__2021-08-02T06:00:00+00:00 [queued]>
[2022-07-07 15:25:09,652] {taskinstance.py:1238} INFO - 
--------------------------------------------------------------------------------
[2022-07-07 15:25:09,656] {taskinstance.py:1239} INFO - Starting attempt 1 of 1
[2022-07-07 15:25:09,658] {taskinstance.py:1240} INFO - 
--------------------------------------------------------------------------------
[2022-07-07 15:25:09,962] {taskinstance.py:1259} INFO - Executing <Task(PythonOperator): convert_to_csv> on 2021-08-02 06:00:00+00:00
[2022-07-07 15:25:10,032] {standard_task_runner.py:52} INFO - Started process 890 to run task
[2022-07-07 15:25:10,154] {standard_task_runner.py:76} INFO - Running: ['***', 'tasks', 'run', 'LocalIngestionDag', 'convert_to_csv', 'scheduled__2021-08-02T06:00:00+00:00', '--job-id', '134', '--raw', '--subdir', 'DAGS_FOLDER/data_ingestion_local.py', '--cfg-path', '/tmp/tmpm_vti9td', '--error-file', '/tmp/tmpj8hieg_t']
[2022-07-07 15:25:10,166] {standard_task_runner.py:77} INFO - Job 134: Subtask convert_to_csv
[2022-07-07 15:25:11,206] {logging_mixin.py:109} INFO - Running <TaskInstance: LocalIngestionDag.convert_to_csv scheduled__2021-08-02T06:00:00+00:00 [running]> on host d7995de6702f
[2022-07-07 15:25:12,023] {warnings.py:110} WARNING - /home/***/.local/lib/python3.7/site-packages/***/utils/context.py:152: AirflowContextDeprecationWarning: Accessing 'execution_date' from the template is deprecated and will be removed in a future version. Please use 'data_interval_start' or 'logical_date' instead.
  warnings.warn(_create_deprecation_warning(key, self._deprecation_replacements[key]))

[2022-07-07 15:25:12,305] {taskinstance.py:1426} INFO - Exporting the following env vars:
AIRFLOW_CTX_DAG_OWNER=***
AIRFLOW_CTX_DAG_ID=LocalIngestionDag
AIRFLOW_CTX_TASK_ID=convert_to_csv
AIRFLOW_CTX_EXECUTION_DATE=2021-08-02T06:00:00+00:00
AIRFLOW_CTX_DAG_RUN_ID=scheduled__2021-08-02T06:00:00+00:00
[2022-07-07 15:25:35,751] {python.py:175} INFO - Done. Returned value was: None
[2022-07-07 15:25:36,268] {taskinstance.py:1277} INFO - Marking task as SUCCESS. dag_id=LocalIngestionDag, task_id=convert_to_csv, execution_date=20210802T060000, start_date=20220707T152509, end_date=20220707T152536
[2022-07-07 15:25:36,850] {local_task_job.py:212} WARNING - State of this instance has been externally set to success. Terminating instance.
[2022-07-07 15:25:36,894] {process_utils.py:124} INFO - Sending Signals.SIGTERM to group 890. PIDs of all processes in the group: [890]
[2022-07-07 15:25:36,894] {process_utils.py:75} INFO - Sending the signal Signals.SIGTERM to group 890
[2022-07-07 15:25:37,110] {process_utils.py:70} INFO - Process psutil.Process(pid=890, status='terminated', exitcode=0, started='15:25:09') (890) terminated with exit code 0
