[2022-07-07 15:25:06,866] {taskinstance.py:1032} INFO - Dependencies all met for <TaskInstance: LocalIngestionDag.wget scheduled__2022-03-02T06:00:00+00:00 [queued]>
[2022-07-07 15:25:07,007] {taskinstance.py:1032} INFO - Dependencies all met for <TaskInstance: LocalIngestionDag.wget scheduled__2022-03-02T06:00:00+00:00 [queued]>
[2022-07-07 15:25:07,007] {taskinstance.py:1238} INFO - 
--------------------------------------------------------------------------------
[2022-07-07 15:25:07,007] {taskinstance.py:1239} INFO - Starting attempt 1 of 1
[2022-07-07 15:25:07,007] {taskinstance.py:1240} INFO - 
--------------------------------------------------------------------------------
[2022-07-07 15:25:07,172] {taskinstance.py:1259} INFO - Executing <Task(BashOperator): wget> on 2022-03-02 06:00:00+00:00
[2022-07-07 15:25:07,295] {standard_task_runner.py:76} INFO - Running: ['***', 'tasks', 'run', 'LocalIngestionDag', 'wget', 'scheduled__2022-03-02T06:00:00+00:00', '--job-id', '130', '--raw', '--subdir', 'DAGS_FOLDER/data_ingestion_local.py', '--cfg-path', '/tmp/tmp1tfyatr0', '--error-file', '/tmp/tmprxk41y45']
[2022-07-07 15:25:07,297] {standard_task_runner.py:77} INFO - Job 130: Subtask wget
[2022-07-07 15:25:07,263] {standard_task_runner.py:52} INFO - Started process 844 to run task
[2022-07-07 15:25:08,133] {logging_mixin.py:109} INFO - Running <TaskInstance: LocalIngestionDag.wget scheduled__2022-03-02T06:00:00+00:00 [running]> on host d7995de6702f
[2022-07-07 15:25:08,670] {warnings.py:110} WARNING - /home/***/.local/lib/python3.7/site-packages/***/utils/context.py:152: AirflowContextDeprecationWarning: Accessing 'execution_date' from the template is deprecated and will be removed in a future version. Please use 'data_interval_start' or 'logical_date' instead.
  warnings.warn(_create_deprecation_warning(key, self._deprecation_replacements[key]))

[2022-07-07 15:25:09,006] {taskinstance.py:1426} INFO - Exporting the following env vars:
AIRFLOW_CTX_DAG_OWNER=***
AIRFLOW_CTX_DAG_ID=LocalIngestionDag
AIRFLOW_CTX_TASK_ID=wget
AIRFLOW_CTX_EXECUTION_DATE=2022-03-02T06:00:00+00:00
AIRFLOW_CTX_DAG_RUN_ID=scheduled__2022-03-02T06:00:00+00:00
[2022-07-07 15:25:09,008] {subprocess.py:62} INFO - Tmp dir root location: 
 /tmp
[2022-07-07 15:25:09,027] {subprocess.py:74} INFO - Running command: ['bash', '-c', 'curl -sSL https://d37ci6vzurychx.cloudfront.net/trip-data/yellow_tripdata_2022-03.parquet > /opt/***/output_2022-03.parquet']
[2022-07-07 15:25:09,262] {subprocess.py:85} INFO - Output:
[2022-07-07 15:25:11,947] {subprocess.py:93} INFO - Command exited with return code 0
[2022-07-07 15:25:12,135] {taskinstance.py:1277} INFO - Marking task as SUCCESS. dag_id=LocalIngestionDag, task_id=wget, execution_date=20220302T060000, start_date=20220707T152506, end_date=20220707T152512
[2022-07-07 15:25:12,326] {local_task_job.py:154} INFO - Task exited with return code 0
[2022-07-07 15:25:12,760] {local_task_job.py:264} INFO - 1 downstream tasks scheduled from follow-on schedule check
