[2022-07-07 15:25:04,405] {taskinstance.py:1032} INFO - Dependencies all met for <TaskInstance: LocalIngestionDag.wget scheduled__2022-01-02T06:00:00+00:00 [queued]>
[2022-07-07 15:25:04,520] {taskinstance.py:1032} INFO - Dependencies all met for <TaskInstance: LocalIngestionDag.wget scheduled__2022-01-02T06:00:00+00:00 [queued]>
[2022-07-07 15:25:04,520] {taskinstance.py:1238} INFO - 
--------------------------------------------------------------------------------
[2022-07-07 15:25:04,520] {taskinstance.py:1239} INFO - Starting attempt 1 of 1
[2022-07-07 15:25:04,520] {taskinstance.py:1240} INFO - 
--------------------------------------------------------------------------------
[2022-07-07 15:25:04,667] {taskinstance.py:1259} INFO - Executing <Task(BashOperator): wget> on 2022-01-02 06:00:00+00:00
[2022-07-07 15:25:04,791] {standard_task_runner.py:52} INFO - Started process 822 to run task
[2022-07-07 15:25:04,861] {standard_task_runner.py:76} INFO - Running: ['***', 'tasks', 'run', 'LocalIngestionDag', 'wget', 'scheduled__2022-01-02T06:00:00+00:00', '--job-id', '122', '--raw', '--subdir', 'DAGS_FOLDER/data_ingestion_local.py', '--cfg-path', '/tmp/tmp2z6luo1l', '--error-file', '/tmp/tmpnq1ncm94']
[2022-07-07 15:25:04,893] {standard_task_runner.py:77} INFO - Job 122: Subtask wget
[2022-07-07 15:25:05,288] {logging_mixin.py:109} INFO - Running <TaskInstance: LocalIngestionDag.wget scheduled__2022-01-02T06:00:00+00:00 [running]> on host d7995de6702f
[2022-07-07 15:25:05,455] {warnings.py:110} WARNING - /home/***/.local/lib/python3.7/site-packages/***/utils/context.py:152: AirflowContextDeprecationWarning: Accessing 'execution_date' from the template is deprecated and will be removed in a future version. Please use 'data_interval_start' or 'logical_date' instead.
  warnings.warn(_create_deprecation_warning(key, self._deprecation_replacements[key]))

[2022-07-07 15:25:05,540] {taskinstance.py:1426} INFO - Exporting the following env vars:
AIRFLOW_CTX_DAG_OWNER=***
AIRFLOW_CTX_DAG_ID=LocalIngestionDag
AIRFLOW_CTX_TASK_ID=wget
AIRFLOW_CTX_EXECUTION_DATE=2022-01-02T06:00:00+00:00
AIRFLOW_CTX_DAG_RUN_ID=scheduled__2022-01-02T06:00:00+00:00
[2022-07-07 15:25:05,541] {subprocess.py:62} INFO - Tmp dir root location: 
 /tmp
[2022-07-07 15:25:05,542] {subprocess.py:74} INFO - Running command: ['bash', '-c', 'curl -sSL https://d37ci6vzurychx.cloudfront.net/trip-data/yellow_tripdata_2022-01.parquet > /opt/***/output_2022-01.parquet']
[2022-07-07 15:25:05,681] {subprocess.py:85} INFO - Output:
[2022-07-07 15:25:07,270] {subprocess.py:93} INFO - Command exited with return code 0
[2022-07-07 15:25:07,360] {taskinstance.py:1277} INFO - Marking task as SUCCESS. dag_id=LocalIngestionDag, task_id=wget, execution_date=20220102T060000, start_date=20220707T152504, end_date=20220707T152507
[2022-07-07 15:25:07,605] {local_task_job.py:154} INFO - Task exited with return code 0
[2022-07-07 15:25:07,725] {local_task_job.py:264} INFO - 1 downstream tasks scheduled from follow-on schedule check
