[2022-07-07 13:02:41,436] {taskinstance.py:1032} INFO - Dependencies all met for <TaskInstance: data_ingest_csv.download_dataset_task scheduled__2022-07-06T00:00:00+00:00 [queued]>
[2022-07-07 13:02:41,449] {taskinstance.py:1032} INFO - Dependencies all met for <TaskInstance: data_ingest_csv.download_dataset_task scheduled__2022-07-06T00:00:00+00:00 [queued]>
[2022-07-07 13:02:41,449] {taskinstance.py:1238} INFO - 
--------------------------------------------------------------------------------
[2022-07-07 13:02:41,449] {taskinstance.py:1239} INFO - Starting attempt 1 of 2
[2022-07-07 13:02:41,449] {taskinstance.py:1240} INFO - 
--------------------------------------------------------------------------------
[2022-07-07 13:02:41,465] {taskinstance.py:1259} INFO - Executing <Task(BashOperator): download_dataset_task> on 2022-07-06 00:00:00+00:00
[2022-07-07 13:02:41,471] {standard_task_runner.py:52} INFO - Started process 1009 to run task
[2022-07-07 13:02:41,477] {standard_task_runner.py:76} INFO - Running: ['***', 'tasks', 'run', 'data_ingest_csv', 'download_dataset_task', 'scheduled__2022-07-06T00:00:00+00:00', '--job-id', '100', '--raw', '--subdir', 'DAGS_FOLDER/data_ingest_with_csv.py', '--cfg-path', '/tmp/tmpecgojbah', '--error-file', '/tmp/tmpcvm53xx0']
[2022-07-07 13:02:41,478] {standard_task_runner.py:77} INFO - Job 100: Subtask download_dataset_task
[2022-07-07 13:02:41,541] {logging_mixin.py:109} INFO - Running <TaskInstance: data_ingest_csv.download_dataset_task scheduled__2022-07-06T00:00:00+00:00 [running]> on host 2a74a570b95b
[2022-07-07 13:02:41,598] {taskinstance.py:1426} INFO - Exporting the following env vars:
AIRFLOW_CTX_DAG_OWNER=***
AIRFLOW_CTX_DAG_ID=data_ingest_csv
AIRFLOW_CTX_TASK_ID=download_dataset_task
AIRFLOW_CTX_EXECUTION_DATE=2022-07-06T00:00:00+00:00
AIRFLOW_CTX_DAG_RUN_ID=scheduled__2022-07-06T00:00:00+00:00
[2022-07-07 13:02:41,600] {subprocess.py:62} INFO - Tmp dir root location: 
 /tmp
[2022-07-07 13:02:41,601] {subprocess.py:74} INFO - Running command: ['bash', '-c', 'curl -sSL https://d37ci6vzurychx.cloudfront.net/trip-data/yellow_tripdata_2021-02.parquet > /opt/***/yellow_tripdata_2021-02.parquet']
[2022-07-07 13:02:41,626] {subprocess.py:85} INFO - Output:
[2022-07-07 13:02:41,939] {subprocess.py:93} INFO - Command exited with return code 0
[2022-07-07 13:02:42,000] {taskinstance.py:1277} INFO - Marking task as SUCCESS. dag_id=data_ingest_csv, task_id=download_dataset_task, execution_date=20220706T000000, start_date=20220707T130241, end_date=20220707T130242
[2022-07-07 13:02:42,059] {local_task_job.py:154} INFO - Task exited with return code 0
[2022-07-07 13:02:42,117] {local_task_job.py:264} INFO - 1 downstream tasks scheduled from follow-on schedule check
