[2022-06-30 16:30:50,656] {taskinstance.py:1032} INFO - Dependencies all met for <TaskInstance: data_adjusted.download_dataset_task manual__2022-06-30T16:29:47.922586+00:00 [queued]>
[2022-06-30 16:30:50,668] {taskinstance.py:1032} INFO - Dependencies all met for <TaskInstance: data_adjusted.download_dataset_task manual__2022-06-30T16:29:47.922586+00:00 [queued]>
[2022-06-30 16:30:50,668] {taskinstance.py:1238} INFO - 
--------------------------------------------------------------------------------
[2022-06-30 16:30:50,669] {taskinstance.py:1239} INFO - Starting attempt 1 of 2
[2022-06-30 16:30:50,669] {taskinstance.py:1240} INFO - 
--------------------------------------------------------------------------------
[2022-06-30 16:30:50,682] {taskinstance.py:1259} INFO - Executing <Task(BashOperator): download_dataset_task> on 2022-06-30 16:29:47.922586+00:00
[2022-06-30 16:30:50,689] {standard_task_runner.py:52} INFO - Started process 1400 to run task
[2022-06-30 16:30:50,694] {standard_task_runner.py:76} INFO - Running: ['***', 'tasks', 'run', 'data_adjusted', 'download_dataset_task', 'manual__2022-06-30T16:29:47.922586+00:00', '--job-id', '12', '--raw', '--subdir', 'DAGS_FOLDER/data_adjusted.py', '--cfg-path', '/tmp/tmp1r7r4lb5', '--error-file', '/tmp/tmpd03bxh5b']
[2022-06-30 16:30:50,695] {standard_task_runner.py:77} INFO - Job 12: Subtask download_dataset_task
[2022-06-30 16:30:50,756] {logging_mixin.py:109} INFO - Running <TaskInstance: data_adjusted.download_dataset_task manual__2022-06-30T16:29:47.922586+00:00 [running]> on host d4c453d82639
[2022-06-30 16:30:50,829] {taskinstance.py:1426} INFO - Exporting the following env vars:
AIRFLOW_CTX_DAG_OWNER=***
AIRFLOW_CTX_DAG_ID=data_adjusted
AIRFLOW_CTX_TASK_ID=download_dataset_task
AIRFLOW_CTX_EXECUTION_DATE=2022-06-30T16:29:47.922586+00:00
AIRFLOW_CTX_DAG_RUN_ID=manual__2022-06-30T16:29:47.922586+00:00
[2022-06-30 16:30:50,830] {subprocess.py:62} INFO - Tmp dir root location: 
 /tmp
[2022-06-30 16:30:50,831] {subprocess.py:74} INFO - Running command: ['bash', '-c', 'curl -sSL https://s3.amazonaws.com/nyc-tlc/trip+data/yellow_tripdata_2021-01.parquet > /opt/***/yellow_tripdata_2021-01.parquet']
[2022-06-30 16:30:50,847] {subprocess.py:85} INFO - Output:
[2022-06-30 16:31:03,213] {subprocess.py:93} INFO - Command exited with return code 0
[2022-06-30 16:31:03,270] {taskinstance.py:1277} INFO - Marking task as SUCCESS. dag_id=data_adjusted, task_id=download_dataset_task, execution_date=20220630T162947, start_date=20220630T163050, end_date=20220630T163103
[2022-06-30 16:31:03,298] {local_task_job.py:154} INFO - Task exited with return code 0
[2022-06-30 16:31:03,342] {local_task_job.py:264} INFO - 1 downstream tasks scheduled from follow-on schedule check
