[2022-07-07 15:24:57,752] {taskinstance.py:1032} INFO - Dependencies all met for <TaskInstance: LocalIngestionDag.wget scheduled__2021-07-02T06:00:00+00:00 [queued]>
[2022-07-07 15:24:57,785] {taskinstance.py:1032} INFO - Dependencies all met for <TaskInstance: LocalIngestionDag.wget scheduled__2021-07-02T06:00:00+00:00 [queued]>
[2022-07-07 15:24:57,786] {taskinstance.py:1238} INFO - 
--------------------------------------------------------------------------------
[2022-07-07 15:24:57,786] {taskinstance.py:1239} INFO - Starting attempt 1 of 1
[2022-07-07 15:24:57,786] {taskinstance.py:1240} INFO - 
--------------------------------------------------------------------------------
[2022-07-07 15:24:57,859] {taskinstance.py:1259} INFO - Executing <Task(BashOperator): wget> on 2021-07-02 06:00:00+00:00
[2022-07-07 15:24:57,884] {standard_task_runner.py:52} INFO - Started process 738 to run task
[2022-07-07 15:24:57,942] {standard_task_runner.py:76} INFO - Running: ['***', 'tasks', 'run', 'LocalIngestionDag', 'wget', 'scheduled__2021-07-02T06:00:00+00:00', '--job-id', '116', '--raw', '--subdir', 'DAGS_FOLDER/data_ingestion_local.py', '--cfg-path', '/tmp/tmpl3f_7alk', '--error-file', '/tmp/tmpy8jff8yk']
[2022-07-07 15:24:57,967] {standard_task_runner.py:77} INFO - Job 116: Subtask wget
[2022-07-07 15:24:58,336] {logging_mixin.py:109} INFO - Running <TaskInstance: LocalIngestionDag.wget scheduled__2021-07-02T06:00:00+00:00 [running]> on host d7995de6702f
[2022-07-07 15:24:58,512] {warnings.py:110} WARNING - /home/***/.local/lib/python3.7/site-packages/***/utils/context.py:152: AirflowContextDeprecationWarning: Accessing 'execution_date' from the template is deprecated and will be removed in a future version. Please use 'data_interval_start' or 'logical_date' instead.
  warnings.warn(_create_deprecation_warning(key, self._deprecation_replacements[key]))

[2022-07-07 15:24:58,650] {taskinstance.py:1426} INFO - Exporting the following env vars:
AIRFLOW_CTX_DAG_OWNER=***
AIRFLOW_CTX_DAG_ID=LocalIngestionDag
AIRFLOW_CTX_TASK_ID=wget
AIRFLOW_CTX_EXECUTION_DATE=2021-07-02T06:00:00+00:00
AIRFLOW_CTX_DAG_RUN_ID=scheduled__2021-07-02T06:00:00+00:00
[2022-07-07 15:24:58,651] {subprocess.py:62} INFO - Tmp dir root location: 
 /tmp
[2022-07-07 15:24:58,652] {subprocess.py:74} INFO - Running command: ['bash', '-c', 'curl -sSL https://d37ci6vzurychx.cloudfront.net/trip-data/yellow_tripdata_2021-07.parquet > /opt/***/output_2021-07.parquet']
[2022-07-07 15:24:58,830] {subprocess.py:85} INFO - Output:
[2022-07-07 15:25:00,278] {subprocess.py:93} INFO - Command exited with return code 0
[2022-07-07 15:25:00,364] {taskinstance.py:1277} INFO - Marking task as SUCCESS. dag_id=LocalIngestionDag, task_id=wget, execution_date=20210702T060000, start_date=20220707T152457, end_date=20220707T152500
[2022-07-07 15:25:00,584] {local_task_job.py:154} INFO - Task exited with return code 0
[2022-07-07 15:25:00,917] {local_task_job.py:264} INFO - 1 downstream tasks scheduled from follow-on schedule check
