[2022-07-07 10:09:07,552] {taskinstance.py:1032} INFO - Dependencies all met for <TaskInstance: data_adjusted.download_dataset_task scheduled__2022-07-06T00:00:00+00:00 [queued]>
[2022-07-07 10:09:07,562] {taskinstance.py:1032} INFO - Dependencies all met for <TaskInstance: data_adjusted.download_dataset_task scheduled__2022-07-06T00:00:00+00:00 [queued]>
[2022-07-07 10:09:07,562] {taskinstance.py:1238} INFO - 
--------------------------------------------------------------------------------
[2022-07-07 10:09:07,562] {taskinstance.py:1239} INFO - Starting attempt 1 of 2
[2022-07-07 10:09:07,562] {taskinstance.py:1240} INFO - 
--------------------------------------------------------------------------------
[2022-07-07 10:09:07,573] {taskinstance.py:1259} INFO - Executing <Task(BashOperator): download_dataset_task> on 2022-07-06 00:00:00+00:00
[2022-07-07 10:09:07,579] {standard_task_runner.py:52} INFO - Started process 680 to run task
[2022-07-07 10:09:07,585] {standard_task_runner.py:76} INFO - Running: ['***', 'tasks', 'run', 'data_adjusted', 'download_dataset_task', 'scheduled__2022-07-06T00:00:00+00:00', '--job-id', '81', '--raw', '--subdir', 'DAGS_FOLDER/data_adjusted.py', '--cfg-path', '/tmp/tmpiyqlx9v7', '--error-file', '/tmp/tmp3gwmv8rz']
[2022-07-07 10:09:07,586] {standard_task_runner.py:77} INFO - Job 81: Subtask download_dataset_task
[2022-07-07 10:09:07,653] {logging_mixin.py:109} INFO - Running <TaskInstance: data_adjusted.download_dataset_task scheduled__2022-07-06T00:00:00+00:00 [running]> on host 9e540ab485e1
[2022-07-07 10:09:07,719] {taskinstance.py:1426} INFO - Exporting the following env vars:
AIRFLOW_CTX_DAG_OWNER=***
AIRFLOW_CTX_DAG_ID=data_adjusted
AIRFLOW_CTX_TASK_ID=download_dataset_task
AIRFLOW_CTX_EXECUTION_DATE=2022-07-06T00:00:00+00:00
AIRFLOW_CTX_DAG_RUN_ID=scheduled__2022-07-06T00:00:00+00:00
[2022-07-07 10:09:07,721] {subprocess.py:62} INFO - Tmp dir root location: 
 /tmp
[2022-07-07 10:09:07,721] {subprocess.py:74} INFO - Running command: ['bash', '-c', 'curl -sSL https://s3.amazonaws.com/nyc-tlc/trip+data/yellow_tripdata_2021-01.parquet > /opt/***/yellow_tripdata_2021-01.parquet']
[2022-07-07 10:09:07,732] {subprocess.py:85} INFO - Output:
[2022-07-07 10:09:07,892] {subprocess.py:93} INFO - Command exited with return code 0
[2022-07-07 10:09:07,920] {taskinstance.py:1277} INFO - Marking task as SUCCESS. dag_id=data_adjusted, task_id=download_dataset_task, execution_date=20220706T000000, start_date=20220707T100907, end_date=20220707T100907
[2022-07-07 10:09:07,959] {local_task_job.py:154} INFO - Task exited with return code 0
[2022-07-07 10:09:08,044] {local_task_job.py:264} INFO - 0 downstream tasks scheduled from follow-on schedule check
