[2022-07-01 14:26:15,764] {taskinstance.py:1032} INFO - Dependencies all met for <TaskInstance: data_ingestion_gcs_dag.local_to_gcs_task scheduled__2022-06-30T00:00:00+00:00 [queued]>
[2022-07-01 14:26:15,775] {taskinstance.py:1032} INFO - Dependencies all met for <TaskInstance: data_ingestion_gcs_dag.local_to_gcs_task scheduled__2022-06-30T00:00:00+00:00 [queued]>
[2022-07-01 14:26:15,776] {taskinstance.py:1238} INFO - 
--------------------------------------------------------------------------------
[2022-07-01 14:26:15,776] {taskinstance.py:1239} INFO - Starting attempt 1 of 2
[2022-07-01 14:26:15,776] {taskinstance.py:1240} INFO - 
--------------------------------------------------------------------------------
[2022-07-01 14:26:15,787] {taskinstance.py:1259} INFO - Executing <Task(PythonOperator): local_to_gcs_task> on 2022-06-30 00:00:00+00:00
[2022-07-01 14:26:15,792] {standard_task_runner.py:52} INFO - Started process 234 to run task
[2022-07-01 14:26:15,798] {standard_task_runner.py:76} INFO - Running: ['***', 'tasks', 'run', 'data_ingestion_gcs_dag', 'local_to_gcs_task', 'scheduled__2022-06-30T00:00:00+00:00', '--job-id', '61', '--raw', '--subdir', 'DAGS_FOLDER/data_ingestion_gcs_dag.py', '--cfg-path', '/tmp/tmpxrns9d0b', '--error-file', '/tmp/tmpivyw9sly']
[2022-07-01 14:26:15,799] {standard_task_runner.py:77} INFO - Job 61: Subtask local_to_gcs_task
[2022-07-01 14:26:15,892] {logging_mixin.py:109} INFO - Running <TaskInstance: data_ingestion_gcs_dag.local_to_gcs_task scheduled__2022-06-30T00:00:00+00:00 [running]> on host 444b4cb56d2a
[2022-07-01 14:26:15,993] {taskinstance.py:1426} INFO - Exporting the following env vars:
AIRFLOW_CTX_DAG_OWNER=***
AIRFLOW_CTX_DAG_ID=data_ingestion_gcs_dag
AIRFLOW_CTX_TASK_ID=local_to_gcs_task
AIRFLOW_CTX_EXECUTION_DATE=2022-06-30T00:00:00+00:00
AIRFLOW_CTX_DAG_RUN_ID=scheduled__2022-06-30T00:00:00+00:00
[2022-07-01 14:26:16,248] {python.py:175} INFO - Done. Returned value was: None
[2022-07-01 14:26:16,265] {taskinstance.py:1277} INFO - Marking task as SUCCESS. dag_id=data_ingestion_gcs_dag, task_id=local_to_gcs_task, execution_date=20220630T000000, start_date=20220701T142615, end_date=20220701T142616
[2022-07-01 14:26:16,298] {local_task_job.py:154} INFO - Task exited with return code 0
[2022-07-01 14:26:16,369] {local_task_job.py:264} INFO - 0 downstream tasks scheduled from follow-on schedule check
