[2022-07-07 10:03:56,891] {taskinstance.py:1032} INFO - Dependencies all met for <TaskInstance: data_adjusted.format_to_csv_task scheduled__2022-07-01T00:00:00+00:00 [queued]>
[2022-07-07 10:03:56,901] {taskinstance.py:1032} INFO - Dependencies all met for <TaskInstance: data_adjusted.format_to_csv_task scheduled__2022-07-01T00:00:00+00:00 [queued]>
[2022-07-07 10:03:56,901] {taskinstance.py:1238} INFO - 
--------------------------------------------------------------------------------
[2022-07-07 10:03:56,901] {taskinstance.py:1239} INFO - Starting attempt 1 of 2
[2022-07-07 10:03:56,902] {taskinstance.py:1240} INFO - 
--------------------------------------------------------------------------------
[2022-07-07 10:03:56,912] {taskinstance.py:1259} INFO - Executing <Task(PythonOperator): format_to_csv_task> on 2022-07-01 00:00:00+00:00
[2022-07-07 10:03:56,918] {standard_task_runner.py:52} INFO - Started process 219 to run task
[2022-07-07 10:03:56,923] {standard_task_runner.py:76} INFO - Running: ['***', 'tasks', 'run', 'data_adjusted', 'format_to_csv_task', 'scheduled__2022-07-01T00:00:00+00:00', '--job-id', '73', '--raw', '--subdir', 'DAGS_FOLDER/data_adjusted.py', '--cfg-path', '/tmp/tmpgqjy7dqj', '--error-file', '/tmp/tmpjt4912_m']
[2022-07-07 10:03:56,925] {standard_task_runner.py:77} INFO - Job 73: Subtask format_to_csv_task
[2022-07-07 10:03:56,995] {logging_mixin.py:109} INFO - Running <TaskInstance: data_adjusted.format_to_csv_task scheduled__2022-07-01T00:00:00+00:00 [running]> on host 9e540ab485e1
[2022-07-07 10:03:57,066] {taskinstance.py:1426} INFO - Exporting the following env vars:
AIRFLOW_CTX_DAG_OWNER=***
AIRFLOW_CTX_DAG_ID=data_adjusted
AIRFLOW_CTX_TASK_ID=format_to_csv_task
AIRFLOW_CTX_EXECUTION_DATE=2022-07-01T00:00:00+00:00
AIRFLOW_CTX_DAG_RUN_ID=scheduled__2022-07-01T00:00:00+00:00
[2022-07-07 10:03:57,139] {python.py:175} INFO - Done. Returned value was: None
[2022-07-07 10:03:57,154] {taskinstance.py:1277} INFO - Marking task as SUCCESS. dag_id=data_adjusted, task_id=format_to_csv_task, execution_date=20220701T000000, start_date=20220707T100356, end_date=20220707T100357
[2022-07-07 10:03:57,216] {local_task_job.py:154} INFO - Task exited with return code 0
[2022-07-07 10:03:57,258] {local_task_job.py:264} INFO - 1 downstream tasks scheduled from follow-on schedule check
