[2022-07-01 14:26:13,499] {taskinstance.py:1032} INFO - Dependencies all met for <TaskInstance: data_adjusted.format_to_csv_task scheduled__2022-06-30T00:00:00+00:00 [queued]>
[2022-07-01 14:26:13,514] {taskinstance.py:1032} INFO - Dependencies all met for <TaskInstance: data_adjusted.format_to_csv_task scheduled__2022-06-30T00:00:00+00:00 [queued]>
[2022-07-01 14:26:13,514] {taskinstance.py:1238} INFO - 
--------------------------------------------------------------------------------
[2022-07-01 14:26:13,514] {taskinstance.py:1239} INFO - Starting attempt 1 of 2
[2022-07-01 14:26:13,515] {taskinstance.py:1240} INFO - 
--------------------------------------------------------------------------------
[2022-07-01 14:26:13,533] {taskinstance.py:1259} INFO - Executing <Task(PythonOperator): format_to_csv_task> on 2022-06-30 00:00:00+00:00
[2022-07-01 14:26:13,540] {standard_task_runner.py:52} INFO - Started process 219 to run task
[2022-07-01 14:26:13,550] {standard_task_runner.py:76} INFO - Running: ['***', 'tasks', 'run', 'data_adjusted', 'format_to_csv_task', 'scheduled__2022-06-30T00:00:00+00:00', '--job-id', '59', '--raw', '--subdir', 'DAGS_FOLDER/data_adjusted.py', '--cfg-path', '/tmp/tmpz4mawg2i', '--error-file', '/tmp/tmpfzvxhgk8']
[2022-07-01 14:26:13,551] {standard_task_runner.py:77} INFO - Job 59: Subtask format_to_csv_task
[2022-07-01 14:26:13,627] {logging_mixin.py:109} INFO - Running <TaskInstance: data_adjusted.format_to_csv_task scheduled__2022-06-30T00:00:00+00:00 [running]> on host 444b4cb56d2a
[2022-07-01 14:26:13,710] {taskinstance.py:1426} INFO - Exporting the following env vars:
AIRFLOW_CTX_DAG_OWNER=***
AIRFLOW_CTX_DAG_ID=data_adjusted
AIRFLOW_CTX_TASK_ID=format_to_csv_task
AIRFLOW_CTX_EXECUTION_DATE=2022-06-30T00:00:00+00:00
AIRFLOW_CTX_DAG_RUN_ID=scheduled__2022-06-30T00:00:00+00:00
[2022-07-01 14:26:15,020] {python.py:175} INFO - Done. Returned value was: None
[2022-07-01 14:26:15,047] {taskinstance.py:1277} INFO - Marking task as SUCCESS. dag_id=data_adjusted, task_id=format_to_csv_task, execution_date=20220630T000000, start_date=20220701T142613, end_date=20220701T142615
[2022-07-01 14:26:15,123] {local_task_job.py:154} INFO - Task exited with return code 0
[2022-07-01 14:26:15,166] {local_task_job.py:264} INFO - 1 downstream tasks scheduled from follow-on schedule check
