[2022-06-30 16:20:37,228] {taskinstance.py:1032} INFO - Dependencies all met for <TaskInstance: data_ingestion_gcs_dag.download_dataset_task manual__2022-06-30T16:20:35.257719+00:00 [queued]>
[2022-06-30 16:20:37,240] {taskinstance.py:1032} INFO - Dependencies all met for <TaskInstance: data_ingestion_gcs_dag.download_dataset_task manual__2022-06-30T16:20:35.257719+00:00 [queued]>
[2022-06-30 16:20:37,240] {taskinstance.py:1238} INFO - 
--------------------------------------------------------------------------------
[2022-06-30 16:20:37,240] {taskinstance.py:1239} INFO - Starting attempt 1 of 2
[2022-06-30 16:20:37,240] {taskinstance.py:1240} INFO - 
--------------------------------------------------------------------------------
[2022-06-30 16:20:37,254] {taskinstance.py:1259} INFO - Executing <Task(BashOperator): download_dataset_task> on 2022-06-30 16:20:35.257719+00:00
[2022-06-30 16:20:37,261] {standard_task_runner.py:52} INFO - Started process 537 to run task
[2022-06-30 16:20:37,266] {standard_task_runner.py:76} INFO - Running: ['***', 'tasks', 'run', 'data_ingestion_gcs_dag', 'download_dataset_task', 'manual__2022-06-30T16:20:35.257719+00:00', '--job-id', '8', '--raw', '--subdir', 'DAGS_FOLDER/data_ingestion_gcs_dag.py', '--cfg-path', '/tmp/tmpd7yexiur', '--error-file', '/tmp/tmphhmt5e8e']
[2022-06-30 16:20:37,267] {standard_task_runner.py:77} INFO - Job 8: Subtask download_dataset_task
[2022-06-30 16:20:37,338] {logging_mixin.py:109} INFO - Running <TaskInstance: data_ingestion_gcs_dag.download_dataset_task manual__2022-06-30T16:20:35.257719+00:00 [running]> on host d4c453d82639
[2022-06-30 16:20:37,413] {taskinstance.py:1426} INFO - Exporting the following env vars:
AIRFLOW_CTX_DAG_OWNER=***
AIRFLOW_CTX_DAG_ID=data_ingestion_gcs_dag
AIRFLOW_CTX_TASK_ID=download_dataset_task
AIRFLOW_CTX_EXECUTION_DATE=2022-06-30T16:20:35.257719+00:00
AIRFLOW_CTX_DAG_RUN_ID=manual__2022-06-30T16:20:35.257719+00:00
[2022-06-30 16:20:37,415] {subprocess.py:62} INFO - Tmp dir root location: 
 /tmp
[2022-06-30 16:20:37,416] {subprocess.py:74} INFO - Running command: ['bash', '-c', 'curl -sSL https://s3.amazonaws.com/nyc-tlc/trip+data/yellow_tripdata_2021-01.csv > /opt/***/yellow_tripdata_2021-01.csv']
[2022-06-30 16:20:37,428] {subprocess.py:85} INFO - Output:
[2022-06-30 16:20:37,645] {subprocess.py:93} INFO - Command exited with return code 0
[2022-06-30 16:20:37,677] {taskinstance.py:1277} INFO - Marking task as SUCCESS. dag_id=data_ingestion_gcs_dag, task_id=download_dataset_task, execution_date=20220630T162035, start_date=20220630T162037, end_date=20220630T162037
[2022-06-30 16:20:37,720] {local_task_job.py:154} INFO - Task exited with return code 0
[2022-06-30 16:20:37,754] {dagrun.py:628} WARNING - Failed to get task '<TaskInstance: data_ingestion_gcs_dag.format_to_csv_task manual__2022-06-30T16:20:35.257719+00:00 [None]>' for dag 'data_ingestion_gcs_dag'. Marking it as removed.
[2022-06-30 16:20:37,764] {local_task_job.py:264} INFO - 0 downstream tasks scheduled from follow-on schedule check
