[2022-06-30 18:05:23,976] {taskinstance.py:1032} INFO - Dependencies all met for <TaskInstance: data_ingestion_gcs_dag.download_dataset_task manual__2022-06-30T16:20:35.257719+00:00 [queued]>
[2022-06-30 18:05:23,988] {taskinstance.py:1032} INFO - Dependencies all met for <TaskInstance: data_ingestion_gcs_dag.download_dataset_task manual__2022-06-30T16:20:35.257719+00:00 [queued]>
[2022-06-30 18:05:23,989] {taskinstance.py:1238} INFO - 
--------------------------------------------------------------------------------
[2022-06-30 18:05:23,989] {taskinstance.py:1239} INFO - Starting attempt 2 of 3
[2022-06-30 18:05:23,989] {taskinstance.py:1240} INFO - 
--------------------------------------------------------------------------------
[2022-06-30 18:05:24,001] {taskinstance.py:1259} INFO - Executing <Task(BashOperator): download_dataset_task> on 2022-06-30 16:20:35.257719+00:00
[2022-06-30 18:05:24,007] {standard_task_runner.py:52} INFO - Started process 9225 to run task
[2022-06-30 18:05:24,014] {standard_task_runner.py:76} INFO - Running: ['***', 'tasks', 'run', 'data_ingestion_gcs_dag', 'download_dataset_task', 'manual__2022-06-30T16:20:35.257719+00:00', '--job-id', '50', '--raw', '--subdir', 'DAGS_FOLDER/data_ingestion_gcs_dag.py', '--cfg-path', '/tmp/tmplcjcn_oo', '--error-file', '/tmp/tmp_9r74ixv']
[2022-06-30 18:05:24,015] {standard_task_runner.py:77} INFO - Job 50: Subtask download_dataset_task
[2022-06-30 18:05:24,099] {logging_mixin.py:109} INFO - Running <TaskInstance: data_ingestion_gcs_dag.download_dataset_task manual__2022-06-30T16:20:35.257719+00:00 [running]> on host d4c453d82639
[2022-06-30 18:05:24,177] {taskinstance.py:1426} INFO - Exporting the following env vars:
AIRFLOW_CTX_DAG_OWNER=***
AIRFLOW_CTX_DAG_ID=data_ingestion_gcs_dag
AIRFLOW_CTX_TASK_ID=download_dataset_task
AIRFLOW_CTX_EXECUTION_DATE=2022-06-30T16:20:35.257719+00:00
AIRFLOW_CTX_DAG_RUN_ID=manual__2022-06-30T16:20:35.257719+00:00
[2022-06-30 18:05:24,178] {subprocess.py:62} INFO - Tmp dir root location: 
 /tmp
[2022-06-30 18:05:24,180] {subprocess.py:74} INFO - Running command: ['bash', '-c', 'curl -sSL https://s3.amazonaws.com/nyc-tlc/trip+data/yellow_tripdata_2021-01.csv > /opt/***/yellow_tripdata_2021-01.csv']
[2022-06-30 18:05:24,193] {subprocess.py:85} INFO - Output:
[2022-06-30 18:05:24,366] {subprocess.py:93} INFO - Command exited with return code 0
[2022-06-30 18:05:24,401] {taskinstance.py:1277} INFO - Marking task as SUCCESS. dag_id=data_ingestion_gcs_dag, task_id=download_dataset_task, execution_date=20220630T162035, start_date=20220630T180523, end_date=20220630T180524
[2022-06-30 18:05:24,427] {local_task_job.py:154} INFO - Task exited with return code 0
[2022-06-30 18:05:24,462] {dagrun.py:628} WARNING - Failed to get task '<TaskInstance: data_ingestion_gcs_dag.format_to_csv_task manual__2022-06-30T16:20:35.257719+00:00 [removed]>' for dag 'data_ingestion_gcs_dag'. Marking it as removed.
[2022-06-30 18:05:24,474] {local_task_job.py:264} INFO - 1 downstream tasks scheduled from follow-on schedule check
