[2022-07-07 13:02:57,723] {taskinstance.py:1032} INFO - Dependencies all met for <TaskInstance: data_ingest_csv.local_to_gcs_task manual__2022-07-07T13:02:41.631455+00:00 [queued]>
[2022-07-07 13:02:57,734] {taskinstance.py:1032} INFO - Dependencies all met for <TaskInstance: data_ingest_csv.local_to_gcs_task manual__2022-07-07T13:02:41.631455+00:00 [queued]>
[2022-07-07 13:02:57,735] {taskinstance.py:1238} INFO - 
--------------------------------------------------------------------------------
[2022-07-07 13:02:57,735] {taskinstance.py:1239} INFO - Starting attempt 1 of 2
[2022-07-07 13:02:57,735] {taskinstance.py:1240} INFO - 
--------------------------------------------------------------------------------
[2022-07-07 13:02:57,747] {taskinstance.py:1259} INFO - Executing <Task(PythonOperator): local_to_gcs_task> on 2022-07-07 13:02:41.631455+00:00
[2022-07-07 13:02:57,753] {standard_task_runner.py:52} INFO - Started process 1062 to run task
[2022-07-07 13:02:57,759] {standard_task_runner.py:76} INFO - Running: ['***', 'tasks', 'run', 'data_ingest_csv', 'local_to_gcs_task', 'manual__2022-07-07T13:02:41.631455+00:00', '--job-id', '106', '--raw', '--subdir', 'DAGS_FOLDER/data_ingest_with_csv.py', '--cfg-path', '/tmp/tmp5g0omddb', '--error-file', '/tmp/tmpcws5nhlp']
[2022-07-07 13:02:57,760] {standard_task_runner.py:77} INFO - Job 106: Subtask local_to_gcs_task
[2022-07-07 13:02:57,833] {logging_mixin.py:109} INFO - Running <TaskInstance: data_ingest_csv.local_to_gcs_task manual__2022-07-07T13:02:41.631455+00:00 [running]> on host 2a74a570b95b
[2022-07-07 13:02:57,906] {taskinstance.py:1426} INFO - Exporting the following env vars:
AIRFLOW_CTX_DAG_OWNER=***
AIRFLOW_CTX_DAG_ID=data_ingest_csv
AIRFLOW_CTX_TASK_ID=local_to_gcs_task
AIRFLOW_CTX_EXECUTION_DATE=2022-07-07T13:02:41.631455+00:00
AIRFLOW_CTX_DAG_RUN_ID=manual__2022-07-07T13:02:41.631455+00:00
[2022-07-07 13:02:58,675] {python.py:175} INFO - Done. Returned value was: None
[2022-07-07 13:02:58,687] {taskinstance.py:1277} INFO - Marking task as SUCCESS. dag_id=data_ingest_csv, task_id=local_to_gcs_task, execution_date=20220707T130241, start_date=20220707T130257, end_date=20220707T130258
[2022-07-07 13:02:58,735] {local_task_job.py:154} INFO - Task exited with return code 0
[2022-07-07 13:02:58,777] {local_task_job.py:264} INFO - 1 downstream tasks scheduled from follow-on schedule check
