[2022-07-08 08:17:20,315] {taskinstance.py:1032} INFO - Dependencies all met for <TaskInstance: LocalIngestionDag.wget scheduled__2021-02-02T06:00:00+00:00 [queued]>
[2022-07-08 08:17:20,328] {taskinstance.py:1032} INFO - Dependencies all met for <TaskInstance: LocalIngestionDag.wget scheduled__2021-02-02T06:00:00+00:00 [queued]>
[2022-07-08 08:17:20,328] {taskinstance.py:1238} INFO - 
--------------------------------------------------------------------------------
[2022-07-08 08:17:20,328] {taskinstance.py:1239} INFO - Starting attempt 2 of 2
[2022-07-08 08:17:20,328] {taskinstance.py:1240} INFO - 
--------------------------------------------------------------------------------
[2022-07-08 08:17:20,344] {taskinstance.py:1259} INFO - Executing <Task(BashOperator): wget> on 2021-02-02 06:00:00+00:00
[2022-07-08 08:17:20,351] {standard_task_runner.py:52} INFO - Started process 652 to run task
[2022-07-08 08:17:20,358] {standard_task_runner.py:76} INFO - Running: ['***', 'tasks', 'run', 'LocalIngestionDag', 'wget', 'scheduled__2021-02-02T06:00:00+00:00', '--job-id', '255', '--raw', '--subdir', 'DAGS_FOLDER/data_ingestion_local.py', '--cfg-path', '/tmp/tmpp9g11zv6', '--error-file', '/tmp/tmp7p44qdbp']
[2022-07-08 08:17:20,359] {standard_task_runner.py:77} INFO - Job 255: Subtask wget
[2022-07-08 08:17:20,438] {logging_mixin.py:109} INFO - Running <TaskInstance: LocalIngestionDag.wget scheduled__2021-02-02T06:00:00+00:00 [running]> on host fd169e7a7949
[2022-07-08 08:17:20,488] {warnings.py:110} WARNING - /home/***/.local/lib/python3.7/site-packages/***/utils/context.py:152: AirflowContextDeprecationWarning: Accessing 'execution_date' from the template is deprecated and will be removed in a future version. Please use 'data_interval_start' or 'logical_date' instead.
  warnings.warn(_create_deprecation_warning(key, self._deprecation_replacements[key]))

[2022-07-08 08:17:20,512] {taskinstance.py:1426} INFO - Exporting the following env vars:
AIRFLOW_CTX_DAG_OWNER=***
AIRFLOW_CTX_DAG_ID=LocalIngestionDag
AIRFLOW_CTX_TASK_ID=wget
AIRFLOW_CTX_EXECUTION_DATE=2021-02-02T06:00:00+00:00
AIRFLOW_CTX_DAG_RUN_ID=scheduled__2021-02-02T06:00:00+00:00
[2022-07-08 08:17:20,513] {subprocess.py:62} INFO - Tmp dir root location: 
 /tmp
[2022-07-08 08:17:20,514] {subprocess.py:74} INFO - Running command: ['bash', '-c', 'curl -sSL https://d37ci6vzurychx.cloudfront.net/trip-data/yellow_tripdata_2021-02.parquet > /opt/***/output_2021-02.parquet']
[2022-07-08 08:17:20,528] {subprocess.py:85} INFO - Output:
[2022-07-08 08:17:20,809] {subprocess.py:93} INFO - Command exited with return code 0
[2022-07-08 08:17:20,842] {taskinstance.py:1277} INFO - Marking task as SUCCESS. dag_id=LocalIngestionDag, task_id=wget, execution_date=20210202T060000, start_date=20220708T081720, end_date=20220708T081720
[2022-07-08 08:17:20,895] {local_task_job.py:154} INFO - Task exited with return code 0
[2022-07-08 08:17:20,957] {local_task_job.py:264} INFO - 1 downstream tasks scheduled from follow-on schedule check
