[2022-07-07 17:37:33,656] {taskinstance.py:1032} INFO - Dependencies all met for <TaskInstance: LocalIngestionDag.ingest scheduled__2021-03-02T06:00:00+00:00 [queued]>
[2022-07-07 17:37:33,668] {taskinstance.py:1032} INFO - Dependencies all met for <TaskInstance: LocalIngestionDag.ingest scheduled__2021-03-02T06:00:00+00:00 [queued]>
[2022-07-07 17:37:33,668] {taskinstance.py:1238} INFO - 
--------------------------------------------------------------------------------
[2022-07-07 17:37:33,668] {taskinstance.py:1239} INFO - Starting attempt 4 of 4
[2022-07-07 17:37:33,669] {taskinstance.py:1240} INFO - 
--------------------------------------------------------------------------------
[2022-07-07 17:37:33,682] {taskinstance.py:1259} INFO - Executing <Task(PythonOperator): ingest> on 2021-03-02 06:00:00+00:00
[2022-07-07 17:37:33,688] {standard_task_runner.py:52} INFO - Started process 415 to run task
[2022-07-07 17:37:33,695] {standard_task_runner.py:76} INFO - Running: ['***', 'tasks', 'run', 'LocalIngestionDag', 'ingest', 'scheduled__2021-03-02T06:00:00+00:00', '--job-id', '183', '--raw', '--subdir', 'DAGS_FOLDER/data_ingestion_local.py', '--cfg-path', '/tmp/tmp54u02b0a', '--error-file', '/tmp/tmp_04kjo5x']
[2022-07-07 17:37:33,696] {standard_task_runner.py:77} INFO - Job 183: Subtask ingest
[2022-07-07 17:37:33,767] {logging_mixin.py:109} INFO - Running <TaskInstance: LocalIngestionDag.ingest scheduled__2021-03-02T06:00:00+00:00 [running]> on host d7995de6702f
[2022-07-07 17:37:33,829] {taskinstance.py:1426} INFO - Exporting the following env vars:
AIRFLOW_CTX_DAG_OWNER=***
AIRFLOW_CTX_DAG_ID=LocalIngestionDag
AIRFLOW_CTX_TASK_ID=ingest
AIRFLOW_CTX_EXECUTION_DATE=2021-03-02T06:00:00+00:00
AIRFLOW_CTX_DAG_RUN_ID=scheduled__2021-03-02T06:00:00+00:00
[2022-07-07 17:37:33,841] {logging_mixin.py:109} INFO - <sqlalchemy.engine.base.Connection object at 0x7fc494b0a2d0>
[2022-07-07 17:37:33,841] {python.py:175} INFO - Done. Returned value was: None
[2022-07-07 17:37:33,854] {taskinstance.py:1277} INFO - Marking task as SUCCESS. dag_id=LocalIngestionDag, task_id=ingest, execution_date=20210302T060000, start_date=20220707T173733, end_date=20220707T173733
[2022-07-07 17:37:33,908] {local_task_job.py:154} INFO - Task exited with return code 0
[2022-07-07 17:37:33,965] {local_task_job.py:264} INFO - 0 downstream tasks scheduled from follow-on schedule check
