[2022-07-07 17:09:21,420] {taskinstance.py:1032} INFO - Dependencies all met for <TaskInstance: LocalIngestionDag.ingest scheduled__2021-02-02T06:00:00+00:00 [queued]>
[2022-07-07 17:09:21,448] {taskinstance.py:1032} INFO - Dependencies all met for <TaskInstance: LocalIngestionDag.ingest scheduled__2021-02-02T06:00:00+00:00 [queued]>
[2022-07-07 17:09:21,449] {taskinstance.py:1238} INFO - 
--------------------------------------------------------------------------------
[2022-07-07 17:09:21,449] {taskinstance.py:1239} INFO - Starting attempt 2 of 2
[2022-07-07 17:09:21,449] {taskinstance.py:1240} INFO - 
--------------------------------------------------------------------------------
[2022-07-07 17:09:21,463] {taskinstance.py:1259} INFO - Executing <Task(PythonOperator): ingest> on 2021-02-02 06:00:00+00:00
[2022-07-07 17:09:21,471] {standard_task_runner.py:52} INFO - Started process 5503 to run task
[2022-07-07 17:09:21,478] {standard_task_runner.py:76} INFO - Running: ['***', 'tasks', 'run', 'LocalIngestionDag', 'ingest', 'scheduled__2021-02-02T06:00:00+00:00', '--job-id', '177', '--raw', '--subdir', 'DAGS_FOLDER/data_ingestion_local.py', '--cfg-path', '/tmp/tmpg_j8sljl', '--error-file', '/tmp/tmpq6tos919']
[2022-07-07 17:09:21,479] {standard_task_runner.py:77} INFO - Job 177: Subtask ingest
[2022-07-07 17:09:21,563] {logging_mixin.py:109} INFO - Running <TaskInstance: LocalIngestionDag.ingest scheduled__2021-02-02T06:00:00+00:00 [running]> on host d7995de6702f
[2022-07-07 17:09:21,612] {warnings.py:110} WARNING - /home/***/.local/lib/python3.7/site-packages/***/utils/context.py:152: AirflowContextDeprecationWarning: Accessing 'execution_date' from the template is deprecated and will be removed in a future version. Please use 'data_interval_start' or 'logical_date' instead.
  warnings.warn(_create_deprecation_warning(key, self._deprecation_replacements[key]))

[2022-07-07 17:09:21,638] {taskinstance.py:1426} INFO - Exporting the following env vars:
AIRFLOW_CTX_DAG_OWNER=***
AIRFLOW_CTX_DAG_ID=LocalIngestionDag
AIRFLOW_CTX_TASK_ID=ingest
AIRFLOW_CTX_EXECUTION_DATE=2021-02-02T06:00:00+00:00
AIRFLOW_CTX_DAG_RUN_ID=scheduled__2021-02-02T06:00:00+00:00
[2022-07-07 17:09:21,639] {logging_mixin.py:109} INFO - yellow_taxi_2021_02 /opt/***/output_2021-02.csv 2021-02-02T06:00:00+00:00 root" pgdatabase"
[2022-07-07 17:09:21,639] {python.py:175} INFO - Done. Returned value was: None
[2022-07-07 17:09:21,655] {taskinstance.py:1277} INFO - Marking task as SUCCESS. dag_id=LocalIngestionDag, task_id=ingest, execution_date=20210202T060000, start_date=20220707T170921, end_date=20220707T170921
[2022-07-07 17:09:21,694] {local_task_job.py:154} INFO - Task exited with return code 0
[2022-07-07 17:09:21,733] {local_task_job.py:264} INFO - 0 downstream tasks scheduled from follow-on schedule check
