[2022-07-08 08:19:14,384] {taskinstance.py:1032} INFO - Dependencies all met for <TaskInstance: LocalIngestionDag.ingest scheduled__2021-02-02T06:00:00+00:00 [queued]>
[2022-07-08 08:19:14,408] {taskinstance.py:1032} INFO - Dependencies all met for <TaskInstance: LocalIngestionDag.ingest scheduled__2021-02-02T06:00:00+00:00 [queued]>
[2022-07-08 08:19:14,409] {taskinstance.py:1238} INFO - 
--------------------------------------------------------------------------------
[2022-07-08 08:19:14,409] {taskinstance.py:1239} INFO - Starting attempt 5 of 5
[2022-07-08 08:19:14,409] {taskinstance.py:1240} INFO - 
--------------------------------------------------------------------------------
[2022-07-08 08:19:14,426] {taskinstance.py:1259} INFO - Executing <Task(PythonOperator): ingest> on 2021-02-02 06:00:00+00:00
[2022-07-08 08:19:14,436] {standard_task_runner.py:52} INFO - Started process 752 to run task
[2022-07-08 08:19:14,446] {standard_task_runner.py:76} INFO - Running: ['***', 'tasks', 'run', 'LocalIngestionDag', 'ingest', 'scheduled__2021-02-02T06:00:00+00:00', '--job-id', '258', '--raw', '--subdir', 'DAGS_FOLDER/data_ingestion_local.py', '--cfg-path', '/tmp/tmpxzs5i29q', '--error-file', '/tmp/tmpz1_6ybpx']
[2022-07-08 08:19:14,448] {standard_task_runner.py:77} INFO - Job 258: Subtask ingest
[2022-07-08 08:19:14,540] {logging_mixin.py:109} INFO - Running <TaskInstance: LocalIngestionDag.ingest scheduled__2021-02-02T06:00:00+00:00 [running]> on host fd169e7a7949
[2022-07-08 08:19:14,598] {warnings.py:110} WARNING - /home/***/.local/lib/python3.7/site-packages/***/utils/context.py:152: AirflowContextDeprecationWarning: Accessing 'execution_date' from the template is deprecated and will be removed in a future version. Please use 'data_interval_start' or 'logical_date' instead.
  warnings.warn(_create_deprecation_warning(key, self._deprecation_replacements[key]))

[2022-07-08 08:19:14,624] {taskinstance.py:1426} INFO - Exporting the following env vars:
AIRFLOW_CTX_DAG_OWNER=***
AIRFLOW_CTX_DAG_ID=LocalIngestionDag
AIRFLOW_CTX_TASK_ID=ingest
AIRFLOW_CTX_EXECUTION_DATE=2021-02-02T06:00:00+00:00
AIRFLOW_CTX_DAG_RUN_ID=scheduled__2021-02-02T06:00:00+00:00
[2022-07-08 08:19:14,626] {logging_mixin.py:109} INFO - yellow_taxi_2021_02 output_2021-02.csv 2021-02-02T06:00:00+00:00 root root pgdatabase 5432 ny_taxi
[2022-07-08 08:19:14,639] {logging_mixin.py:109} INFO - <sqlalchemy.engine.base.Connection object at 0x7f257bf15110>
[2022-07-08 08:19:14,640] {logging_mixin.py:109} INFO - connection established successfully, inserting data...
[2022-07-08 08:19:45,312] {logging_mixin.py:109} INFO - inserted the first chunk, took 30.672 second
[2022-07-08 08:20:14,913] {logging_mixin.py:109} INFO - inserted another chunk, took 29.600 second
[2022-07-08 08:20:43,894] {logging_mixin.py:109} INFO - inserted another chunk, took 28.981 second
[2022-07-08 08:21:12,105] {logging_mixin.py:109} INFO - inserted another chunk, took 28.210 second
[2022-07-08 08:21:40,895] {logging_mixin.py:109} INFO - inserted another chunk, took 28.790 second
[2022-07-08 08:22:10,077] {logging_mixin.py:109} INFO - inserted another chunk, took 29.181 second
[2022-07-08 08:22:39,359] {logging_mixin.py:109} INFO - inserted another chunk, took 29.282 second
[2022-07-08 08:23:09,211] {logging_mixin.py:109} INFO - inserted another chunk, took 29.852 second
[2022-07-08 08:23:39,058] {logging_mixin.py:109} INFO - inserted another chunk, took 29.846 second
[2022-07-08 08:24:07,947] {logging_mixin.py:109} INFO - inserted another chunk, took 28.889 second
[2022-07-08 08:24:37,182] {logging_mixin.py:109} INFO - inserted another chunk, took 29.235 second
[2022-07-08 08:25:06,783] {logging_mixin.py:109} INFO - inserted another chunk, took 29.600 second
[2022-07-08 08:25:07,087] {warnings.py:110} WARNING - /home/***/.local/lib/python3.7/site-packages/***/operators/python.py:174: DtypeWarning: Columns (6) have mixed types.Specify dtype option on import or set low_memory=False.
  return_value = self.execute_callable()

[2022-07-08 08:25:36,329] {logging_mixin.py:109} INFO - inserted another chunk, took 29.546 second
[2022-07-08 08:25:56,838] {logging_mixin.py:109} INFO - inserted another chunk, took 20.508 second
[2022-07-08 08:25:56,839] {logging_mixin.py:109} INFO - completed
[2022-07-08 08:25:56,839] {python.py:175} INFO - Done. Returned value was: None
[2022-07-08 08:25:56,854] {taskinstance.py:1277} INFO - Marking task as SUCCESS. dag_id=LocalIngestionDag, task_id=ingest, execution_date=20210202T060000, start_date=20220708T081914, end_date=20220708T082556
[2022-07-08 08:25:56,910] {local_task_job.py:154} INFO - Task exited with return code 0
[2022-07-08 08:25:56,950] {local_task_job.py:264} INFO - 0 downstream tasks scheduled from follow-on schedule check
