[2022-07-07 13:02:55,019] {taskinstance.py:1032} INFO - Dependencies all met for <TaskInstance: data_ingest_csv.format_to_csv_task manual__2022-07-07T13:02:41.631455+00:00 [queued]>
[2022-07-07 13:02:55,037] {taskinstance.py:1032} INFO - Dependencies all met for <TaskInstance: data_ingest_csv.format_to_csv_task manual__2022-07-07T13:02:41.631455+00:00 [queued]>
[2022-07-07 13:02:55,037] {taskinstance.py:1238} INFO - 
--------------------------------------------------------------------------------
[2022-07-07 13:02:55,037] {taskinstance.py:1239} INFO - Starting attempt 1 of 2
[2022-07-07 13:02:55,037] {taskinstance.py:1240} INFO - 
--------------------------------------------------------------------------------
[2022-07-07 13:02:55,057] {taskinstance.py:1259} INFO - Executing <Task(PythonOperator): format_to_csv_task> on 2022-07-07 13:02:41.631455+00:00
[2022-07-07 13:02:55,065] {standard_task_runner.py:52} INFO - Started process 1044 to run task
[2022-07-07 13:02:55,071] {standard_task_runner.py:76} INFO - Running: ['***', 'tasks', 'run', 'data_ingest_csv', 'format_to_csv_task', 'manual__2022-07-07T13:02:41.631455+00:00', '--job-id', '105', '--raw', '--subdir', 'DAGS_FOLDER/data_ingest_with_csv.py', '--cfg-path', '/tmp/tmpl4t7ni57', '--error-file', '/tmp/tmpc8iv95q0']
[2022-07-07 13:02:55,073] {standard_task_runner.py:77} INFO - Job 105: Subtask format_to_csv_task
[2022-07-07 13:02:55,149] {logging_mixin.py:109} INFO - Running <TaskInstance: data_ingest_csv.format_to_csv_task manual__2022-07-07T13:02:41.631455+00:00 [running]> on host 2a74a570b95b
[2022-07-07 13:02:55,211] {taskinstance.py:1426} INFO - Exporting the following env vars:
AIRFLOW_CTX_DAG_OWNER=***
AIRFLOW_CTX_DAG_ID=data_ingest_csv
AIRFLOW_CTX_TASK_ID=format_to_csv_task
AIRFLOW_CTX_EXECUTION_DATE=2022-07-07T13:02:41.631455+00:00
AIRFLOW_CTX_DAG_RUN_ID=manual__2022-07-07T13:02:41.631455+00:00
[2022-07-07 13:02:56,320] {python.py:175} INFO - Done. Returned value was: None
[2022-07-07 13:02:56,343] {taskinstance.py:1277} INFO - Marking task as SUCCESS. dag_id=data_ingest_csv, task_id=format_to_csv_task, execution_date=20220707T130241, start_date=20220707T130255, end_date=20220707T130256
[2022-07-07 13:02:56,437] {local_task_job.py:154} INFO - Task exited with return code 0
[2022-07-07 13:02:56,496] {local_task_job.py:264} INFO - 1 downstream tasks scheduled from follow-on schedule check
