[2022-07-07 13:02:52,455] {taskinstance.py:1032} INFO - Dependencies all met for <TaskInstance: data_ingest_csv.download_dataset_task manual__2022-07-07T13:02:41.631455+00:00 [queued]>
[2022-07-07 13:02:52,475] {taskinstance.py:1032} INFO - Dependencies all met for <TaskInstance: data_ingest_csv.download_dataset_task manual__2022-07-07T13:02:41.631455+00:00 [queued]>
[2022-07-07 13:02:52,475] {taskinstance.py:1238} INFO - 
--------------------------------------------------------------------------------
[2022-07-07 13:02:52,475] {taskinstance.py:1239} INFO - Starting attempt 1 of 2
[2022-07-07 13:02:52,476] {taskinstance.py:1240} INFO - 
--------------------------------------------------------------------------------
[2022-07-07 13:02:52,488] {taskinstance.py:1259} INFO - Executing <Task(BashOperator): download_dataset_task> on 2022-07-07 13:02:41.631455+00:00
[2022-07-07 13:02:52,495] {standard_task_runner.py:52} INFO - Started process 1038 to run task
[2022-07-07 13:02:52,502] {standard_task_runner.py:76} INFO - Running: ['***', 'tasks', 'run', 'data_ingest_csv', 'download_dataset_task', 'manual__2022-07-07T13:02:41.631455+00:00', '--job-id', '104', '--raw', '--subdir', 'DAGS_FOLDER/data_ingest_with_csv.py', '--cfg-path', '/tmp/tmptj1a69ae', '--error-file', '/tmp/tmpvrbnbmvk']
[2022-07-07 13:02:52,503] {standard_task_runner.py:77} INFO - Job 104: Subtask download_dataset_task
[2022-07-07 13:02:52,577] {logging_mixin.py:109} INFO - Running <TaskInstance: data_ingest_csv.download_dataset_task manual__2022-07-07T13:02:41.631455+00:00 [running]> on host 2a74a570b95b
[2022-07-07 13:02:52,643] {taskinstance.py:1426} INFO - Exporting the following env vars:
AIRFLOW_CTX_DAG_OWNER=***
AIRFLOW_CTX_DAG_ID=data_ingest_csv
AIRFLOW_CTX_TASK_ID=download_dataset_task
AIRFLOW_CTX_EXECUTION_DATE=2022-07-07T13:02:41.631455+00:00
AIRFLOW_CTX_DAG_RUN_ID=manual__2022-07-07T13:02:41.631455+00:00
[2022-07-07 13:02:52,645] {subprocess.py:62} INFO - Tmp dir root location: 
 /tmp
[2022-07-07 13:02:52,646] {subprocess.py:74} INFO - Running command: ['bash', '-c', 'curl -sSL https://d37ci6vzurychx.cloudfront.net/trip-data/yellow_tripdata_2021-02.parquet > /opt/***/yellow_tripdata_2021-02.parquet']
[2022-07-07 13:02:52,659] {subprocess.py:85} INFO - Output:
[2022-07-07 13:02:52,863] {subprocess.py:93} INFO - Command exited with return code 0
[2022-07-07 13:02:52,913] {taskinstance.py:1277} INFO - Marking task as SUCCESS. dag_id=data_ingest_csv, task_id=download_dataset_task, execution_date=20220707T130241, start_date=20220707T130252, end_date=20220707T130252
[2022-07-07 13:02:52,956] {local_task_job.py:154} INFO - Task exited with return code 0
[2022-07-07 13:02:52,997] {local_task_job.py:264} INFO - 1 downstream tasks scheduled from follow-on schedule check
