[2022-07-01 14:26:10,684] {taskinstance.py:1032} INFO - Dependencies all met for <TaskInstance: data_adjusted.download_dataset_task scheduled__2022-06-30T00:00:00+00:00 [queued]>
[2022-07-01 14:26:10,731] {taskinstance.py:1032} INFO - Dependencies all met for <TaskInstance: data_adjusted.download_dataset_task scheduled__2022-06-30T00:00:00+00:00 [queued]>
[2022-07-01 14:26:10,731] {taskinstance.py:1238} INFO - 
--------------------------------------------------------------------------------
[2022-07-01 14:26:10,731] {taskinstance.py:1239} INFO - Starting attempt 1 of 2
[2022-07-01 14:26:10,732] {taskinstance.py:1240} INFO - 
--------------------------------------------------------------------------------
[2022-07-01 14:26:10,769] {taskinstance.py:1259} INFO - Executing <Task(BashOperator): download_dataset_task> on 2022-06-30 00:00:00+00:00
[2022-07-01 14:26:10,782] {standard_task_runner.py:52} INFO - Started process 198 to run task
[2022-07-01 14:26:10,800] {standard_task_runner.py:76} INFO - Running: ['***', 'tasks', 'run', 'data_adjusted', 'download_dataset_task', 'scheduled__2022-06-30T00:00:00+00:00', '--job-id', '57', '--raw', '--subdir', 'DAGS_FOLDER/data_adjusted.py', '--cfg-path', '/tmp/tmpyinu9nf4', '--error-file', '/tmp/tmpg5hb1f47']
[2022-07-01 14:26:10,805] {standard_task_runner.py:77} INFO - Job 57: Subtask download_dataset_task
[2022-07-01 14:26:10,964] {logging_mixin.py:109} INFO - Running <TaskInstance: data_adjusted.download_dataset_task scheduled__2022-06-30T00:00:00+00:00 [running]> on host 444b4cb56d2a
[2022-07-01 14:26:11,099] {taskinstance.py:1426} INFO - Exporting the following env vars:
AIRFLOW_CTX_DAG_OWNER=***
AIRFLOW_CTX_DAG_ID=data_adjusted
AIRFLOW_CTX_TASK_ID=download_dataset_task
AIRFLOW_CTX_EXECUTION_DATE=2022-06-30T00:00:00+00:00
AIRFLOW_CTX_DAG_RUN_ID=scheduled__2022-06-30T00:00:00+00:00
[2022-07-01 14:26:11,103] {subprocess.py:62} INFO - Tmp dir root location: 
 /tmp
[2022-07-01 14:26:11,104] {subprocess.py:74} INFO - Running command: ['bash', '-c', 'curl -sSL https://s3.amazonaws.com/nyc-tlc/trip+data/yellow_tripdata_2021-01.parquet > /opt/***/yellow_tripdata_2021-01.parquet']
[2022-07-01 14:26:11,145] {subprocess.py:85} INFO - Output:
[2022-07-01 14:26:11,889] {subprocess.py:93} INFO - Command exited with return code 0
[2022-07-01 14:26:11,926] {taskinstance.py:1277} INFO - Marking task as SUCCESS. dag_id=data_adjusted, task_id=download_dataset_task, execution_date=20220630T000000, start_date=20220701T142610, end_date=20220701T142611
[2022-07-01 14:26:11,979] {local_task_job.py:154} INFO - Task exited with return code 0
[2022-07-01 14:26:12,036] {local_task_job.py:264} INFO - 1 downstream tasks scheduled from follow-on schedule check
