[2022-07-07 10:14:10,713] {taskinstance.py:1032} INFO - Dependencies all met for <TaskInstance: data_adjusted.format_to_csv_task scheduled__2022-07-06T00:00:00+00:00 [queued]>
[2022-07-07 10:14:10,724] {taskinstance.py:1032} INFO - Dependencies all met for <TaskInstance: data_adjusted.format_to_csv_task scheduled__2022-07-06T00:00:00+00:00 [queued]>
[2022-07-07 10:14:10,724] {taskinstance.py:1238} INFO - 
--------------------------------------------------------------------------------
[2022-07-07 10:14:10,724] {taskinstance.py:1239} INFO - Starting attempt 2 of 2
[2022-07-07 10:14:10,724] {taskinstance.py:1240} INFO - 
--------------------------------------------------------------------------------
[2022-07-07 10:14:10,736] {taskinstance.py:1259} INFO - Executing <Task(PythonOperator): format_to_csv_task> on 2022-07-06 00:00:00+00:00
[2022-07-07 10:14:10,741] {standard_task_runner.py:52} INFO - Started process 1109 to run task
[2022-07-07 10:14:10,746] {standard_task_runner.py:76} INFO - Running: ['***', 'tasks', 'run', 'data_adjusted', 'format_to_csv_task', 'scheduled__2022-07-06T00:00:00+00:00', '--job-id', '86', '--raw', '--subdir', 'DAGS_FOLDER/data_adjusted.py', '--cfg-path', '/tmp/tmpecupp32j', '--error-file', '/tmp/tmpxf3zn4hn']
[2022-07-07 10:14:10,748] {standard_task_runner.py:77} INFO - Job 86: Subtask format_to_csv_task
[2022-07-07 10:14:10,806] {logging_mixin.py:109} INFO - Running <TaskInstance: data_adjusted.format_to_csv_task scheduled__2022-07-06T00:00:00+00:00 [running]> on host 9e540ab485e1
[2022-07-07 10:14:10,867] {taskinstance.py:1426} INFO - Exporting the following env vars:
AIRFLOW_CTX_DAG_OWNER=***
AIRFLOW_CTX_DAG_ID=data_adjusted
AIRFLOW_CTX_TASK_ID=format_to_csv_task
AIRFLOW_CTX_EXECUTION_DATE=2022-07-06T00:00:00+00:00
AIRFLOW_CTX_DAG_RUN_ID=scheduled__2022-07-06T00:00:00+00:00
[2022-07-07 10:14:10,886] {python.py:175} INFO - Done. Returned value was: None
[2022-07-07 10:14:10,923] {taskinstance.py:1277} INFO - Marking task as SUCCESS. dag_id=data_adjusted, task_id=format_to_csv_task, execution_date=20220706T000000, start_date=20220707T101410, end_date=20220707T101410
[2022-07-07 10:14:10,962] {local_task_job.py:154} INFO - Task exited with return code 0
[2022-07-07 10:14:11,006] {local_task_job.py:264} INFO - 1 downstream tasks scheduled from follow-on schedule check
