[2022-06-30 17:45:44,784] {taskinstance.py:1032} INFO - Dependencies all met for <TaskInstance: data_adjusted.download_dataset_task manual__2022-06-30T17:38:11.416010+00:00 [queued]>
[2022-06-30 17:45:44,796] {taskinstance.py:1032} INFO - Dependencies all met for <TaskInstance: data_adjusted.download_dataset_task manual__2022-06-30T17:38:11.416010+00:00 [queued]>
[2022-06-30 17:45:44,796] {taskinstance.py:1238} INFO - 
--------------------------------------------------------------------------------
[2022-06-30 17:45:44,796] {taskinstance.py:1239} INFO - Starting attempt 1 of 2
[2022-06-30 17:45:44,796] {taskinstance.py:1240} INFO - 
--------------------------------------------------------------------------------
[2022-06-30 17:45:44,810] {taskinstance.py:1259} INFO - Executing <Task(BashOperator): download_dataset_task> on 2022-06-30 17:38:11.416010+00:00
[2022-06-30 17:45:44,816] {standard_task_runner.py:52} INFO - Started process 7598 to run task
[2022-06-30 17:45:44,822] {standard_task_runner.py:76} INFO - Running: ['***', 'tasks', 'run', 'data_adjusted', 'download_dataset_task', 'manual__2022-06-30T17:38:11.416010+00:00', '--job-id', '41', '--raw', '--subdir', 'DAGS_FOLDER/data_adjusted.py', '--cfg-path', '/tmp/tmpe0c52swx', '--error-file', '/tmp/tmpsgtsb4bn']
[2022-06-30 17:45:44,823] {standard_task_runner.py:77} INFO - Job 41: Subtask download_dataset_task
[2022-06-30 17:45:44,891] {logging_mixin.py:109} INFO - Running <TaskInstance: data_adjusted.download_dataset_task manual__2022-06-30T17:38:11.416010+00:00 [running]> on host d4c453d82639
[2022-06-30 17:45:44,974] {taskinstance.py:1426} INFO - Exporting the following env vars:
AIRFLOW_CTX_DAG_OWNER=***
AIRFLOW_CTX_DAG_ID=data_adjusted
AIRFLOW_CTX_TASK_ID=download_dataset_task
AIRFLOW_CTX_EXECUTION_DATE=2022-06-30T17:38:11.416010+00:00
AIRFLOW_CTX_DAG_RUN_ID=manual__2022-06-30T17:38:11.416010+00:00
[2022-06-30 17:45:44,976] {subprocess.py:62} INFO - Tmp dir root location: 
 /tmp
[2022-06-30 17:45:44,977] {subprocess.py:74} INFO - Running command: ['bash', '-c', 'curl -sSL https://s3.amazonaws.com/nyc-tlc/trip+data/yellow_tripdata_2021-01.parquet > /opt/***/yellow_tripdata_2021-01.parquet']
[2022-06-30 17:45:44,992] {subprocess.py:85} INFO - Output:
[2022-06-30 17:45:45,557] {subprocess.py:93} INFO - Command exited with return code 0
[2022-06-30 17:45:45,619] {taskinstance.py:1277} INFO - Marking task as SUCCESS. dag_id=data_adjusted, task_id=download_dataset_task, execution_date=20220630T173811, start_date=20220630T174544, end_date=20220630T174545
[2022-06-30 17:45:45,677] {local_task_job.py:154} INFO - Task exited with return code 0
[2022-06-30 17:45:45,724] {local_task_job.py:264} INFO - 1 downstream tasks scheduled from follow-on schedule check
