[2022-07-07 10:03:56,545] {taskinstance.py:1032} INFO - Dependencies all met for <TaskInstance: data_ingestion_gcs_dag.format_to_parquet_task scheduled__2022-07-01T00:00:00+00:00 [queued]>
[2022-07-07 10:03:56,555] {taskinstance.py:1032} INFO - Dependencies all met for <TaskInstance: data_ingestion_gcs_dag.format_to_parquet_task scheduled__2022-07-01T00:00:00+00:00 [queued]>
[2022-07-07 10:03:56,556] {taskinstance.py:1238} INFO - 
--------------------------------------------------------------------------------
[2022-07-07 10:03:56,556] {taskinstance.py:1239} INFO - Starting attempt 1 of 2
[2022-07-07 10:03:56,556] {taskinstance.py:1240} INFO - 
--------------------------------------------------------------------------------
[2022-07-07 10:03:56,567] {taskinstance.py:1259} INFO - Executing <Task(PythonOperator): format_to_parquet_task> on 2022-07-01 00:00:00+00:00
[2022-07-07 10:03:56,573] {standard_task_runner.py:52} INFO - Started process 218 to run task
[2022-07-07 10:03:56,578] {standard_task_runner.py:76} INFO - Running: ['***', 'tasks', 'run', 'data_ingestion_gcs_dag', 'format_to_parquet_task', 'scheduled__2022-07-01T00:00:00+00:00', '--job-id', '72', '--raw', '--subdir', 'DAGS_FOLDER/data_ingestion_gcs_dag.py', '--cfg-path', '/tmp/tmprz7sbuoo', '--error-file', '/tmp/tmpje6zyn_2']
[2022-07-07 10:03:56,579] {standard_task_runner.py:77} INFO - Job 72: Subtask format_to_parquet_task
[2022-07-07 10:03:56,669] {logging_mixin.py:109} INFO - Running <TaskInstance: data_ingestion_gcs_dag.format_to_parquet_task scheduled__2022-07-01T00:00:00+00:00 [running]> on host 9e540ab485e1
[2022-07-07 10:03:56,796] {taskinstance.py:1426} INFO - Exporting the following env vars:
AIRFLOW_CTX_DAG_OWNER=***
AIRFLOW_CTX_DAG_ID=data_ingestion_gcs_dag
AIRFLOW_CTX_TASK_ID=format_to_parquet_task
AIRFLOW_CTX_EXECUTION_DATE=2022-07-01T00:00:00+00:00
AIRFLOW_CTX_DAG_RUN_ID=scheduled__2022-07-01T00:00:00+00:00
[2022-07-07 10:03:56,971] {python.py:175} INFO - Done. Returned value was: None
[2022-07-07 10:03:56,985] {taskinstance.py:1277} INFO - Marking task as SUCCESS. dag_id=data_ingestion_gcs_dag, task_id=format_to_parquet_task, execution_date=20220701T000000, start_date=20220707T100356, end_date=20220707T100356
[2022-07-07 10:03:57,033] {local_task_job.py:154} INFO - Task exited with return code 0
[2022-07-07 10:03:57,092] {local_task_job.py:264} INFO - 1 downstream tasks scheduled from follow-on schedule check
