[2022-07-07 15:25:07,544] {taskinstance.py:1032} INFO - Dependencies all met for <TaskInstance: LocalIngestionDag.wget scheduled__2022-04-02T06:00:00+00:00 [queued]>
[2022-07-07 15:25:07,561] {taskinstance.py:1032} INFO - Dependencies all met for <TaskInstance: LocalIngestionDag.wget scheduled__2022-04-02T06:00:00+00:00 [queued]>
[2022-07-07 15:25:07,561] {taskinstance.py:1238} INFO - 
--------------------------------------------------------------------------------
[2022-07-07 15:25:07,561] {taskinstance.py:1239} INFO - Starting attempt 1 of 1
[2022-07-07 15:25:07,562] {taskinstance.py:1240} INFO - 
--------------------------------------------------------------------------------
[2022-07-07 15:25:07,587] {taskinstance.py:1259} INFO - Executing <Task(BashOperator): wget> on 2022-04-02 06:00:00+00:00
[2022-07-07 15:25:07,616] {standard_task_runner.py:52} INFO - Started process 866 to run task
[2022-07-07 15:25:07,681] {standard_task_runner.py:76} INFO - Running: ['***', 'tasks', 'run', 'LocalIngestionDag', 'wget', 'scheduled__2022-04-02T06:00:00+00:00', '--job-id', '132', '--raw', '--subdir', 'DAGS_FOLDER/data_ingestion_local.py', '--cfg-path', '/tmp/tmpefu_2a36', '--error-file', '/tmp/tmpqrylhzxl']
[2022-07-07 15:25:07,767] {standard_task_runner.py:77} INFO - Job 132: Subtask wget
[2022-07-07 15:25:08,684] {logging_mixin.py:109} INFO - Running <TaskInstance: LocalIngestionDag.wget scheduled__2022-04-02T06:00:00+00:00 [running]> on host d7995de6702f
[2022-07-07 15:25:09,511] {warnings.py:110} WARNING - /home/***/.local/lib/python3.7/site-packages/***/utils/context.py:152: AirflowContextDeprecationWarning: Accessing 'execution_date' from the template is deprecated and will be removed in a future version. Please use 'data_interval_start' or 'logical_date' instead.
  warnings.warn(_create_deprecation_warning(key, self._deprecation_replacements[key]))

[2022-07-07 15:25:09,722] {taskinstance.py:1426} INFO - Exporting the following env vars:
AIRFLOW_CTX_DAG_OWNER=***
AIRFLOW_CTX_DAG_ID=LocalIngestionDag
AIRFLOW_CTX_TASK_ID=wget
AIRFLOW_CTX_EXECUTION_DATE=2022-04-02T06:00:00+00:00
AIRFLOW_CTX_DAG_RUN_ID=scheduled__2022-04-02T06:00:00+00:00
[2022-07-07 15:25:09,723] {subprocess.py:62} INFO - Tmp dir root location: 
 /tmp
[2022-07-07 15:25:09,724] {subprocess.py:74} INFO - Running command: ['bash', '-c', 'curl -sSL https://d37ci6vzurychx.cloudfront.net/trip-data/yellow_tripdata_2022-04.parquet > /opt/***/output_2022-04.parquet']
[2022-07-07 15:25:10,066] {subprocess.py:85} INFO - Output:
[2022-07-07 15:25:13,497] {subprocess.py:93} INFO - Command exited with return code 0
[2022-07-07 15:25:13,676] {taskinstance.py:1277} INFO - Marking task as SUCCESS. dag_id=LocalIngestionDag, task_id=wget, execution_date=20220402T060000, start_date=20220707T152507, end_date=20220707T152513
[2022-07-07 15:25:14,002] {local_task_job.py:154} INFO - Task exited with return code 0
[2022-07-07 15:25:14,856] {local_task_job.py:264} INFO - 0 downstream tasks scheduled from follow-on schedule check
