[2022-06-30 17:30:20,979] {taskinstance.py:1032} INFO - Dependencies all met for <TaskInstance: data_adjusted.format_to_csv_task manual__2022-06-30T17:29:07.605273+00:00 [queued]>
[2022-06-30 17:30:20,993] {taskinstance.py:1032} INFO - Dependencies all met for <TaskInstance: data_adjusted.format_to_csv_task manual__2022-06-30T17:29:07.605273+00:00 [queued]>
[2022-06-30 17:30:20,993] {taskinstance.py:1238} INFO - 
--------------------------------------------------------------------------------
[2022-06-30 17:30:20,993] {taskinstance.py:1239} INFO - Starting attempt 1 of 2
[2022-06-30 17:30:20,993] {taskinstance.py:1240} INFO - 
--------------------------------------------------------------------------------
[2022-06-30 17:30:21,006] {taskinstance.py:1259} INFO - Executing <Task(PythonOperator): format_to_csv_task> on 2022-06-30 17:29:07.605273+00:00
[2022-06-30 17:30:21,014] {standard_task_runner.py:52} INFO - Started process 6329 to run task
[2022-06-30 17:30:21,019] {standard_task_runner.py:76} INFO - Running: ['***', 'tasks', 'run', 'data_adjusted', 'format_to_csv_task', 'manual__2022-06-30T17:29:07.605273+00:00', '--job-id', '33', '--raw', '--subdir', 'DAGS_FOLDER/data_adjusted.py', '--cfg-path', '/tmp/tmpbeawcncx', '--error-file', '/tmp/tmpnshig2ep']
[2022-06-30 17:30:21,020] {standard_task_runner.py:77} INFO - Job 33: Subtask format_to_csv_task
[2022-06-30 17:30:21,149] {logging_mixin.py:109} INFO - Running <TaskInstance: data_adjusted.format_to_csv_task manual__2022-06-30T17:29:07.605273+00:00 [running]> on host d4c453d82639
[2022-06-30 17:30:21,229] {taskinstance.py:1426} INFO - Exporting the following env vars:
AIRFLOW_CTX_DAG_OWNER=***
AIRFLOW_CTX_DAG_ID=data_adjusted
AIRFLOW_CTX_TASK_ID=format_to_csv_task
AIRFLOW_CTX_EXECUTION_DATE=2022-06-30T17:29:07.605273+00:00
AIRFLOW_CTX_DAG_RUN_ID=manual__2022-06-30T17:29:07.605273+00:00
[2022-06-30 17:30:22,305] {python.py:175} INFO - Done. Returned value was: None
[2022-06-30 17:30:22,320] {taskinstance.py:1277} INFO - Marking task as SUCCESS. dag_id=data_adjusted, task_id=format_to_csv_task, execution_date=20220630T172907, start_date=20220630T173020, end_date=20220630T173022
[2022-06-30 17:30:22,396] {local_task_job.py:154} INFO - Task exited with return code 0
[2022-06-30 17:30:22,439] {local_task_job.py:264} INFO - 1 downstream tasks scheduled from follow-on schedule check
