[2022-06-30 18:05:28,817] {taskinstance.py:1032} INFO - Dependencies all met for <TaskInstance: data_ingestion_gcs_dag.local_to_gcs_task manual__2022-06-30T16:20:35.257719+00:00 [queued]>
[2022-06-30 18:05:28,829] {taskinstance.py:1032} INFO - Dependencies all met for <TaskInstance: data_ingestion_gcs_dag.local_to_gcs_task manual__2022-06-30T16:20:35.257719+00:00 [queued]>
[2022-06-30 18:05:28,829] {taskinstance.py:1238} INFO - 
--------------------------------------------------------------------------------
[2022-06-30 18:05:28,829] {taskinstance.py:1239} INFO - Starting attempt 1 of 2
[2022-06-30 18:05:28,829] {taskinstance.py:1240} INFO - 
--------------------------------------------------------------------------------
[2022-06-30 18:05:28,844] {taskinstance.py:1259} INFO - Executing <Task(PythonOperator): local_to_gcs_task> on 2022-06-30 16:20:35.257719+00:00
[2022-06-30 18:05:28,850] {standard_task_runner.py:52} INFO - Started process 9252 to run task
[2022-06-30 18:05:28,855] {standard_task_runner.py:76} INFO - Running: ['***', 'tasks', 'run', 'data_ingestion_gcs_dag', 'local_to_gcs_task', 'manual__2022-06-30T16:20:35.257719+00:00', '--job-id', '52', '--raw', '--subdir', 'DAGS_FOLDER/data_ingestion_gcs_dag.py', '--cfg-path', '/tmp/tmprju92n4j', '--error-file', '/tmp/tmpkuqv0hcf']
[2022-06-30 18:05:28,856] {standard_task_runner.py:77} INFO - Job 52: Subtask local_to_gcs_task
[2022-06-30 18:05:28,926] {logging_mixin.py:109} INFO - Running <TaskInstance: data_ingestion_gcs_dag.local_to_gcs_task manual__2022-06-30T16:20:35.257719+00:00 [running]> on host d4c453d82639
[2022-06-30 18:05:29,005] {taskinstance.py:1426} INFO - Exporting the following env vars:
AIRFLOW_CTX_DAG_OWNER=***
AIRFLOW_CTX_DAG_ID=data_ingestion_gcs_dag
AIRFLOW_CTX_TASK_ID=local_to_gcs_task
AIRFLOW_CTX_EXECUTION_DATE=2022-06-30T16:20:35.257719+00:00
AIRFLOW_CTX_DAG_RUN_ID=manual__2022-06-30T16:20:35.257719+00:00
[2022-06-30 18:05:29,159] {python.py:175} INFO - Done. Returned value was: None
[2022-06-30 18:05:29,172] {taskinstance.py:1277} INFO - Marking task as SUCCESS. dag_id=data_ingestion_gcs_dag, task_id=local_to_gcs_task, execution_date=20220630T162035, start_date=20220630T180528, end_date=20220630T180529
[2022-06-30 18:05:29,229] {local_task_job.py:154} INFO - Task exited with return code 0
[2022-06-30 18:05:29,268] {local_task_job.py:264} INFO - 1 downstream tasks scheduled from follow-on schedule check
