[2022-06-30 17:22:52,493] {taskinstance.py:1032} INFO - Dependencies all met for <TaskInstance: data_adjusted.format_to_csv_task manual__2022-06-30T17:22:48.431558+00:00 [queued]>
[2022-06-30 17:22:52,507] {taskinstance.py:1032} INFO - Dependencies all met for <TaskInstance: data_adjusted.format_to_csv_task manual__2022-06-30T17:22:48.431558+00:00 [queued]>
[2022-06-30 17:22:52,507] {taskinstance.py:1238} INFO - 
--------------------------------------------------------------------------------
[2022-06-30 17:22:52,508] {taskinstance.py:1239} INFO - Starting attempt 1 of 2
[2022-06-30 17:22:52,508] {taskinstance.py:1240} INFO - 
--------------------------------------------------------------------------------
[2022-06-30 17:22:52,522] {taskinstance.py:1259} INFO - Executing <Task(PythonOperator): format_to_csv_task> on 2022-06-30 17:22:48.431558+00:00
[2022-06-30 17:22:52,527] {standard_task_runner.py:52} INFO - Started process 5689 to run task
[2022-06-30 17:22:52,533] {standard_task_runner.py:76} INFO - Running: ['***', 'tasks', 'run', 'data_adjusted', 'format_to_csv_task', 'manual__2022-06-30T17:22:48.431558+00:00', '--job-id', '27', '--raw', '--subdir', 'DAGS_FOLDER/data_adjusted.py', '--cfg-path', '/tmp/tmpm5_enxxs', '--error-file', '/tmp/tmplwkeq1mc']
[2022-06-30 17:22:52,534] {standard_task_runner.py:77} INFO - Job 27: Subtask format_to_csv_task
[2022-06-30 17:22:52,597] {logging_mixin.py:109} INFO - Running <TaskInstance: data_adjusted.format_to_csv_task manual__2022-06-30T17:22:48.431558+00:00 [running]> on host d4c453d82639
[2022-06-30 17:22:52,666] {taskinstance.py:1426} INFO - Exporting the following env vars:
AIRFLOW_CTX_DAG_OWNER=***
AIRFLOW_CTX_DAG_ID=data_adjusted
AIRFLOW_CTX_TASK_ID=format_to_csv_task
AIRFLOW_CTX_EXECUTION_DATE=2022-06-30T17:22:48.431558+00:00
AIRFLOW_CTX_DAG_RUN_ID=manual__2022-06-30T17:22:48.431558+00:00
[2022-06-30 17:22:53,625] {python.py:175} INFO - Done. Returned value was: None
[2022-06-30 17:22:53,639] {taskinstance.py:1277} INFO - Marking task as SUCCESS. dag_id=data_adjusted, task_id=format_to_csv_task, execution_date=20220630T172248, start_date=20220630T172252, end_date=20220630T172253
[2022-06-30 17:22:53,709] {local_task_job.py:154} INFO - Task exited with return code 0
[2022-06-30 17:22:53,753] {local_task_job.py:264} INFO - 1 downstream tasks scheduled from follow-on schedule check
