[2022-07-07 13:02:49,544] {taskinstance.py:1032} INFO - Dependencies all met for <TaskInstance: data_ingest_csv.bigquery_external_table_task scheduled__2022-07-06T00:00:00+00:00 [queued]>
[2022-07-07 13:02:49,555] {taskinstance.py:1032} INFO - Dependencies all met for <TaskInstance: data_ingest_csv.bigquery_external_table_task scheduled__2022-07-06T00:00:00+00:00 [queued]>
[2022-07-07 13:02:49,555] {taskinstance.py:1238} INFO - 
--------------------------------------------------------------------------------
[2022-07-07 13:02:49,555] {taskinstance.py:1239} INFO - Starting attempt 1 of 2
[2022-07-07 13:02:49,555] {taskinstance.py:1240} INFO - 
--------------------------------------------------------------------------------
[2022-07-07 13:02:49,567] {taskinstance.py:1259} INFO - Executing <Task(BigQueryCreateExternalTableOperator): bigquery_external_table_task> on 2022-07-06 00:00:00+00:00
[2022-07-07 13:02:49,572] {standard_task_runner.py:52} INFO - Started process 1035 to run task
[2022-07-07 13:02:49,577] {standard_task_runner.py:76} INFO - Running: ['***', 'tasks', 'run', 'data_ingest_csv', 'bigquery_external_table_task', 'scheduled__2022-07-06T00:00:00+00:00', '--job-id', '103', '--raw', '--subdir', 'DAGS_FOLDER/data_ingest_with_csv.py', '--cfg-path', '/tmp/tmpbjjisrp2', '--error-file', '/tmp/tmp7ommn4qe']
[2022-07-07 13:02:49,578] {standard_task_runner.py:77} INFO - Job 103: Subtask bigquery_external_table_task
[2022-07-07 13:02:49,637] {logging_mixin.py:109} INFO - Running <TaskInstance: data_ingest_csv.bigquery_external_table_task scheduled__2022-07-06T00:00:00+00:00 [running]> on host 2a74a570b95b
[2022-07-07 13:02:49,695] {taskinstance.py:1426} INFO - Exporting the following env vars:
AIRFLOW_CTX_DAG_OWNER=***
AIRFLOW_CTX_DAG_ID=data_ingest_csv
AIRFLOW_CTX_TASK_ID=bigquery_external_table_task
AIRFLOW_CTX_EXECUTION_DATE=2022-07-06T00:00:00+00:00
AIRFLOW_CTX_DAG_RUN_ID=scheduled__2022-07-06T00:00:00+00:00
[2022-07-07 13:02:49,697] {crypto.py:82} WARNING - empty cryptography key - values will not be stored encrypted.
[2022-07-07 13:02:50,555] {taskinstance.py:1277} INFO - Marking task as SUCCESS. dag_id=data_ingest_csv, task_id=bigquery_external_table_task, execution_date=20220706T000000, start_date=20220707T130249, end_date=20220707T130250
[2022-07-07 13:02:50,594] {local_task_job.py:154} INFO - Task exited with return code 0
[2022-07-07 13:02:50,629] {local_task_job.py:264} INFO - 0 downstream tasks scheduled from follow-on schedule check
