[2022-07-07 10:03:54,237] {taskinstance.py:1032} INFO - Dependencies all met for <TaskInstance: data_adjusted.download_dataset_task scheduled__2022-07-01T00:00:00+00:00 [queued]>
[2022-07-07 10:03:54,279] {taskinstance.py:1032} INFO - Dependencies all met for <TaskInstance: data_adjusted.download_dataset_task scheduled__2022-07-01T00:00:00+00:00 [queued]>
[2022-07-07 10:03:54,279] {taskinstance.py:1238} INFO - 
--------------------------------------------------------------------------------
[2022-07-07 10:03:54,279] {taskinstance.py:1239} INFO - Starting attempt 1 of 2
[2022-07-07 10:03:54,279] {taskinstance.py:1240} INFO - 
--------------------------------------------------------------------------------
[2022-07-07 10:03:54,317] {taskinstance.py:1259} INFO - Executing <Task(BashOperator): download_dataset_task> on 2022-07-01 00:00:00+00:00
[2022-07-07 10:03:54,324] {standard_task_runner.py:52} INFO - Started process 197 to run task
[2022-07-07 10:03:54,338] {standard_task_runner.py:76} INFO - Running: ['***', 'tasks', 'run', 'data_adjusted', 'download_dataset_task', 'scheduled__2022-07-01T00:00:00+00:00', '--job-id', '71', '--raw', '--subdir', 'DAGS_FOLDER/data_adjusted.py', '--cfg-path', '/tmp/tmpm2wd9z3y', '--error-file', '/tmp/tmpkydc3or5']
[2022-07-07 10:03:54,339] {standard_task_runner.py:77} INFO - Job 71: Subtask download_dataset_task
[2022-07-07 10:03:54,491] {logging_mixin.py:109} INFO - Running <TaskInstance: data_adjusted.download_dataset_task scheduled__2022-07-01T00:00:00+00:00 [running]> on host 9e540ab485e1
[2022-07-07 10:03:54,649] {taskinstance.py:1426} INFO - Exporting the following env vars:
AIRFLOW_CTX_DAG_OWNER=***
AIRFLOW_CTX_DAG_ID=data_adjusted
AIRFLOW_CTX_TASK_ID=download_dataset_task
AIRFLOW_CTX_EXECUTION_DATE=2022-07-01T00:00:00+00:00
AIRFLOW_CTX_DAG_RUN_ID=scheduled__2022-07-01T00:00:00+00:00
[2022-07-07 10:03:54,651] {subprocess.py:62} INFO - Tmp dir root location: 
 /tmp
[2022-07-07 10:03:54,651] {subprocess.py:74} INFO - Running command: ['bash', '-c', 'curl -sSL https://s3.amazonaws.com/nyc-tlc/trip+data/yellow_tripdata_2021-01.parquet > /opt/***/yellow_tripdata_2021-01.parquet']
[2022-07-07 10:03:54,679] {subprocess.py:85} INFO - Output:
[2022-07-07 10:03:54,879] {subprocess.py:93} INFO - Command exited with return code 0
[2022-07-07 10:03:54,937] {taskinstance.py:1277} INFO - Marking task as SUCCESS. dag_id=data_adjusted, task_id=download_dataset_task, execution_date=20220701T000000, start_date=20220707T100354, end_date=20220707T100354
[2022-07-07 10:03:54,991] {local_task_job.py:154} INFO - Task exited with return code 0
[2022-07-07 10:03:55,069] {local_task_job.py:264} INFO - 1 downstream tasks scheduled from follow-on schedule check
