[2022-07-07 15:24:57,789] {taskinstance.py:1032} INFO - Dependencies all met for <TaskInstance: LocalIngestionDag.wget scheduled__2021-06-02T06:00:00+00:00 [queued]>
[2022-07-07 15:24:57,837] {taskinstance.py:1032} INFO - Dependencies all met for <TaskInstance: LocalIngestionDag.wget scheduled__2021-06-02T06:00:00+00:00 [queued]>
[2022-07-07 15:24:57,837] {taskinstance.py:1238} INFO - 
--------------------------------------------------------------------------------
[2022-07-07 15:24:57,844] {taskinstance.py:1239} INFO - Starting attempt 1 of 1
[2022-07-07 15:24:57,844] {taskinstance.py:1240} INFO - 
--------------------------------------------------------------------------------
[2022-07-07 15:24:57,944] {taskinstance.py:1259} INFO - Executing <Task(BashOperator): wget> on 2021-06-02 06:00:00+00:00
[2022-07-07 15:24:57,971] {standard_task_runner.py:52} INFO - Started process 741 to run task
[2022-07-07 15:24:57,977] {standard_task_runner.py:76} INFO - Running: ['***', 'tasks', 'run', 'LocalIngestionDag', 'wget', 'scheduled__2021-06-02T06:00:00+00:00', '--job-id', '115', '--raw', '--subdir', 'DAGS_FOLDER/data_ingestion_local.py', '--cfg-path', '/tmp/tmp9t_qsw6o', '--error-file', '/tmp/tmpm3yfdqoy']
[2022-07-07 15:24:57,993] {standard_task_runner.py:77} INFO - Job 115: Subtask wget
[2022-07-07 15:24:58,329] {logging_mixin.py:109} INFO - Running <TaskInstance: LocalIngestionDag.wget scheduled__2021-06-02T06:00:00+00:00 [running]> on host d7995de6702f
[2022-07-07 15:24:58,489] {warnings.py:110} WARNING - /home/***/.local/lib/python3.7/site-packages/***/utils/context.py:152: AirflowContextDeprecationWarning: Accessing 'execution_date' from the template is deprecated and will be removed in a future version. Please use 'data_interval_start' or 'logical_date' instead.
  warnings.warn(_create_deprecation_warning(key, self._deprecation_replacements[key]))

[2022-07-07 15:24:58,580] {taskinstance.py:1426} INFO - Exporting the following env vars:
AIRFLOW_CTX_DAG_OWNER=***
AIRFLOW_CTX_DAG_ID=LocalIngestionDag
AIRFLOW_CTX_TASK_ID=wget
AIRFLOW_CTX_EXECUTION_DATE=2021-06-02T06:00:00+00:00
AIRFLOW_CTX_DAG_RUN_ID=scheduled__2021-06-02T06:00:00+00:00
[2022-07-07 15:24:58,582] {subprocess.py:62} INFO - Tmp dir root location: 
 /tmp
[2022-07-07 15:24:58,582] {subprocess.py:74} INFO - Running command: ['bash', '-c', 'curl -sSL https://d37ci6vzurychx.cloudfront.net/trip-data/yellow_tripdata_2021-06.parquet > /opt/***/output_2021-06.parquet']
[2022-07-07 15:24:58,695] {subprocess.py:85} INFO - Output:
[2022-07-07 15:24:59,886] {subprocess.py:93} INFO - Command exited with return code 0
[2022-07-07 15:25:00,364] {taskinstance.py:1277} INFO - Marking task as SUCCESS. dag_id=LocalIngestionDag, task_id=wget, execution_date=20210602T060000, start_date=20220707T152457, end_date=20220707T152500
[2022-07-07 15:25:00,554] {local_task_job.py:154} INFO - Task exited with return code 0
[2022-07-07 15:25:00,738] {local_task_job.py:264} INFO - 1 downstream tasks scheduled from follow-on schedule check
