[2022-06-30 15:37:03,395] {processor.py:163} INFO - Started process (PID=2366) to work on /opt/airflow/dags/data_ingestion_gcs_dag1.py
[2022-06-30 15:37:03,397] {processor.py:642} INFO - Processing file /opt/airflow/dags/data_ingestion_gcs_dag1.py for tasks to queue
[2022-06-30 15:37:03,397] {logging_mixin.py:109} INFO - [2022-06-30 15:37:03,397] {dagbag.py:500} INFO - Filling up the DagBag from /opt/airflow/dags/data_ingestion_gcs_dag1.py
[2022-06-30 15:37:04,210] {processor.py:654} INFO - DAG(s) dict_keys(['data_ingestion_gcs_dag']) retrieved from /opt/airflow/dags/data_ingestion_gcs_dag1.py
[2022-06-30 15:37:04,429] {logging_mixin.py:109} INFO - [2022-06-30 15:37:04,428] {dag.py:2396} INFO - Sync 1 DAGs
[2022-06-30 15:37:04,445] {logging_mixin.py:109} INFO - [2022-06-30 15:37:04,445] {dag.py:2935} INFO - Setting next_dagrun for data_ingestion_gcs_dag to 2022-06-30T00:00:00+00:00
[2022-06-30 15:37:04,460] {processor.py:171} INFO - Processing /opt/airflow/dags/data_ingestion_gcs_dag1.py took 1.069 seconds
[2022-06-30 15:37:34,554] {processor.py:163} INFO - Started process (PID=2403) to work on /opt/airflow/dags/data_ingestion_gcs_dag1.py
[2022-06-30 15:37:34,556] {processor.py:642} INFO - Processing file /opt/airflow/dags/data_ingestion_gcs_dag1.py for tasks to queue
[2022-06-30 15:37:34,557] {logging_mixin.py:109} INFO - [2022-06-30 15:37:34,557] {dagbag.py:500} INFO - Filling up the DagBag from /opt/airflow/dags/data_ingestion_gcs_dag1.py
[2022-06-30 15:37:35,366] {processor.py:654} INFO - DAG(s) dict_keys(['data_ingestion_gcs_dag']) retrieved from /opt/airflow/dags/data_ingestion_gcs_dag1.py
[2022-06-30 15:37:35,375] {logging_mixin.py:109} INFO - [2022-06-30 15:37:35,375] {dag.py:2396} INFO - Sync 1 DAGs
[2022-06-30 15:37:35,391] {logging_mixin.py:109} INFO - [2022-06-30 15:37:35,390] {dag.py:2935} INFO - Setting next_dagrun for data_ingestion_gcs_dag to 2022-06-30T00:00:00+00:00
[2022-06-30 15:37:35,400] {processor.py:171} INFO - Processing /opt/airflow/dags/data_ingestion_gcs_dag1.py took 0.850 seconds
[2022-06-30 15:38:05,473] {processor.py:163} INFO - Started process (PID=2448) to work on /opt/airflow/dags/data_ingestion_gcs_dag1.py
[2022-06-30 15:38:05,474] {processor.py:642} INFO - Processing file /opt/airflow/dags/data_ingestion_gcs_dag1.py for tasks to queue
[2022-06-30 15:38:05,475] {logging_mixin.py:109} INFO - [2022-06-30 15:38:05,475] {dagbag.py:500} INFO - Filling up the DagBag from /opt/airflow/dags/data_ingestion_gcs_dag1.py
[2022-06-30 15:38:06,286] {processor.py:654} INFO - DAG(s) dict_keys(['data_ingestion_gcs_dag']) retrieved from /opt/airflow/dags/data_ingestion_gcs_dag1.py
[2022-06-30 15:38:06,290] {logging_mixin.py:109} INFO - [2022-06-30 15:38:06,290] {dag.py:2396} INFO - Sync 1 DAGs
[2022-06-30 15:38:06,307] {logging_mixin.py:109} INFO - [2022-06-30 15:38:06,307] {dag.py:2935} INFO - Setting next_dagrun for data_ingestion_gcs_dag to 2022-06-30T00:00:00+00:00
[2022-06-30 15:38:06,317] {processor.py:171} INFO - Processing /opt/airflow/dags/data_ingestion_gcs_dag1.py took 0.848 seconds
[2022-06-30 15:38:36,442] {processor.py:163} INFO - Started process (PID=2484) to work on /opt/airflow/dags/data_ingestion_gcs_dag1.py
[2022-06-30 15:38:36,444] {processor.py:642} INFO - Processing file /opt/airflow/dags/data_ingestion_gcs_dag1.py for tasks to queue
[2022-06-30 15:38:36,445] {logging_mixin.py:109} INFO - [2022-06-30 15:38:36,445] {dagbag.py:500} INFO - Filling up the DagBag from /opt/airflow/dags/data_ingestion_gcs_dag1.py
[2022-06-30 15:38:37,253] {processor.py:654} INFO - DAG(s) dict_keys(['data_ingestion_gcs_dag']) retrieved from /opt/airflow/dags/data_ingestion_gcs_dag1.py
[2022-06-30 15:38:37,446] {logging_mixin.py:109} INFO - [2022-06-30 15:38:37,446] {dag.py:2396} INFO - Sync 1 DAGs
[2022-06-30 15:38:37,462] {logging_mixin.py:109} INFO - [2022-06-30 15:38:37,462] {dag.py:2935} INFO - Setting next_dagrun for data_ingestion_gcs_dag to 2022-06-30T00:00:00+00:00
[2022-06-30 15:38:37,475] {processor.py:171} INFO - Processing /opt/airflow/dags/data_ingestion_gcs_dag1.py took 1.037 seconds
[2022-06-30 15:39:07,580] {processor.py:163} INFO - Started process (PID=2529) to work on /opt/airflow/dags/data_ingestion_gcs_dag1.py
[2022-06-30 15:39:07,582] {processor.py:642} INFO - Processing file /opt/airflow/dags/data_ingestion_gcs_dag1.py for tasks to queue
[2022-06-30 15:39:07,583] {logging_mixin.py:109} INFO - [2022-06-30 15:39:07,583] {dagbag.py:500} INFO - Filling up the DagBag from /opt/airflow/dags/data_ingestion_gcs_dag1.py
[2022-06-30 15:39:08,363] {processor.py:654} INFO - DAG(s) dict_keys(['data_ingestion_gcs_dag']) retrieved from /opt/airflow/dags/data_ingestion_gcs_dag1.py
[2022-06-30 15:39:08,373] {logging_mixin.py:109} INFO - [2022-06-30 15:39:08,372] {dag.py:2396} INFO - Sync 1 DAGs
[2022-06-30 15:39:08,388] {logging_mixin.py:109} INFO - [2022-06-30 15:39:08,388] {dag.py:2935} INFO - Setting next_dagrun for data_ingestion_gcs_dag to 2022-06-30T00:00:00+00:00
[2022-06-30 15:39:08,399] {processor.py:171} INFO - Processing /opt/airflow/dags/data_ingestion_gcs_dag1.py took 0.822 seconds
[2022-06-30 15:39:38,523] {processor.py:163} INFO - Started process (PID=2565) to work on /opt/airflow/dags/data_ingestion_gcs_dag1.py
[2022-06-30 15:39:38,525] {processor.py:642} INFO - Processing file /opt/airflow/dags/data_ingestion_gcs_dag1.py for tasks to queue
[2022-06-30 15:39:38,526] {logging_mixin.py:109} INFO - [2022-06-30 15:39:38,526] {dagbag.py:500} INFO - Filling up the DagBag from /opt/airflow/dags/data_ingestion_gcs_dag1.py
[2022-06-30 15:39:39,311] {processor.py:654} INFO - DAG(s) dict_keys(['data_ingestion_gcs_dag']) retrieved from /opt/airflow/dags/data_ingestion_gcs_dag1.py
[2022-06-30 15:39:39,315] {logging_mixin.py:109} INFO - [2022-06-30 15:39:39,314] {dag.py:2396} INFO - Sync 1 DAGs
[2022-06-30 15:39:39,334] {logging_mixin.py:109} INFO - [2022-06-30 15:39:39,334] {dag.py:2935} INFO - Setting next_dagrun for data_ingestion_gcs_dag to 2022-06-30T00:00:00+00:00
[2022-06-30 15:39:39,347] {processor.py:171} INFO - Processing /opt/airflow/dags/data_ingestion_gcs_dag1.py took 0.828 seconds
[2022-06-30 15:40:09,487] {processor.py:163} INFO - Started process (PID=2612) to work on /opt/airflow/dags/data_ingestion_gcs_dag1.py
[2022-06-30 15:40:09,489] {processor.py:642} INFO - Processing file /opt/airflow/dags/data_ingestion_gcs_dag1.py for tasks to queue
[2022-06-30 15:40:09,490] {logging_mixin.py:109} INFO - [2022-06-30 15:40:09,490] {dagbag.py:500} INFO - Filling up the DagBag from /opt/airflow/dags/data_ingestion_gcs_dag1.py
[2022-06-30 15:40:10,311] {processor.py:654} INFO - DAG(s) dict_keys(['data_ingestion_gcs_dag']) retrieved from /opt/airflow/dags/data_ingestion_gcs_dag1.py
[2022-06-30 15:40:10,502] {logging_mixin.py:109} INFO - [2022-06-30 15:40:10,501] {dag.py:2396} INFO - Sync 1 DAGs
[2022-06-30 15:40:10,516] {logging_mixin.py:109} INFO - [2022-06-30 15:40:10,516] {dag.py:2935} INFO - Setting next_dagrun for data_ingestion_gcs_dag to 2022-06-30T00:00:00+00:00
[2022-06-30 15:40:10,528] {processor.py:171} INFO - Processing /opt/airflow/dags/data_ingestion_gcs_dag1.py took 1.045 seconds
[2022-06-30 15:40:40,628] {processor.py:163} INFO - Started process (PID=2649) to work on /opt/airflow/dags/data_ingestion_gcs_dag1.py
[2022-06-30 15:40:40,631] {processor.py:642} INFO - Processing file /opt/airflow/dags/data_ingestion_gcs_dag1.py for tasks to queue
[2022-06-30 15:40:40,632] {logging_mixin.py:109} INFO - [2022-06-30 15:40:40,632] {dagbag.py:500} INFO - Filling up the DagBag from /opt/airflow/dags/data_ingestion_gcs_dag1.py
[2022-06-30 15:40:41,436] {processor.py:654} INFO - DAG(s) dict_keys(['data_ingestion_gcs_dag']) retrieved from /opt/airflow/dags/data_ingestion_gcs_dag1.py
[2022-06-30 15:40:41,447] {logging_mixin.py:109} INFO - [2022-06-30 15:40:41,447] {dag.py:2396} INFO - Sync 1 DAGs
[2022-06-30 15:40:41,464] {logging_mixin.py:109} INFO - [2022-06-30 15:40:41,464] {dag.py:2935} INFO - Setting next_dagrun for data_ingestion_gcs_dag to 2022-06-30T00:00:00+00:00
[2022-06-30 15:40:41,473] {processor.py:171} INFO - Processing /opt/airflow/dags/data_ingestion_gcs_dag1.py took 0.850 seconds
[2022-06-30 15:41:11,601] {processor.py:163} INFO - Started process (PID=2695) to work on /opt/airflow/dags/data_ingestion_gcs_dag1.py
[2022-06-30 15:41:11,603] {processor.py:642} INFO - Processing file /opt/airflow/dags/data_ingestion_gcs_dag1.py for tasks to queue
[2022-06-30 15:41:11,604] {logging_mixin.py:109} INFO - [2022-06-30 15:41:11,604] {dagbag.py:500} INFO - Filling up the DagBag from /opt/airflow/dags/data_ingestion_gcs_dag1.py
[2022-06-30 15:41:12,405] {processor.py:654} INFO - DAG(s) dict_keys(['data_ingestion_gcs_dag']) retrieved from /opt/airflow/dags/data_ingestion_gcs_dag1.py
[2022-06-30 15:41:12,409] {logging_mixin.py:109} INFO - [2022-06-30 15:41:12,409] {dag.py:2396} INFO - Sync 1 DAGs
[2022-06-30 15:41:12,425] {logging_mixin.py:109} INFO - [2022-06-30 15:41:12,425] {dag.py:2935} INFO - Setting next_dagrun for data_ingestion_gcs_dag to 2022-06-30T00:00:00+00:00
[2022-06-30 15:41:12,435] {processor.py:171} INFO - Processing /opt/airflow/dags/data_ingestion_gcs_dag1.py took 0.838 seconds
[2022-06-30 15:41:42,551] {processor.py:163} INFO - Started process (PID=2731) to work on /opt/airflow/dags/data_ingestion_gcs_dag1.py
[2022-06-30 15:41:42,553] {processor.py:642} INFO - Processing file /opt/airflow/dags/data_ingestion_gcs_dag1.py for tasks to queue
[2022-06-30 15:41:42,554] {logging_mixin.py:109} INFO - [2022-06-30 15:41:42,554] {dagbag.py:500} INFO - Filling up the DagBag from /opt/airflow/dags/data_ingestion_gcs_dag1.py
[2022-06-30 15:41:43,434] {processor.py:654} INFO - DAG(s) dict_keys(['data_ingestion_gcs_dag']) retrieved from /opt/airflow/dags/data_ingestion_gcs_dag1.py
[2022-06-30 15:41:43,633] {logging_mixin.py:109} INFO - [2022-06-30 15:41:43,633] {dag.py:2396} INFO - Sync 1 DAGs
[2022-06-30 15:41:43,648] {logging_mixin.py:109} INFO - [2022-06-30 15:41:43,648] {dag.py:2935} INFO - Setting next_dagrun for data_ingestion_gcs_dag to 2022-06-30T00:00:00+00:00
[2022-06-30 15:41:43,658] {processor.py:171} INFO - Processing /opt/airflow/dags/data_ingestion_gcs_dag1.py took 1.112 seconds
[2022-06-30 15:42:13,755] {processor.py:163} INFO - Started process (PID=2776) to work on /opt/airflow/dags/data_ingestion_gcs_dag1.py
[2022-06-30 15:42:13,758] {processor.py:642} INFO - Processing file /opt/airflow/dags/data_ingestion_gcs_dag1.py for tasks to queue
[2022-06-30 15:42:13,759] {logging_mixin.py:109} INFO - [2022-06-30 15:42:13,759] {dagbag.py:500} INFO - Filling up the DagBag from /opt/airflow/dags/data_ingestion_gcs_dag1.py
[2022-06-30 15:42:14,560] {processor.py:654} INFO - DAG(s) dict_keys(['data_ingestion_gcs_dag']) retrieved from /opt/airflow/dags/data_ingestion_gcs_dag1.py
[2022-06-30 15:42:14,570] {logging_mixin.py:109} INFO - [2022-06-30 15:42:14,569] {dag.py:2396} INFO - Sync 1 DAGs
[2022-06-30 15:42:14,586] {logging_mixin.py:109} INFO - [2022-06-30 15:42:14,586] {dag.py:2935} INFO - Setting next_dagrun for data_ingestion_gcs_dag to 2022-06-30T00:00:00+00:00
[2022-06-30 15:42:14,597] {processor.py:171} INFO - Processing /opt/airflow/dags/data_ingestion_gcs_dag1.py took 0.847 seconds
[2022-06-30 15:42:44,728] {processor.py:163} INFO - Started process (PID=2821) to work on /opt/airflow/dags/data_ingestion_gcs_dag1.py
[2022-06-30 15:42:44,730] {processor.py:642} INFO - Processing file /opt/airflow/dags/data_ingestion_gcs_dag1.py for tasks to queue
[2022-06-30 15:42:44,730] {logging_mixin.py:109} INFO - [2022-06-30 15:42:44,730] {dagbag.py:500} INFO - Filling up the DagBag from /opt/airflow/dags/data_ingestion_gcs_dag1.py
[2022-06-30 15:42:45,549] {processor.py:654} INFO - DAG(s) dict_keys(['data_ingestion_gcs_dag']) retrieved from /opt/airflow/dags/data_ingestion_gcs_dag1.py
[2022-06-30 15:42:45,554] {logging_mixin.py:109} INFO - [2022-06-30 15:42:45,553] {dag.py:2396} INFO - Sync 1 DAGs
[2022-06-30 15:42:45,574] {logging_mixin.py:109} INFO - [2022-06-30 15:42:45,574] {dag.py:2935} INFO - Setting next_dagrun for data_ingestion_gcs_dag to 2022-06-30T00:00:00+00:00
[2022-06-30 15:42:45,587] {processor.py:171} INFO - Processing /opt/airflow/dags/data_ingestion_gcs_dag1.py took 0.863 seconds
[2022-06-30 15:43:15,671] {processor.py:163} INFO - Started process (PID=2857) to work on /opt/airflow/dags/data_ingestion_gcs_dag1.py
[2022-06-30 15:43:15,673] {processor.py:642} INFO - Processing file /opt/airflow/dags/data_ingestion_gcs_dag1.py for tasks to queue
[2022-06-30 15:43:15,673] {logging_mixin.py:109} INFO - [2022-06-30 15:43:15,673] {dagbag.py:500} INFO - Filling up the DagBag from /opt/airflow/dags/data_ingestion_gcs_dag1.py
[2022-06-30 15:43:16,478] {processor.py:654} INFO - DAG(s) dict_keys(['data_ingestion_gcs_dag']) retrieved from /opt/airflow/dags/data_ingestion_gcs_dag1.py
[2022-06-30 15:43:16,668] {logging_mixin.py:109} INFO - [2022-06-30 15:43:16,668] {dag.py:2396} INFO - Sync 1 DAGs
[2022-06-30 15:43:16,684] {logging_mixin.py:109} INFO - [2022-06-30 15:43:16,684] {dag.py:2935} INFO - Setting next_dagrun for data_ingestion_gcs_dag to 2022-06-30T00:00:00+00:00
[2022-06-30 15:43:16,695] {processor.py:171} INFO - Processing /opt/airflow/dags/data_ingestion_gcs_dag1.py took 1.029 seconds
[2022-06-30 15:43:46,772] {processor.py:163} INFO - Started process (PID=2901) to work on /opt/airflow/dags/data_ingestion_gcs_dag1.py
[2022-06-30 15:43:46,775] {processor.py:642} INFO - Processing file /opt/airflow/dags/data_ingestion_gcs_dag1.py for tasks to queue
[2022-06-30 15:43:46,775] {logging_mixin.py:109} INFO - [2022-06-30 15:43:46,775] {dagbag.py:500} INFO - Filling up the DagBag from /opt/airflow/dags/data_ingestion_gcs_dag1.py
[2022-06-30 15:43:47,603] {processor.py:654} INFO - DAG(s) dict_keys(['data_ingestion_gcs_dag']) retrieved from /opt/airflow/dags/data_ingestion_gcs_dag1.py
[2022-06-30 15:43:47,613] {logging_mixin.py:109} INFO - [2022-06-30 15:43:47,613] {dag.py:2396} INFO - Sync 1 DAGs
[2022-06-30 15:43:47,631] {logging_mixin.py:109} INFO - [2022-06-30 15:43:47,631] {dag.py:2935} INFO - Setting next_dagrun for data_ingestion_gcs_dag to 2022-06-30T00:00:00+00:00
[2022-06-30 15:43:47,641] {processor.py:171} INFO - Processing /opt/airflow/dags/data_ingestion_gcs_dag1.py took 0.873 seconds
[2022-06-30 15:44:17,729] {processor.py:163} INFO - Started process (PID=2936) to work on /opt/airflow/dags/data_ingestion_gcs_dag1.py
[2022-06-30 15:44:17,730] {processor.py:642} INFO - Processing file /opt/airflow/dags/data_ingestion_gcs_dag1.py for tasks to queue
[2022-06-30 15:44:17,731] {logging_mixin.py:109} INFO - [2022-06-30 15:44:17,731] {dagbag.py:500} INFO - Filling up the DagBag from /opt/airflow/dags/data_ingestion_gcs_dag1.py
[2022-06-30 15:44:18,544] {processor.py:654} INFO - DAG(s) dict_keys(['data_ingestion_gcs_dag']) retrieved from /opt/airflow/dags/data_ingestion_gcs_dag1.py
[2022-06-30 15:44:18,548] {logging_mixin.py:109} INFO - [2022-06-30 15:44:18,547] {dag.py:2396} INFO - Sync 1 DAGs
[2022-06-30 15:44:18,564] {logging_mixin.py:109} INFO - [2022-06-30 15:44:18,564] {dag.py:2935} INFO - Setting next_dagrun for data_ingestion_gcs_dag to 2022-06-30T00:00:00+00:00
[2022-06-30 15:44:18,575] {processor.py:171} INFO - Processing /opt/airflow/dags/data_ingestion_gcs_dag1.py took 0.850 seconds
[2022-06-30 15:44:48,693] {processor.py:163} INFO - Started process (PID=2982) to work on /opt/airflow/dags/data_ingestion_gcs_dag1.py
[2022-06-30 15:44:48,695] {processor.py:642} INFO - Processing file /opt/airflow/dags/data_ingestion_gcs_dag1.py for tasks to queue
[2022-06-30 15:44:48,696] {logging_mixin.py:109} INFO - [2022-06-30 15:44:48,696] {dagbag.py:500} INFO - Filling up the DagBag from /opt/airflow/dags/data_ingestion_gcs_dag1.py
[2022-06-30 15:44:49,591] {processor.py:654} INFO - DAG(s) dict_keys(['data_ingestion_gcs_dag']) retrieved from /opt/airflow/dags/data_ingestion_gcs_dag1.py
[2022-06-30 15:44:49,787] {logging_mixin.py:109} INFO - [2022-06-30 15:44:49,787] {dag.py:2396} INFO - Sync 1 DAGs
[2022-06-30 15:44:49,803] {logging_mixin.py:109} INFO - [2022-06-30 15:44:49,803] {dag.py:2935} INFO - Setting next_dagrun for data_ingestion_gcs_dag to 2022-06-30T00:00:00+00:00
[2022-06-30 15:44:49,814] {processor.py:171} INFO - Processing /opt/airflow/dags/data_ingestion_gcs_dag1.py took 1.125 seconds
[2022-06-30 15:45:19,911] {processor.py:163} INFO - Started process (PID=3018) to work on /opt/airflow/dags/data_ingestion_gcs_dag1.py
[2022-06-30 15:45:19,912] {processor.py:642} INFO - Processing file /opt/airflow/dags/data_ingestion_gcs_dag1.py for tasks to queue
[2022-06-30 15:45:19,913] {logging_mixin.py:109} INFO - [2022-06-30 15:45:19,913] {dagbag.py:500} INFO - Filling up the DagBag from /opt/airflow/dags/data_ingestion_gcs_dag1.py
[2022-06-30 15:45:20,701] {processor.py:654} INFO - DAG(s) dict_keys(['data_ingestion_gcs_dag']) retrieved from /opt/airflow/dags/data_ingestion_gcs_dag1.py
[2022-06-30 15:45:20,711] {logging_mixin.py:109} INFO - [2022-06-30 15:45:20,710] {dag.py:2396} INFO - Sync 1 DAGs
[2022-06-30 15:45:20,728] {logging_mixin.py:109} INFO - [2022-06-30 15:45:20,727] {dag.py:2935} INFO - Setting next_dagrun for data_ingestion_gcs_dag to 2022-06-30T00:00:00+00:00
[2022-06-30 15:45:20,738] {processor.py:171} INFO - Processing /opt/airflow/dags/data_ingestion_gcs_dag1.py took 0.832 seconds
[2022-06-30 15:45:51,738] {processor.py:163} INFO - Started process (PID=3063) to work on /opt/airflow/dags/data_ingestion_gcs_dag1.py
[2022-06-30 15:45:51,740] {processor.py:642} INFO - Processing file /opt/airflow/dags/data_ingestion_gcs_dag1.py for tasks to queue
[2022-06-30 15:45:51,741] {logging_mixin.py:109} INFO - [2022-06-30 15:45:51,741] {dagbag.py:500} INFO - Filling up the DagBag from /opt/airflow/dags/data_ingestion_gcs_dag1.py
[2022-06-30 15:45:52,555] {processor.py:654} INFO - DAG(s) dict_keys(['data_ingestion_gcs_dag']) retrieved from /opt/airflow/dags/data_ingestion_gcs_dag1.py
[2022-06-30 15:45:52,559] {logging_mixin.py:109} INFO - [2022-06-30 15:45:52,559] {dag.py:2396} INFO - Sync 1 DAGs
[2022-06-30 15:45:52,575] {logging_mixin.py:109} INFO - [2022-06-30 15:45:52,575] {dag.py:2935} INFO - Setting next_dagrun for data_ingestion_gcs_dag to 2022-06-30T00:00:00+00:00
[2022-06-30 15:45:52,585] {processor.py:171} INFO - Processing /opt/airflow/dags/data_ingestion_gcs_dag1.py took 0.851 seconds
[2022-06-30 15:46:22,686] {processor.py:163} INFO - Started process (PID=3099) to work on /opt/airflow/dags/data_ingestion_gcs_dag1.py
[2022-06-30 15:46:22,688] {processor.py:642} INFO - Processing file /opt/airflow/dags/data_ingestion_gcs_dag1.py for tasks to queue
[2022-06-30 15:46:22,689] {logging_mixin.py:109} INFO - [2022-06-30 15:46:22,689] {dagbag.py:500} INFO - Filling up the DagBag from /opt/airflow/dags/data_ingestion_gcs_dag1.py
[2022-06-30 15:46:23,487] {processor.py:654} INFO - DAG(s) dict_keys(['data_ingestion_gcs_dag']) retrieved from /opt/airflow/dags/data_ingestion_gcs_dag1.py
[2022-06-30 15:46:23,679] {logging_mixin.py:109} INFO - [2022-06-30 15:46:23,679] {dag.py:2396} INFO - Sync 1 DAGs
[2022-06-30 15:46:23,694] {logging_mixin.py:109} INFO - [2022-06-30 15:46:23,694] {dag.py:2935} INFO - Setting next_dagrun for data_ingestion_gcs_dag to 2022-06-30T00:00:00+00:00
[2022-06-30 15:46:23,706] {processor.py:171} INFO - Processing /opt/airflow/dags/data_ingestion_gcs_dag1.py took 1.025 seconds
[2022-06-30 15:46:53,811] {processor.py:163} INFO - Started process (PID=3144) to work on /opt/airflow/dags/data_ingestion_gcs_dag1.py
[2022-06-30 15:46:53,813] {processor.py:642} INFO - Processing file /opt/airflow/dags/data_ingestion_gcs_dag1.py for tasks to queue
[2022-06-30 15:46:53,814] {logging_mixin.py:109} INFO - [2022-06-30 15:46:53,813] {dagbag.py:500} INFO - Filling up the DagBag from /opt/airflow/dags/data_ingestion_gcs_dag1.py
[2022-06-30 15:46:54,662] {processor.py:654} INFO - DAG(s) dict_keys(['data_ingestion_gcs_dag']) retrieved from /opt/airflow/dags/data_ingestion_gcs_dag1.py
[2022-06-30 15:46:54,671] {logging_mixin.py:109} INFO - [2022-06-30 15:46:54,671] {dag.py:2396} INFO - Sync 1 DAGs
[2022-06-30 15:46:54,687] {logging_mixin.py:109} INFO - [2022-06-30 15:46:54,687] {dag.py:2935} INFO - Setting next_dagrun for data_ingestion_gcs_dag to 2022-06-30T00:00:00+00:00
[2022-06-30 15:46:54,696] {processor.py:171} INFO - Processing /opt/airflow/dags/data_ingestion_gcs_dag1.py took 0.890 seconds
[2022-06-30 15:47:24,820] {processor.py:163} INFO - Started process (PID=3180) to work on /opt/airflow/dags/data_ingestion_gcs_dag1.py
[2022-06-30 15:47:24,823] {processor.py:642} INFO - Processing file /opt/airflow/dags/data_ingestion_gcs_dag1.py for tasks to queue
[2022-06-30 15:47:24,824] {logging_mixin.py:109} INFO - [2022-06-30 15:47:24,824] {dagbag.py:500} INFO - Filling up the DagBag from /opt/airflow/dags/data_ingestion_gcs_dag1.py
[2022-06-30 15:47:25,614] {processor.py:654} INFO - DAG(s) dict_keys(['data_ingestion_gcs_dag']) retrieved from /opt/airflow/dags/data_ingestion_gcs_dag1.py
[2022-06-30 15:47:25,618] {logging_mixin.py:109} INFO - [2022-06-30 15:47:25,618] {dag.py:2396} INFO - Sync 1 DAGs
[2022-06-30 15:47:25,635] {logging_mixin.py:109} INFO - [2022-06-30 15:47:25,635] {dag.py:2935} INFO - Setting next_dagrun for data_ingestion_gcs_dag to 2022-06-30T00:00:00+00:00
[2022-06-30 15:47:25,646] {processor.py:171} INFO - Processing /opt/airflow/dags/data_ingestion_gcs_dag1.py took 0.830 seconds
[2022-06-30 15:47:55,761] {processor.py:163} INFO - Started process (PID=3224) to work on /opt/airflow/dags/data_ingestion_gcs_dag1.py
[2022-06-30 15:47:55,762] {processor.py:642} INFO - Processing file /opt/airflow/dags/data_ingestion_gcs_dag1.py for tasks to queue
[2022-06-30 15:47:55,763] {logging_mixin.py:109} INFO - [2022-06-30 15:47:55,763] {dagbag.py:500} INFO - Filling up the DagBag from /opt/airflow/dags/data_ingestion_gcs_dag1.py
[2022-06-30 15:47:56,559] {processor.py:654} INFO - DAG(s) dict_keys(['data_ingestion_gcs_dag']) retrieved from /opt/airflow/dags/data_ingestion_gcs_dag1.py
[2022-06-30 15:47:56,748] {logging_mixin.py:109} INFO - [2022-06-30 15:47:56,748] {dag.py:2396} INFO - Sync 1 DAGs
[2022-06-30 15:47:56,763] {logging_mixin.py:109} INFO - [2022-06-30 15:47:56,763] {dag.py:2935} INFO - Setting next_dagrun for data_ingestion_gcs_dag to 2022-06-30T00:00:00+00:00
[2022-06-30 15:47:56,775] {processor.py:171} INFO - Processing /opt/airflow/dags/data_ingestion_gcs_dag1.py took 1.019 seconds
[2022-06-30 15:48:26,872] {processor.py:163} INFO - Started process (PID=3260) to work on /opt/airflow/dags/data_ingestion_gcs_dag1.py
[2022-06-30 15:48:26,875] {processor.py:642} INFO - Processing file /opt/airflow/dags/data_ingestion_gcs_dag1.py for tasks to queue
[2022-06-30 15:48:26,876] {logging_mixin.py:109} INFO - [2022-06-30 15:48:26,876] {dagbag.py:500} INFO - Filling up the DagBag from /opt/airflow/dags/data_ingestion_gcs_dag1.py
[2022-06-30 15:48:27,693] {processor.py:654} INFO - DAG(s) dict_keys(['data_ingestion_gcs_dag']) retrieved from /opt/airflow/dags/data_ingestion_gcs_dag1.py
[2022-06-30 15:48:27,706] {logging_mixin.py:109} INFO - [2022-06-30 15:48:27,705] {dag.py:2396} INFO - Sync 1 DAGs
[2022-06-30 15:48:27,729] {logging_mixin.py:109} INFO - [2022-06-30 15:48:27,729] {dag.py:2935} INFO - Setting next_dagrun for data_ingestion_gcs_dag to 2022-06-30T00:00:00+00:00
[2022-06-30 15:48:27,742] {processor.py:171} INFO - Processing /opt/airflow/dags/data_ingestion_gcs_dag1.py took 0.875 seconds
[2022-06-30 15:48:57,870] {processor.py:163} INFO - Started process (PID=3304) to work on /opt/airflow/dags/data_ingestion_gcs_dag1.py
[2022-06-30 15:48:57,872] {processor.py:642} INFO - Processing file /opt/airflow/dags/data_ingestion_gcs_dag1.py for tasks to queue
[2022-06-30 15:48:57,873] {logging_mixin.py:109} INFO - [2022-06-30 15:48:57,873] {dagbag.py:500} INFO - Filling up the DagBag from /opt/airflow/dags/data_ingestion_gcs_dag1.py
[2022-06-30 15:48:58,673] {processor.py:654} INFO - DAG(s) dict_keys(['data_ingestion_gcs_dag']) retrieved from /opt/airflow/dags/data_ingestion_gcs_dag1.py
[2022-06-30 15:48:58,677] {logging_mixin.py:109} INFO - [2022-06-30 15:48:58,676] {dag.py:2396} INFO - Sync 1 DAGs
[2022-06-30 15:48:58,693] {logging_mixin.py:109} INFO - [2022-06-30 15:48:58,692] {dag.py:2935} INFO - Setting next_dagrun for data_ingestion_gcs_dag to 2022-06-30T00:00:00+00:00
[2022-06-30 15:48:58,703] {processor.py:171} INFO - Processing /opt/airflow/dags/data_ingestion_gcs_dag1.py took 0.838 seconds
[2022-06-30 15:49:28,827] {processor.py:163} INFO - Started process (PID=3340) to work on /opt/airflow/dags/data_ingestion_gcs_dag1.py
[2022-06-30 15:49:28,829] {processor.py:642} INFO - Processing file /opt/airflow/dags/data_ingestion_gcs_dag1.py for tasks to queue
[2022-06-30 15:49:28,829] {logging_mixin.py:109} INFO - [2022-06-30 15:49:28,829] {dagbag.py:500} INFO - Filling up the DagBag from /opt/airflow/dags/data_ingestion_gcs_dag1.py
[2022-06-30 15:49:29,614] {processor.py:654} INFO - DAG(s) dict_keys(['data_ingestion_gcs_dag']) retrieved from /opt/airflow/dags/data_ingestion_gcs_dag1.py
[2022-06-30 15:49:29,802] {logging_mixin.py:109} INFO - [2022-06-30 15:49:29,802] {dag.py:2396} INFO - Sync 1 DAGs
[2022-06-30 15:49:29,817] {logging_mixin.py:109} INFO - [2022-06-30 15:49:29,817] {dag.py:2935} INFO - Setting next_dagrun for data_ingestion_gcs_dag to 2022-06-30T00:00:00+00:00
[2022-06-30 15:49:29,830] {processor.py:171} INFO - Processing /opt/airflow/dags/data_ingestion_gcs_dag1.py took 1.009 seconds
[2022-06-30 15:49:59,935] {processor.py:163} INFO - Started process (PID=3385) to work on /opt/airflow/dags/data_ingestion_gcs_dag1.py
[2022-06-30 15:49:59,938] {processor.py:642} INFO - Processing file /opt/airflow/dags/data_ingestion_gcs_dag1.py for tasks to queue
[2022-06-30 15:49:59,938] {logging_mixin.py:109} INFO - [2022-06-30 15:49:59,938] {dagbag.py:500} INFO - Filling up the DagBag from /opt/airflow/dags/data_ingestion_gcs_dag1.py
[2022-06-30 15:50:00,740] {processor.py:654} INFO - DAG(s) dict_keys(['data_ingestion_gcs_dag']) retrieved from /opt/airflow/dags/data_ingestion_gcs_dag1.py
[2022-06-30 15:50:00,749] {logging_mixin.py:109} INFO - [2022-06-30 15:50:00,749] {dag.py:2396} INFO - Sync 1 DAGs
[2022-06-30 15:50:00,766] {logging_mixin.py:109} INFO - [2022-06-30 15:50:00,766] {dag.py:2935} INFO - Setting next_dagrun for data_ingestion_gcs_dag to 2022-06-30T00:00:00+00:00
[2022-06-30 15:50:00,776] {processor.py:171} INFO - Processing /opt/airflow/dags/data_ingestion_gcs_dag1.py took 0.845 seconds
[2022-06-30 15:50:27,893] {processor.py:163} INFO - Started process (PID=3421) to work on /opt/airflow/dags/data_ingestion_gcs_dag1.py
[2022-06-30 15:50:27,895] {processor.py:642} INFO - Processing file /opt/airflow/dags/data_ingestion_gcs_dag1.py for tasks to queue
[2022-06-30 15:50:27,896] {logging_mixin.py:109} INFO - [2022-06-30 15:50:27,895] {dagbag.py:500} INFO - Filling up the DagBag from /opt/airflow/dags/data_ingestion_gcs_dag1.py
[2022-06-30 15:50:28,698] {processor.py:654} INFO - DAG(s) dict_keys(['data_ingestion_gcs_dag']) retrieved from /opt/airflow/dags/data_ingestion_gcs_dag1.py
[2022-06-30 15:50:28,701] {logging_mixin.py:109} INFO - [2022-06-30 15:50:28,701] {dag.py:2396} INFO - Sync 1 DAGs
[2022-06-30 15:50:28,719] {logging_mixin.py:109} INFO - [2022-06-30 15:50:28,719] {dag.py:2935} INFO - Setting next_dagrun for data_ingestion_gcs_dag to 2022-06-30T00:00:00+00:00
[2022-06-30 15:50:28,734] {processor.py:171} INFO - Processing /opt/airflow/dags/data_ingestion_gcs_dag1.py took 0.845 seconds
[2022-06-30 15:50:58,860] {processor.py:163} INFO - Started process (PID=3465) to work on /opt/airflow/dags/data_ingestion_gcs_dag1.py
[2022-06-30 15:50:58,862] {processor.py:642} INFO - Processing file /opt/airflow/dags/data_ingestion_gcs_dag1.py for tasks to queue
[2022-06-30 15:50:58,863] {logging_mixin.py:109} INFO - [2022-06-30 15:50:58,863] {dagbag.py:500} INFO - Filling up the DagBag from /opt/airflow/dags/data_ingestion_gcs_dag1.py
[2022-06-30 15:50:59,685] {processor.py:654} INFO - DAG(s) dict_keys(['data_ingestion_gcs_dag']) retrieved from /opt/airflow/dags/data_ingestion_gcs_dag1.py
[2022-06-30 15:50:59,878] {logging_mixin.py:109} INFO - [2022-06-30 15:50:59,878] {dag.py:2396} INFO - Sync 1 DAGs
[2022-06-30 15:50:59,895] {logging_mixin.py:109} INFO - [2022-06-30 15:50:59,895] {dag.py:2935} INFO - Setting next_dagrun for data_ingestion_gcs_dag to 2022-06-30T00:00:00+00:00
[2022-06-30 15:50:59,907] {processor.py:171} INFO - Processing /opt/airflow/dags/data_ingestion_gcs_dag1.py took 1.051 seconds
[2022-06-30 15:51:04,904] {processor.py:163} INFO - Started process (PID=3474) to work on /opt/airflow/dags/data_ingestion_gcs_dag1.py
[2022-06-30 15:51:04,906] {processor.py:642} INFO - Processing file /opt/airflow/dags/data_ingestion_gcs_dag1.py for tasks to queue
[2022-06-30 15:51:04,906] {logging_mixin.py:109} INFO - [2022-06-30 15:51:04,906] {dagbag.py:500} INFO - Filling up the DagBag from /opt/airflow/dags/data_ingestion_gcs_dag1.py
[2022-06-30 15:51:05,696] {processor.py:654} INFO - DAG(s) dict_keys(['data_ingestion_gcs_dag']) retrieved from /opt/airflow/dags/data_ingestion_gcs_dag1.py
[2022-06-30 15:51:05,699] {logging_mixin.py:109} INFO - [2022-06-30 15:51:05,699] {dag.py:2396} INFO - Sync 1 DAGs
[2022-06-30 15:51:05,717] {logging_mixin.py:109} INFO - [2022-06-30 15:51:05,717] {dag.py:2935} INFO - Setting next_dagrun for data_ingestion_gcs_dag to 2022-06-30T00:00:00+00:00
[2022-06-30 15:51:05,727] {processor.py:171} INFO - Processing /opt/airflow/dags/data_ingestion_gcs_dag1.py took 0.827 seconds
[2022-06-30 15:51:35,847] {processor.py:163} INFO - Started process (PID=3519) to work on /opt/airflow/dags/data_ingestion_gcs_dag1.py
[2022-06-30 15:51:35,849] {processor.py:642} INFO - Processing file /opt/airflow/dags/data_ingestion_gcs_dag1.py for tasks to queue
[2022-06-30 15:51:35,850] {logging_mixin.py:109} INFO - [2022-06-30 15:51:35,850] {dagbag.py:500} INFO - Filling up the DagBag from /opt/airflow/dags/data_ingestion_gcs_dag1.py
[2022-06-30 15:51:36,663] {processor.py:654} INFO - DAG(s) dict_keys(['data_ingestion_gcs_dag']) retrieved from /opt/airflow/dags/data_ingestion_gcs_dag1.py
[2022-06-30 15:51:36,674] {logging_mixin.py:109} INFO - [2022-06-30 15:51:36,674] {dag.py:2396} INFO - Sync 1 DAGs
[2022-06-30 15:51:36,690] {logging_mixin.py:109} INFO - [2022-06-30 15:51:36,690] {dag.py:2935} INFO - Setting next_dagrun for data_ingestion_gcs_dag to 2022-06-30T00:00:00+00:00
[2022-06-30 15:51:36,700] {processor.py:171} INFO - Processing /opt/airflow/dags/data_ingestion_gcs_dag1.py took 0.857 seconds
[2022-06-30 15:52:07,114] {processor.py:163} INFO - Started process (PID=3556) to work on /opt/airflow/dags/data_ingestion_gcs_dag1.py
[2022-06-30 15:52:07,116] {processor.py:642} INFO - Processing file /opt/airflow/dags/data_ingestion_gcs_dag1.py for tasks to queue
[2022-06-30 15:52:07,117] {logging_mixin.py:109} INFO - [2022-06-30 15:52:07,117] {dagbag.py:500} INFO - Filling up the DagBag from /opt/airflow/dags/data_ingestion_gcs_dag1.py
[2022-06-30 15:52:07,923] {processor.py:654} INFO - DAG(s) dict_keys(['data_ingestion_gcs_dag']) retrieved from /opt/airflow/dags/data_ingestion_gcs_dag1.py
[2022-06-30 15:52:07,927] {logging_mixin.py:109} INFO - [2022-06-30 15:52:07,927] {dag.py:2396} INFO - Sync 1 DAGs
[2022-06-30 15:52:07,944] {logging_mixin.py:109} INFO - [2022-06-30 15:52:07,944] {dag.py:2935} INFO - Setting next_dagrun for data_ingestion_gcs_dag to 2022-06-30T00:00:00+00:00
[2022-06-30 15:52:07,953] {processor.py:171} INFO - Processing /opt/airflow/dags/data_ingestion_gcs_dag1.py took 0.843 seconds
[2022-06-30 15:52:38,079] {processor.py:163} INFO - Started process (PID=3602) to work on /opt/airflow/dags/data_ingestion_gcs_dag1.py
[2022-06-30 15:52:38,080] {processor.py:642} INFO - Processing file /opt/airflow/dags/data_ingestion_gcs_dag1.py for tasks to queue
[2022-06-30 15:52:38,081] {logging_mixin.py:109} INFO - [2022-06-30 15:52:38,081] {dagbag.py:500} INFO - Filling up the DagBag from /opt/airflow/dags/data_ingestion_gcs_dag1.py
[2022-06-30 15:52:38,870] {processor.py:654} INFO - DAG(s) dict_keys(['data_ingestion_gcs_dag']) retrieved from /opt/airflow/dags/data_ingestion_gcs_dag1.py
[2022-06-30 15:52:39,062] {logging_mixin.py:109} INFO - [2022-06-30 15:52:39,062] {dag.py:2396} INFO - Sync 1 DAGs
[2022-06-30 15:52:39,079] {logging_mixin.py:109} INFO - [2022-06-30 15:52:39,079] {dag.py:2935} INFO - Setting next_dagrun for data_ingestion_gcs_dag to 2022-06-30T00:00:00+00:00
[2022-06-30 15:52:39,091] {processor.py:171} INFO - Processing /opt/airflow/dags/data_ingestion_gcs_dag1.py took 1.017 seconds
[2022-06-30 15:53:09,197] {processor.py:163} INFO - Started process (PID=3638) to work on /opt/airflow/dags/data_ingestion_gcs_dag1.py
[2022-06-30 15:53:09,199] {processor.py:642} INFO - Processing file /opt/airflow/dags/data_ingestion_gcs_dag1.py for tasks to queue
[2022-06-30 15:53:09,200] {logging_mixin.py:109} INFO - [2022-06-30 15:53:09,200] {dagbag.py:500} INFO - Filling up the DagBag from /opt/airflow/dags/data_ingestion_gcs_dag1.py
[2022-06-30 15:53:10,005] {processor.py:654} INFO - DAG(s) dict_keys(['data_ingestion_gcs_dag']) retrieved from /opt/airflow/dags/data_ingestion_gcs_dag1.py
[2022-06-30 15:53:10,014] {logging_mixin.py:109} INFO - [2022-06-30 15:53:10,014] {dag.py:2396} INFO - Sync 1 DAGs
[2022-06-30 15:53:10,029] {logging_mixin.py:109} INFO - [2022-06-30 15:53:10,029] {dag.py:2935} INFO - Setting next_dagrun for data_ingestion_gcs_dag to 2022-06-30T00:00:00+00:00
[2022-06-30 15:53:10,038] {processor.py:171} INFO - Processing /opt/airflow/dags/data_ingestion_gcs_dag1.py took 0.846 seconds
[2022-06-30 15:53:40,162] {processor.py:163} INFO - Started process (PID=3683) to work on /opt/airflow/dags/data_ingestion_gcs_dag1.py
[2022-06-30 15:53:40,165] {processor.py:642} INFO - Processing file /opt/airflow/dags/data_ingestion_gcs_dag1.py for tasks to queue
[2022-06-30 15:53:40,165] {logging_mixin.py:109} INFO - [2022-06-30 15:53:40,165] {dagbag.py:500} INFO - Filling up the DagBag from /opt/airflow/dags/data_ingestion_gcs_dag1.py
[2022-06-30 15:53:40,968] {processor.py:654} INFO - DAG(s) dict_keys(['data_ingestion_gcs_dag']) retrieved from /opt/airflow/dags/data_ingestion_gcs_dag1.py
[2022-06-30 15:53:40,972] {logging_mixin.py:109} INFO - [2022-06-30 15:53:40,972] {dag.py:2396} INFO - Sync 1 DAGs
[2022-06-30 15:53:40,990] {logging_mixin.py:109} INFO - [2022-06-30 15:53:40,990] {dag.py:2935} INFO - Setting next_dagrun for data_ingestion_gcs_dag to 2022-06-30T00:00:00+00:00
[2022-06-30 15:53:41,003] {processor.py:171} INFO - Processing /opt/airflow/dags/data_ingestion_gcs_dag1.py took 0.846 seconds
[2022-06-30 15:54:11,085] {processor.py:163} INFO - Started process (PID=3719) to work on /opt/airflow/dags/data_ingestion_gcs_dag1.py
[2022-06-30 15:54:11,088] {processor.py:642} INFO - Processing file /opt/airflow/dags/data_ingestion_gcs_dag1.py for tasks to queue
[2022-06-30 15:54:11,089] {logging_mixin.py:109} INFO - [2022-06-30 15:54:11,088] {dagbag.py:500} INFO - Filling up the DagBag from /opt/airflow/dags/data_ingestion_gcs_dag1.py
[2022-06-30 15:54:11,982] {processor.py:654} INFO - DAG(s) dict_keys(['data_ingestion_gcs_dag']) retrieved from /opt/airflow/dags/data_ingestion_gcs_dag1.py
[2022-06-30 15:54:12,178] {logging_mixin.py:109} INFO - [2022-06-30 15:54:12,178] {dag.py:2396} INFO - Sync 1 DAGs
[2022-06-30 15:54:12,193] {logging_mixin.py:109} INFO - [2022-06-30 15:54:12,193] {dag.py:2935} INFO - Setting next_dagrun for data_ingestion_gcs_dag to 2022-06-30T00:00:00+00:00
[2022-06-30 15:54:12,205] {processor.py:171} INFO - Processing /opt/airflow/dags/data_ingestion_gcs_dag1.py took 1.125 seconds
[2022-06-30 15:54:59,389] {processor.py:163} INFO - Started process (PID=162) to work on /opt/airflow/dags/data_ingestion_gcs_dag1.py
[2022-06-30 15:54:59,394] {processor.py:642} INFO - Processing file /opt/airflow/dags/data_ingestion_gcs_dag1.py for tasks to queue
[2022-06-30 15:54:59,395] {logging_mixin.py:109} INFO - [2022-06-30 15:54:59,395] {dagbag.py:500} INFO - Filling up the DagBag from /opt/airflow/dags/data_ingestion_gcs_dag1.py
[2022-06-30 15:55:00,556] {processor.py:654} INFO - DAG(s) dict_keys(['data_ingestion_gcs_dag']) retrieved from /opt/airflow/dags/data_ingestion_gcs_dag1.py
[2022-06-30 15:55:00,571] {logging_mixin.py:109} INFO - [2022-06-30 15:55:00,570] {dag.py:2396} INFO - Sync 1 DAGs
[2022-06-30 15:55:00,717] {logging_mixin.py:109} INFO - [2022-06-30 15:55:00,716] {dag.py:2935} INFO - Setting next_dagrun for data_ingestion_gcs_dag to 2022-06-30T00:00:00+00:00
[2022-06-30 15:55:00,732] {processor.py:171} INFO - Processing /opt/airflow/dags/data_ingestion_gcs_dag1.py took 1.353 seconds
[2022-06-30 15:55:30,843] {processor.py:163} INFO - Started process (PID=206) to work on /opt/airflow/dags/data_ingestion_gcs_dag1.py
[2022-06-30 15:55:30,844] {processor.py:642} INFO - Processing file /opt/airflow/dags/data_ingestion_gcs_dag1.py for tasks to queue
[2022-06-30 15:55:30,845] {logging_mixin.py:109} INFO - [2022-06-30 15:55:30,845] {dagbag.py:500} INFO - Filling up the DagBag from /opt/airflow/dags/data_ingestion_gcs_dag1.py
[2022-06-30 15:55:31,705] {processor.py:654} INFO - DAG(s) dict_keys(['data_ingestion_gcs_dag']) retrieved from /opt/airflow/dags/data_ingestion_gcs_dag1.py
[2022-06-30 15:55:32,031] {logging_mixin.py:109} INFO - [2022-06-30 15:55:32,030] {dag.py:2396} INFO - Sync 1 DAGs
[2022-06-30 15:55:32,050] {logging_mixin.py:109} INFO - [2022-06-30 15:55:32,050] {dag.py:2935} INFO - Setting next_dagrun for data_ingestion_gcs_dag to 2022-06-30T00:00:00+00:00
[2022-06-30 15:55:32,062] {processor.py:171} INFO - Processing /opt/airflow/dags/data_ingestion_gcs_dag1.py took 1.223 seconds
[2022-06-30 15:56:02,195] {processor.py:163} INFO - Started process (PID=242) to work on /opt/airflow/dags/data_ingestion_gcs_dag1.py
[2022-06-30 15:56:02,197] {processor.py:642} INFO - Processing file /opt/airflow/dags/data_ingestion_gcs_dag1.py for tasks to queue
[2022-06-30 15:56:02,198] {logging_mixin.py:109} INFO - [2022-06-30 15:56:02,198] {dagbag.py:500} INFO - Filling up the DagBag from /opt/airflow/dags/data_ingestion_gcs_dag1.py
[2022-06-30 15:56:02,986] {processor.py:654} INFO - DAG(s) dict_keys(['data_ingestion_gcs_dag']) retrieved from /opt/airflow/dags/data_ingestion_gcs_dag1.py
[2022-06-30 15:56:02,997] {logging_mixin.py:109} INFO - [2022-06-30 15:56:02,997] {dag.py:2396} INFO - Sync 1 DAGs
[2022-06-30 15:56:03,104] {logging_mixin.py:109} INFO - [2022-06-30 15:56:03,104] {dag.py:2935} INFO - Setting next_dagrun for data_ingestion_gcs_dag to 2022-06-30T00:00:00+00:00
[2022-06-30 15:56:03,115] {processor.py:171} INFO - Processing /opt/airflow/dags/data_ingestion_gcs_dag1.py took 0.924 seconds
[2022-06-30 15:56:33,328] {processor.py:163} INFO - Started process (PID=288) to work on /opt/airflow/dags/data_ingestion_gcs_dag1.py
[2022-06-30 15:56:33,330] {processor.py:642} INFO - Processing file /opt/airflow/dags/data_ingestion_gcs_dag1.py for tasks to queue
[2022-06-30 15:56:33,331] {logging_mixin.py:109} INFO - [2022-06-30 15:56:33,331] {dagbag.py:500} INFO - Filling up the DagBag from /opt/airflow/dags/data_ingestion_gcs_dag1.py
[2022-06-30 15:56:34,241] {processor.py:654} INFO - DAG(s) dict_keys(['data_ingestion_gcs_dag']) retrieved from /opt/airflow/dags/data_ingestion_gcs_dag1.py
[2022-06-30 15:56:34,581] {logging_mixin.py:109} INFO - [2022-06-30 15:56:34,581] {dag.py:2396} INFO - Sync 1 DAGs
[2022-06-30 15:56:34,597] {logging_mixin.py:109} INFO - [2022-06-30 15:56:34,597] {dag.py:2935} INFO - Setting next_dagrun for data_ingestion_gcs_dag to 2022-06-30T00:00:00+00:00
[2022-06-30 15:56:34,609] {processor.py:171} INFO - Processing /opt/airflow/dags/data_ingestion_gcs_dag1.py took 1.285 seconds
[2022-06-30 15:57:04,688] {processor.py:163} INFO - Started process (PID=328) to work on /opt/airflow/dags/data_ingestion_gcs_dag1.py
[2022-06-30 15:57:04,689] {processor.py:642} INFO - Processing file /opt/airflow/dags/data_ingestion_gcs_dag1.py for tasks to queue
[2022-06-30 15:57:04,690] {logging_mixin.py:109} INFO - [2022-06-30 15:57:04,690] {dagbag.py:500} INFO - Filling up the DagBag from /opt/airflow/dags/data_ingestion_gcs_dag1.py
[2022-06-30 15:57:05,514] {processor.py:654} INFO - DAG(s) dict_keys(['data_ingestion_gcs_dag']) retrieved from /opt/airflow/dags/data_ingestion_gcs_dag1.py
[2022-06-30 15:57:05,608] {logging_mixin.py:109} INFO - [2022-06-30 15:57:05,607] {dag.py:2396} INFO - Sync 1 DAGs
[2022-06-30 15:57:05,626] {logging_mixin.py:109} INFO - [2022-06-30 15:57:05,626] {dag.py:2935} INFO - Setting next_dagrun for data_ingestion_gcs_dag to 2022-06-30T00:00:00+00:00
[2022-06-30 15:57:05,637] {processor.py:171} INFO - Processing /opt/airflow/dags/data_ingestion_gcs_dag1.py took 0.954 seconds
[2022-06-30 15:57:35,771] {processor.py:163} INFO - Started process (PID=371) to work on /opt/airflow/dags/data_ingestion_gcs_dag1.py
[2022-06-30 15:57:35,774] {processor.py:642} INFO - Processing file /opt/airflow/dags/data_ingestion_gcs_dag1.py for tasks to queue
[2022-06-30 15:57:35,774] {logging_mixin.py:109} INFO - [2022-06-30 15:57:35,774] {dagbag.py:500} INFO - Filling up the DagBag from /opt/airflow/dags/data_ingestion_gcs_dag1.py
[2022-06-30 15:57:36,548] {processor.py:654} INFO - DAG(s) dict_keys(['data_ingestion_gcs_dag']) retrieved from /opt/airflow/dags/data_ingestion_gcs_dag1.py
[2022-06-30 15:57:36,878] {logging_mixin.py:109} INFO - [2022-06-30 15:57:36,878] {dag.py:2396} INFO - Sync 1 DAGs
[2022-06-30 15:57:36,896] {logging_mixin.py:109} INFO - [2022-06-30 15:57:36,896] {dag.py:2935} INFO - Setting next_dagrun for data_ingestion_gcs_dag to 2022-06-30T00:00:00+00:00
[2022-06-30 15:57:36,907] {processor.py:171} INFO - Processing /opt/airflow/dags/data_ingestion_gcs_dag1.py took 1.141 seconds
[2022-06-30 15:58:06,990] {processor.py:163} INFO - Started process (PID=410) to work on /opt/airflow/dags/data_ingestion_gcs_dag1.py
[2022-06-30 15:58:06,992] {processor.py:642} INFO - Processing file /opt/airflow/dags/data_ingestion_gcs_dag1.py for tasks to queue
[2022-06-30 15:58:06,993] {logging_mixin.py:109} INFO - [2022-06-30 15:58:06,993] {dagbag.py:500} INFO - Filling up the DagBag from /opt/airflow/dags/data_ingestion_gcs_dag1.py
[2022-06-30 15:58:07,959] {processor.py:654} INFO - DAG(s) dict_keys(['data_ingestion_gcs_dag']) retrieved from /opt/airflow/dags/data_ingestion_gcs_dag1.py
[2022-06-30 15:58:07,969] {logging_mixin.py:109} INFO - [2022-06-30 15:58:07,968] {dag.py:2396} INFO - Sync 1 DAGs
[2022-06-30 15:58:07,987] {logging_mixin.py:109} INFO - [2022-06-30 15:58:07,987] {dag.py:2935} INFO - Setting next_dagrun for data_ingestion_gcs_dag to 2022-06-30T00:00:00+00:00
[2022-06-30 15:58:07,998] {processor.py:171} INFO - Processing /opt/airflow/dags/data_ingestion_gcs_dag1.py took 1.013 seconds
