[2022-07-11 16:08:48,863] {processor.py:163} INFO - Started process (PID=38) to work on /opt/airflow/dags/gcs_to_bq_dag.py
[2022-07-11 16:08:48,865] {processor.py:642} INFO - Processing file /opt/airflow/dags/gcs_to_bq_dag.py for tasks to queue
[2022-07-11 16:08:48,867] {logging_mixin.py:109} INFO - [2022-07-11 16:08:48,867] {dagbag.py:500} INFO - Filling up the DagBag from /opt/airflow/dags/gcs_to_bq_dag.py
[2022-07-11 16:08:52,660] {processor.py:654} INFO - DAG(s) dict_keys(['gcs_2_bq_dag']) retrieved from /opt/airflow/dags/gcs_to_bq_dag.py
[2022-07-11 16:09:01,249] {logging_mixin.py:109} INFO - [2022-07-11 16:09:01,249] {manager.py:496} INFO - Created Permission View: can read on DAG:gcs_2_bq_dag
[2022-07-11 16:09:01,261] {logging_mixin.py:109} INFO - [2022-07-11 16:09:01,261] {manager.py:496} INFO - Created Permission View: can edit on DAG:gcs_2_bq_dag
[2022-07-11 16:09:01,262] {logging_mixin.py:109} INFO - [2022-07-11 16:09:01,262] {dag.py:2396} INFO - Sync 1 DAGs
[2022-07-11 16:09:01,277] {logging_mixin.py:109} INFO - [2022-07-11 16:09:01,277] {dag.py:2415} INFO - Creating ORM DAG for gcs_2_bq_dag
[2022-07-11 16:09:01,297] {logging_mixin.py:109} INFO - [2022-07-11 16:09:01,297] {dag.py:2935} INFO - Setting next_dagrun for gcs_2_bq_dag to 2022-07-10 00:00:00+00:00
[2022-07-11 16:09:01,324] {processor.py:171} INFO - Processing /opt/airflow/dags/gcs_to_bq_dag.py took 12.473 seconds
[2022-07-11 16:09:31,428] {processor.py:163} INFO - Started process (PID=70) to work on /opt/airflow/dags/gcs_to_bq_dag.py
[2022-07-11 16:09:31,437] {processor.py:642} INFO - Processing file /opt/airflow/dags/gcs_to_bq_dag.py for tasks to queue
[2022-07-11 16:09:31,438] {logging_mixin.py:109} INFO - [2022-07-11 16:09:31,437] {dagbag.py:500} INFO - Filling up the DagBag from /opt/airflow/dags/gcs_to_bq_dag.py
[2022-07-11 16:09:32,309] {processor.py:654} INFO - DAG(s) dict_keys(['gcs_2_bq_dag']) retrieved from /opt/airflow/dags/gcs_to_bq_dag.py
[2022-07-11 16:09:32,319] {logging_mixin.py:109} INFO - [2022-07-11 16:09:32,319] {dag.py:2396} INFO - Sync 1 DAGs
[2022-07-11 16:09:32,336] {logging_mixin.py:109} INFO - [2022-07-11 16:09:32,336] {dag.py:2935} INFO - Setting next_dagrun for gcs_2_bq_dag to 2022-07-10 00:00:00+00:00
[2022-07-11 16:09:32,346] {processor.py:171} INFO - Processing /opt/airflow/dags/gcs_to_bq_dag.py took 0.923 seconds
[2022-07-11 16:10:02,424] {processor.py:163} INFO - Started process (PID=102) to work on /opt/airflow/dags/gcs_to_bq_dag.py
[2022-07-11 16:10:02,426] {processor.py:642} INFO - Processing file /opt/airflow/dags/gcs_to_bq_dag.py for tasks to queue
[2022-07-11 16:10:02,427] {logging_mixin.py:109} INFO - [2022-07-11 16:10:02,426] {dagbag.py:500} INFO - Filling up the DagBag from /opt/airflow/dags/gcs_to_bq_dag.py
[2022-07-11 16:10:03,251] {processor.py:654} INFO - DAG(s) dict_keys(['gcs_2_bq_dag']) retrieved from /opt/airflow/dags/gcs_to_bq_dag.py
[2022-07-11 16:10:03,261] {logging_mixin.py:109} INFO - [2022-07-11 16:10:03,261] {dag.py:2396} INFO - Sync 1 DAGs
[2022-07-11 16:10:03,277] {logging_mixin.py:109} INFO - [2022-07-11 16:10:03,277] {dag.py:2935} INFO - Setting next_dagrun for gcs_2_bq_dag to 2022-07-10 00:00:00+00:00
[2022-07-11 16:10:03,289] {processor.py:171} INFO - Processing /opt/airflow/dags/gcs_to_bq_dag.py took 0.868 seconds
[2022-07-11 16:10:33,361] {processor.py:163} INFO - Started process (PID=125) to work on /opt/airflow/dags/gcs_to_bq_dag.py
[2022-07-11 16:10:33,364] {processor.py:642} INFO - Processing file /opt/airflow/dags/gcs_to_bq_dag.py for tasks to queue
[2022-07-11 16:10:33,365] {logging_mixin.py:109} INFO - [2022-07-11 16:10:33,365] {dagbag.py:500} INFO - Filling up the DagBag from /opt/airflow/dags/gcs_to_bq_dag.py
[2022-07-11 16:10:34,204] {processor.py:654} INFO - DAG(s) dict_keys(['gcs_2_bq_dag']) retrieved from /opt/airflow/dags/gcs_to_bq_dag.py
[2022-07-11 16:10:34,215] {logging_mixin.py:109} INFO - [2022-07-11 16:10:34,214] {dag.py:2396} INFO - Sync 1 DAGs
[2022-07-11 16:10:34,232] {logging_mixin.py:109} INFO - [2022-07-11 16:10:34,231] {dag.py:2935} INFO - Setting next_dagrun for gcs_2_bq_dag to 2022-07-10 00:00:00+00:00
[2022-07-11 16:10:34,244] {processor.py:171} INFO - Processing /opt/airflow/dags/gcs_to_bq_dag.py took 0.887 seconds
[2022-07-11 16:11:04,385] {processor.py:163} INFO - Started process (PID=158) to work on /opt/airflow/dags/gcs_to_bq_dag.py
[2022-07-11 16:11:04,386] {processor.py:642} INFO - Processing file /opt/airflow/dags/gcs_to_bq_dag.py for tasks to queue
[2022-07-11 16:11:04,387] {logging_mixin.py:109} INFO - [2022-07-11 16:11:04,387] {dagbag.py:500} INFO - Filling up the DagBag from /opt/airflow/dags/gcs_to_bq_dag.py
[2022-07-11 16:11:05,225] {processor.py:654} INFO - DAG(s) dict_keys(['gcs_2_bq_dag']) retrieved from /opt/airflow/dags/gcs_to_bq_dag.py
[2022-07-11 16:11:05,235] {logging_mixin.py:109} INFO - [2022-07-11 16:11:05,235] {dag.py:2396} INFO - Sync 1 DAGs
[2022-07-11 16:11:05,253] {logging_mixin.py:109} INFO - [2022-07-11 16:11:05,253] {dag.py:2935} INFO - Setting next_dagrun for gcs_2_bq_dag to 2022-07-10 00:00:00+00:00
[2022-07-11 16:11:05,264] {processor.py:171} INFO - Processing /opt/airflow/dags/gcs_to_bq_dag.py took 0.884 seconds
[2022-07-11 16:11:35,363] {processor.py:163} INFO - Started process (PID=182) to work on /opt/airflow/dags/gcs_to_bq_dag.py
[2022-07-11 16:11:35,367] {processor.py:642} INFO - Processing file /opt/airflow/dags/gcs_to_bq_dag.py for tasks to queue
[2022-07-11 16:11:35,368] {logging_mixin.py:109} INFO - [2022-07-11 16:11:35,368] {dagbag.py:500} INFO - Filling up the DagBag from /opt/airflow/dags/gcs_to_bq_dag.py
[2022-07-11 16:11:36,293] {processor.py:654} INFO - DAG(s) dict_keys(['gcs_2_bq_dag']) retrieved from /opt/airflow/dags/gcs_to_bq_dag.py
[2022-07-11 16:11:36,302] {logging_mixin.py:109} INFO - [2022-07-11 16:11:36,302] {dag.py:2396} INFO - Sync 1 DAGs
[2022-07-11 16:11:36,320] {logging_mixin.py:109} INFO - [2022-07-11 16:11:36,320] {dag.py:2935} INFO - Setting next_dagrun for gcs_2_bq_dag to 2022-07-10 00:00:00+00:00
[2022-07-11 16:11:36,330] {processor.py:171} INFO - Processing /opt/airflow/dags/gcs_to_bq_dag.py took 0.973 seconds
[2022-07-11 16:12:06,425] {processor.py:163} INFO - Started process (PID=216) to work on /opt/airflow/dags/gcs_to_bq_dag.py
[2022-07-11 16:12:06,433] {processor.py:642} INFO - Processing file /opt/airflow/dags/gcs_to_bq_dag.py for tasks to queue
[2022-07-11 16:12:06,434] {logging_mixin.py:109} INFO - [2022-07-11 16:12:06,434] {dagbag.py:500} INFO - Filling up the DagBag from /opt/airflow/dags/gcs_to_bq_dag.py
[2022-07-11 16:12:07,257] {processor.py:654} INFO - DAG(s) dict_keys(['gcs_2_bq_dag']) retrieved from /opt/airflow/dags/gcs_to_bq_dag.py
[2022-07-11 16:12:07,266] {logging_mixin.py:109} INFO - [2022-07-11 16:12:07,266] {dag.py:2396} INFO - Sync 1 DAGs
[2022-07-11 16:12:07,284] {logging_mixin.py:109} INFO - [2022-07-11 16:12:07,284] {dag.py:2935} INFO - Setting next_dagrun for gcs_2_bq_dag to 2022-07-10 00:00:00+00:00
[2022-07-11 16:12:07,294] {processor.py:171} INFO - Processing /opt/airflow/dags/gcs_to_bq_dag.py took 0.873 seconds
[2022-07-11 16:12:37,373] {processor.py:163} INFO - Started process (PID=239) to work on /opt/airflow/dags/gcs_to_bq_dag.py
[2022-07-11 16:12:37,377] {processor.py:642} INFO - Processing file /opt/airflow/dags/gcs_to_bq_dag.py for tasks to queue
[2022-07-11 16:12:37,378] {logging_mixin.py:109} INFO - [2022-07-11 16:12:37,378] {dagbag.py:500} INFO - Filling up the DagBag from /opt/airflow/dags/gcs_to_bq_dag.py
[2022-07-11 16:12:38,203] {processor.py:654} INFO - DAG(s) dict_keys(['gcs_2_bq_dag']) retrieved from /opt/airflow/dags/gcs_to_bq_dag.py
[2022-07-11 16:12:38,216] {logging_mixin.py:109} INFO - [2022-07-11 16:12:38,215] {dag.py:2396} INFO - Sync 1 DAGs
[2022-07-11 16:12:38,232] {logging_mixin.py:109} INFO - [2022-07-11 16:12:38,232] {dag.py:2935} INFO - Setting next_dagrun for gcs_2_bq_dag to 2022-07-10 00:00:00+00:00
[2022-07-11 16:12:38,242] {processor.py:171} INFO - Processing /opt/airflow/dags/gcs_to_bq_dag.py took 0.874 seconds
[2022-07-11 16:13:08,325] {processor.py:163} INFO - Started process (PID=272) to work on /opt/airflow/dags/gcs_to_bq_dag.py
[2022-07-11 16:13:08,327] {processor.py:642} INFO - Processing file /opt/airflow/dags/gcs_to_bq_dag.py for tasks to queue
[2022-07-11 16:13:08,328] {logging_mixin.py:109} INFO - [2022-07-11 16:13:08,328] {dagbag.py:500} INFO - Filling up the DagBag from /opt/airflow/dags/gcs_to_bq_dag.py
[2022-07-11 16:13:09,566] {processor.py:654} INFO - DAG(s) dict_keys(['gcs_2_bq_dag']) retrieved from /opt/airflow/dags/gcs_to_bq_dag.py
[2022-07-11 16:13:09,582] {logging_mixin.py:109} INFO - [2022-07-11 16:13:09,582] {dag.py:2396} INFO - Sync 1 DAGs
[2022-07-11 16:13:09,607] {logging_mixin.py:109} INFO - [2022-07-11 16:13:09,607] {dag.py:2935} INFO - Setting next_dagrun for gcs_2_bq_dag to 2022-07-10 00:00:00+00:00
[2022-07-11 16:13:09,625] {processor.py:171} INFO - Processing /opt/airflow/dags/gcs_to_bq_dag.py took 1.305 seconds
[2022-07-11 16:13:39,706] {processor.py:163} INFO - Started process (PID=295) to work on /opt/airflow/dags/gcs_to_bq_dag.py
[2022-07-11 16:13:39,709] {processor.py:642} INFO - Processing file /opt/airflow/dags/gcs_to_bq_dag.py for tasks to queue
[2022-07-11 16:13:39,710] {logging_mixin.py:109} INFO - [2022-07-11 16:13:39,710] {dagbag.py:500} INFO - Filling up the DagBag from /opt/airflow/dags/gcs_to_bq_dag.py
[2022-07-11 16:13:40,531] {processor.py:654} INFO - DAG(s) dict_keys(['gcs_2_bq_dag']) retrieved from /opt/airflow/dags/gcs_to_bq_dag.py
[2022-07-11 16:13:40,543] {logging_mixin.py:109} INFO - [2022-07-11 16:13:40,543] {dag.py:2396} INFO - Sync 1 DAGs
[2022-07-11 16:13:40,564] {logging_mixin.py:109} INFO - [2022-07-11 16:13:40,564] {dag.py:2935} INFO - Setting next_dagrun for gcs_2_bq_dag to 2022-07-10 00:00:00+00:00
[2022-07-11 16:13:40,584] {processor.py:171} INFO - Processing /opt/airflow/dags/gcs_to_bq_dag.py took 0.882 seconds
[2022-07-11 16:14:10,689] {processor.py:163} INFO - Started process (PID=320) to work on /opt/airflow/dags/gcs_to_bq_dag.py
[2022-07-11 16:14:10,695] {processor.py:642} INFO - Processing file /opt/airflow/dags/gcs_to_bq_dag.py for tasks to queue
[2022-07-11 16:14:10,695] {logging_mixin.py:109} INFO - [2022-07-11 16:14:10,695] {dagbag.py:500} INFO - Filling up the DagBag from /opt/airflow/dags/gcs_to_bq_dag.py
[2022-07-11 16:14:11,723] {processor.py:654} INFO - DAG(s) dict_keys(['gcs_2_bq_dag']) retrieved from /opt/airflow/dags/gcs_to_bq_dag.py
[2022-07-11 16:14:11,735] {logging_mixin.py:109} INFO - [2022-07-11 16:14:11,734] {dag.py:2396} INFO - Sync 1 DAGs
[2022-07-11 16:14:11,751] {logging_mixin.py:109} INFO - [2022-07-11 16:14:11,751] {dag.py:2935} INFO - Setting next_dagrun for gcs_2_bq_dag to 2022-07-10 00:00:00+00:00
[2022-07-11 16:14:11,761] {processor.py:171} INFO - Processing /opt/airflow/dags/gcs_to_bq_dag.py took 1.076 seconds
[2022-07-11 16:14:41,804] {processor.py:163} INFO - Started process (PID=353) to work on /opt/airflow/dags/gcs_to_bq_dag.py
[2022-07-11 16:14:41,808] {processor.py:642} INFO - Processing file /opt/airflow/dags/gcs_to_bq_dag.py for tasks to queue
[2022-07-11 16:14:41,809] {logging_mixin.py:109} INFO - [2022-07-11 16:14:41,808] {dagbag.py:500} INFO - Filling up the DagBag from /opt/airflow/dags/gcs_to_bq_dag.py
[2022-07-11 16:14:42,652] {processor.py:654} INFO - DAG(s) dict_keys(['gcs_2_bq_dag']) retrieved from /opt/airflow/dags/gcs_to_bq_dag.py
[2022-07-11 16:14:42,665] {logging_mixin.py:109} INFO - [2022-07-11 16:14:42,665] {dag.py:2396} INFO - Sync 1 DAGs
[2022-07-11 16:14:42,689] {logging_mixin.py:109} INFO - [2022-07-11 16:14:42,689] {dag.py:2935} INFO - Setting next_dagrun for gcs_2_bq_dag to 2022-07-10 00:00:00+00:00
[2022-07-11 16:14:42,699] {processor.py:171} INFO - Processing /opt/airflow/dags/gcs_to_bq_dag.py took 0.899 seconds
[2022-07-11 16:15:12,801] {processor.py:163} INFO - Started process (PID=376) to work on /opt/airflow/dags/gcs_to_bq_dag.py
[2022-07-11 16:15:12,811] {processor.py:642} INFO - Processing file /opt/airflow/dags/gcs_to_bq_dag.py for tasks to queue
[2022-07-11 16:15:12,812] {logging_mixin.py:109} INFO - [2022-07-11 16:15:12,812] {dagbag.py:500} INFO - Filling up the DagBag from /opt/airflow/dags/gcs_to_bq_dag.py
[2022-07-11 16:15:13,859] {processor.py:654} INFO - DAG(s) dict_keys(['gcs_2_bq_dag']) retrieved from /opt/airflow/dags/gcs_to_bq_dag.py
[2022-07-11 16:15:13,876] {logging_mixin.py:109} INFO - [2022-07-11 16:15:13,875] {dag.py:2396} INFO - Sync 1 DAGs
[2022-07-11 16:15:13,900] {logging_mixin.py:109} INFO - [2022-07-11 16:15:13,900] {dag.py:2935} INFO - Setting next_dagrun for gcs_2_bq_dag to 2022-07-10 00:00:00+00:00
[2022-07-11 16:15:13,912] {processor.py:171} INFO - Processing /opt/airflow/dags/gcs_to_bq_dag.py took 1.115 seconds
[2022-07-11 16:15:44,019] {processor.py:163} INFO - Started process (PID=408) to work on /opt/airflow/dags/gcs_to_bq_dag.py
[2022-07-11 16:15:44,020] {processor.py:642} INFO - Processing file /opt/airflow/dags/gcs_to_bq_dag.py for tasks to queue
[2022-07-11 16:15:44,021] {logging_mixin.py:109} INFO - [2022-07-11 16:15:44,021] {dagbag.py:500} INFO - Filling up the DagBag from /opt/airflow/dags/gcs_to_bq_dag.py
[2022-07-11 16:15:44,895] {processor.py:654} INFO - DAG(s) dict_keys(['gcs_2_bq_dag']) retrieved from /opt/airflow/dags/gcs_to_bq_dag.py
[2022-07-11 16:15:44,905] {logging_mixin.py:109} INFO - [2022-07-11 16:15:44,905] {dag.py:2396} INFO - Sync 1 DAGs
[2022-07-11 16:15:44,923] {logging_mixin.py:109} INFO - [2022-07-11 16:15:44,922] {dag.py:2935} INFO - Setting next_dagrun for gcs_2_bq_dag to 2022-07-10 00:00:00+00:00
[2022-07-11 16:15:44,932] {processor.py:171} INFO - Processing /opt/airflow/dags/gcs_to_bq_dag.py took 0.918 seconds
[2022-07-11 16:16:15,043] {processor.py:163} INFO - Started process (PID=431) to work on /opt/airflow/dags/gcs_to_bq_dag.py
[2022-07-11 16:16:15,045] {processor.py:642} INFO - Processing file /opt/airflow/dags/gcs_to_bq_dag.py for tasks to queue
[2022-07-11 16:16:15,046] {logging_mixin.py:109} INFO - [2022-07-11 16:16:15,046] {dagbag.py:500} INFO - Filling up the DagBag from /opt/airflow/dags/gcs_to_bq_dag.py
[2022-07-11 16:16:15,947] {processor.py:654} INFO - DAG(s) dict_keys(['gcs_2_bq_dag']) retrieved from /opt/airflow/dags/gcs_to_bq_dag.py
[2022-07-11 16:16:15,957] {logging_mixin.py:109} INFO - [2022-07-11 16:16:15,957] {dag.py:2396} INFO - Sync 1 DAGs
[2022-07-11 16:16:15,973] {logging_mixin.py:109} INFO - [2022-07-11 16:16:15,973] {dag.py:2935} INFO - Setting next_dagrun for gcs_2_bq_dag to 2022-07-10 00:00:00+00:00
[2022-07-11 16:16:15,983] {processor.py:171} INFO - Processing /opt/airflow/dags/gcs_to_bq_dag.py took 0.945 seconds
[2022-07-11 16:16:46,084] {processor.py:163} INFO - Started process (PID=466) to work on /opt/airflow/dags/gcs_to_bq_dag.py
[2022-07-11 16:16:46,087] {processor.py:642} INFO - Processing file /opt/airflow/dags/gcs_to_bq_dag.py for tasks to queue
[2022-07-11 16:16:46,088] {logging_mixin.py:109} INFO - [2022-07-11 16:16:46,088] {dagbag.py:500} INFO - Filling up the DagBag from /opt/airflow/dags/gcs_to_bq_dag.py
[2022-07-11 16:16:46,933] {processor.py:654} INFO - DAG(s) dict_keys(['gcs_2_bq_dag']) retrieved from /opt/airflow/dags/gcs_to_bq_dag.py
[2022-07-11 16:16:46,943] {logging_mixin.py:109} INFO - [2022-07-11 16:16:46,943] {dag.py:2396} INFO - Sync 1 DAGs
[2022-07-11 16:16:46,961] {logging_mixin.py:109} INFO - [2022-07-11 16:16:46,960] {dag.py:2935} INFO - Setting next_dagrun for gcs_2_bq_dag to 2022-07-10 00:00:00+00:00
[2022-07-11 16:16:46,971] {processor.py:171} INFO - Processing /opt/airflow/dags/gcs_to_bq_dag.py took 0.891 seconds
[2022-07-11 16:17:17,064] {processor.py:163} INFO - Started process (PID=490) to work on /opt/airflow/dags/gcs_to_bq_dag.py
[2022-07-11 16:17:17,066] {processor.py:642} INFO - Processing file /opt/airflow/dags/gcs_to_bq_dag.py for tasks to queue
[2022-07-11 16:17:17,067] {logging_mixin.py:109} INFO - [2022-07-11 16:17:17,066] {dagbag.py:500} INFO - Filling up the DagBag from /opt/airflow/dags/gcs_to_bq_dag.py
[2022-07-11 16:17:18,111] {processor.py:654} INFO - DAG(s) dict_keys(['gcs_2_bq_dag']) retrieved from /opt/airflow/dags/gcs_to_bq_dag.py
[2022-07-11 16:17:18,124] {logging_mixin.py:109} INFO - [2022-07-11 16:17:18,124] {dag.py:2396} INFO - Sync 1 DAGs
[2022-07-11 16:17:18,147] {logging_mixin.py:109} INFO - [2022-07-11 16:17:18,147] {dag.py:2935} INFO - Setting next_dagrun for gcs_2_bq_dag to 2022-07-10 00:00:00+00:00
[2022-07-11 16:17:18,161] {processor.py:171} INFO - Processing /opt/airflow/dags/gcs_to_bq_dag.py took 1.103 seconds
[2022-07-11 16:17:48,240] {processor.py:163} INFO - Started process (PID=524) to work on /opt/airflow/dags/gcs_to_bq_dag.py
[2022-07-11 16:17:48,243] {processor.py:642} INFO - Processing file /opt/airflow/dags/gcs_to_bq_dag.py for tasks to queue
[2022-07-11 16:17:48,244] {logging_mixin.py:109} INFO - [2022-07-11 16:17:48,244] {dagbag.py:500} INFO - Filling up the DagBag from /opt/airflow/dags/gcs_to_bq_dag.py
[2022-07-11 16:17:49,099] {processor.py:654} INFO - DAG(s) dict_keys(['gcs_2_bq_dag']) retrieved from /opt/airflow/dags/gcs_to_bq_dag.py
[2022-07-11 16:17:49,109] {logging_mixin.py:109} INFO - [2022-07-11 16:17:49,109] {dag.py:2396} INFO - Sync 1 DAGs
[2022-07-11 16:17:49,126] {logging_mixin.py:109} INFO - [2022-07-11 16:17:49,126] {dag.py:2935} INFO - Setting next_dagrun for gcs_2_bq_dag to 2022-07-10 00:00:00+00:00
[2022-07-11 16:17:49,137] {processor.py:171} INFO - Processing /opt/airflow/dags/gcs_to_bq_dag.py took 0.902 seconds
[2022-07-11 16:18:19,267] {processor.py:163} INFO - Started process (PID=546) to work on /opt/airflow/dags/gcs_to_bq_dag.py
[2022-07-11 16:18:19,269] {processor.py:642} INFO - Processing file /opt/airflow/dags/gcs_to_bq_dag.py for tasks to queue
[2022-07-11 16:18:19,270] {logging_mixin.py:109} INFO - [2022-07-11 16:18:19,269] {dagbag.py:500} INFO - Filling up the DagBag from /opt/airflow/dags/gcs_to_bq_dag.py
[2022-07-11 16:18:20,116] {processor.py:654} INFO - DAG(s) dict_keys(['gcs_2_bq_dag']) retrieved from /opt/airflow/dags/gcs_to_bq_dag.py
[2022-07-11 16:18:20,127] {logging_mixin.py:109} INFO - [2022-07-11 16:18:20,127] {dag.py:2396} INFO - Sync 1 DAGs
[2022-07-11 16:18:20,146] {logging_mixin.py:109} INFO - [2022-07-11 16:18:20,146] {dag.py:2935} INFO - Setting next_dagrun for gcs_2_bq_dag to 2022-07-10 00:00:00+00:00
[2022-07-11 16:18:20,159] {processor.py:171} INFO - Processing /opt/airflow/dags/gcs_to_bq_dag.py took 0.896 seconds
[2022-07-11 16:18:50,313] {processor.py:163} INFO - Started process (PID=579) to work on /opt/airflow/dags/gcs_to_bq_dag.py
[2022-07-11 16:18:50,318] {processor.py:642} INFO - Processing file /opt/airflow/dags/gcs_to_bq_dag.py for tasks to queue
[2022-07-11 16:18:50,319] {logging_mixin.py:109} INFO - [2022-07-11 16:18:50,319] {dagbag.py:500} INFO - Filling up the DagBag from /opt/airflow/dags/gcs_to_bq_dag.py
[2022-07-11 16:18:51,614] {processor.py:654} INFO - DAG(s) dict_keys(['gcs_2_bq_dag']) retrieved from /opt/airflow/dags/gcs_to_bq_dag.py
[2022-07-11 16:18:51,625] {logging_mixin.py:109} INFO - [2022-07-11 16:18:51,624] {dag.py:2396} INFO - Sync 1 DAGs
[2022-07-11 16:18:51,643] {logging_mixin.py:109} INFO - [2022-07-11 16:18:51,643] {dag.py:2935} INFO - Setting next_dagrun for gcs_2_bq_dag to 2022-07-10 00:00:00+00:00
[2022-07-11 16:18:51,654] {processor.py:171} INFO - Processing /opt/airflow/dags/gcs_to_bq_dag.py took 1.347 seconds
[2022-07-11 16:19:21,734] {processor.py:163} INFO - Started process (PID=602) to work on /opt/airflow/dags/gcs_to_bq_dag.py
[2022-07-11 16:19:21,736] {processor.py:642} INFO - Processing file /opt/airflow/dags/gcs_to_bq_dag.py for tasks to queue
[2022-07-11 16:19:21,737] {logging_mixin.py:109} INFO - [2022-07-11 16:19:21,736] {dagbag.py:500} INFO - Filling up the DagBag from /opt/airflow/dags/gcs_to_bq_dag.py
[2022-07-11 16:19:22,568] {processor.py:654} INFO - DAG(s) dict_keys(['gcs_2_bq_dag']) retrieved from /opt/airflow/dags/gcs_to_bq_dag.py
[2022-07-11 16:19:22,579] {logging_mixin.py:109} INFO - [2022-07-11 16:19:22,578] {dag.py:2396} INFO - Sync 1 DAGs
[2022-07-11 16:19:22,595] {logging_mixin.py:109} INFO - [2022-07-11 16:19:22,595] {dag.py:2935} INFO - Setting next_dagrun for gcs_2_bq_dag to 2022-07-10 00:00:00+00:00
[2022-07-11 16:19:22,604] {processor.py:171} INFO - Processing /opt/airflow/dags/gcs_to_bq_dag.py took 0.874 seconds
[2022-07-11 16:19:52,683] {processor.py:163} INFO - Started process (PID=635) to work on /opt/airflow/dags/gcs_to_bq_dag.py
[2022-07-11 16:19:52,687] {processor.py:642} INFO - Processing file /opt/airflow/dags/gcs_to_bq_dag.py for tasks to queue
[2022-07-11 16:19:52,688] {logging_mixin.py:109} INFO - [2022-07-11 16:19:52,688] {dagbag.py:500} INFO - Filling up the DagBag from /opt/airflow/dags/gcs_to_bq_dag.py
[2022-07-11 16:19:53,659] {processor.py:654} INFO - DAG(s) dict_keys(['gcs_2_bq_dag']) retrieved from /opt/airflow/dags/gcs_to_bq_dag.py
[2022-07-11 16:19:53,673] {logging_mixin.py:109} INFO - [2022-07-11 16:19:53,673] {dag.py:2396} INFO - Sync 1 DAGs
[2022-07-11 16:19:53,705] {logging_mixin.py:109} INFO - [2022-07-11 16:19:53,705] {dag.py:2935} INFO - Setting next_dagrun for gcs_2_bq_dag to 2022-07-10 00:00:00+00:00
[2022-07-11 16:19:53,722] {processor.py:171} INFO - Processing /opt/airflow/dags/gcs_to_bq_dag.py took 1.045 seconds
[2022-07-11 16:20:23,805] {processor.py:163} INFO - Started process (PID=658) to work on /opt/airflow/dags/gcs_to_bq_dag.py
[2022-07-11 16:20:23,807] {processor.py:642} INFO - Processing file /opt/airflow/dags/gcs_to_bq_dag.py for tasks to queue
[2022-07-11 16:20:23,808] {logging_mixin.py:109} INFO - [2022-07-11 16:20:23,808] {dagbag.py:500} INFO - Filling up the DagBag from /opt/airflow/dags/gcs_to_bq_dag.py
[2022-07-11 16:20:24,673] {processor.py:654} INFO - DAG(s) dict_keys(['gcs_2_bq_dag']) retrieved from /opt/airflow/dags/gcs_to_bq_dag.py
[2022-07-11 16:20:24,685] {logging_mixin.py:109} INFO - [2022-07-11 16:20:24,684] {dag.py:2396} INFO - Sync 1 DAGs
[2022-07-11 16:20:24,704] {logging_mixin.py:109} INFO - [2022-07-11 16:20:24,704] {dag.py:2935} INFO - Setting next_dagrun for gcs_2_bq_dag to 2022-07-10 00:00:00+00:00
[2022-07-11 16:20:24,717] {processor.py:171} INFO - Processing /opt/airflow/dags/gcs_to_bq_dag.py took 0.917 seconds
[2022-07-11 16:20:54,820] {processor.py:163} INFO - Started process (PID=690) to work on /opt/airflow/dags/gcs_to_bq_dag.py
[2022-07-11 16:20:54,828] {processor.py:642} INFO - Processing file /opt/airflow/dags/gcs_to_bq_dag.py for tasks to queue
[2022-07-11 16:20:54,829] {logging_mixin.py:109} INFO - [2022-07-11 16:20:54,829] {dagbag.py:500} INFO - Filling up the DagBag from /opt/airflow/dags/gcs_to_bq_dag.py
[2022-07-11 16:20:56,032] {processor.py:654} INFO - DAG(s) dict_keys(['gcs_2_bq_dag']) retrieved from /opt/airflow/dags/gcs_to_bq_dag.py
[2022-07-11 16:20:56,046] {logging_mixin.py:109} INFO - [2022-07-11 16:20:56,046] {dag.py:2396} INFO - Sync 1 DAGs
[2022-07-11 16:20:56,074] {logging_mixin.py:109} INFO - [2022-07-11 16:20:56,074] {dag.py:2935} INFO - Setting next_dagrun for gcs_2_bq_dag to 2022-07-10 00:00:00+00:00
[2022-07-11 16:20:56,084] {processor.py:171} INFO - Processing /opt/airflow/dags/gcs_to_bq_dag.py took 1.270 seconds
[2022-07-11 16:21:26,160] {processor.py:163} INFO - Started process (PID=712) to work on /opt/airflow/dags/gcs_to_bq_dag.py
[2022-07-11 16:21:26,168] {processor.py:642} INFO - Processing file /opt/airflow/dags/gcs_to_bq_dag.py for tasks to queue
[2022-07-11 16:21:26,169] {logging_mixin.py:109} INFO - [2022-07-11 16:21:26,169] {dagbag.py:500} INFO - Filling up the DagBag from /opt/airflow/dags/gcs_to_bq_dag.py
[2022-07-11 16:21:27,092] {processor.py:654} INFO - DAG(s) dict_keys(['gcs_2_bq_dag']) retrieved from /opt/airflow/dags/gcs_to_bq_dag.py
[2022-07-11 16:21:27,103] {logging_mixin.py:109} INFO - [2022-07-11 16:21:27,102] {dag.py:2396} INFO - Sync 1 DAGs
[2022-07-11 16:21:27,119] {logging_mixin.py:109} INFO - [2022-07-11 16:21:27,119] {dag.py:2935} INFO - Setting next_dagrun for gcs_2_bq_dag to 2022-07-10 00:00:00+00:00
[2022-07-11 16:21:27,130] {processor.py:171} INFO - Processing /opt/airflow/dags/gcs_to_bq_dag.py took 0.974 seconds
[2022-07-11 16:21:57,205] {processor.py:163} INFO - Started process (PID=735) to work on /opt/airflow/dags/gcs_to_bq_dag.py
[2022-07-11 16:21:57,207] {processor.py:642} INFO - Processing file /opt/airflow/dags/gcs_to_bq_dag.py for tasks to queue
[2022-07-11 16:21:57,207] {logging_mixin.py:109} INFO - [2022-07-11 16:21:57,207] {dagbag.py:500} INFO - Filling up the DagBag from /opt/airflow/dags/gcs_to_bq_dag.py
[2022-07-11 16:21:58,328] {processor.py:654} INFO - DAG(s) dict_keys(['gcs_2_bq_dag']) retrieved from /opt/airflow/dags/gcs_to_bq_dag.py
[2022-07-11 16:21:58,339] {logging_mixin.py:109} INFO - [2022-07-11 16:21:58,339] {dag.py:2396} INFO - Sync 1 DAGs
[2022-07-11 16:21:58,358] {logging_mixin.py:109} INFO - [2022-07-11 16:21:58,357] {dag.py:2935} INFO - Setting next_dagrun for gcs_2_bq_dag to 2022-07-10 00:00:00+00:00
[2022-07-11 16:21:58,370] {processor.py:171} INFO - Processing /opt/airflow/dags/gcs_to_bq_dag.py took 1.169 seconds
[2022-07-11 16:22:28,447] {processor.py:163} INFO - Started process (PID=767) to work on /opt/airflow/dags/gcs_to_bq_dag.py
[2022-07-11 16:22:28,449] {processor.py:642} INFO - Processing file /opt/airflow/dags/gcs_to_bq_dag.py for tasks to queue
[2022-07-11 16:22:28,449] {logging_mixin.py:109} INFO - [2022-07-11 16:22:28,449] {dagbag.py:500} INFO - Filling up the DagBag from /opt/airflow/dags/gcs_to_bq_dag.py
[2022-07-11 16:22:29,301] {processor.py:654} INFO - DAG(s) dict_keys(['gcs_2_bq_dag']) retrieved from /opt/airflow/dags/gcs_to_bq_dag.py
[2022-07-11 16:22:29,311] {logging_mixin.py:109} INFO - [2022-07-11 16:22:29,311] {dag.py:2396} INFO - Sync 1 DAGs
[2022-07-11 16:22:29,330] {logging_mixin.py:109} INFO - [2022-07-11 16:22:29,330] {dag.py:2935} INFO - Setting next_dagrun for gcs_2_bq_dag to 2022-07-10 00:00:00+00:00
[2022-07-11 16:22:29,340] {processor.py:171} INFO - Processing /opt/airflow/dags/gcs_to_bq_dag.py took 0.897 seconds
[2022-07-11 16:22:59,421] {processor.py:163} INFO - Started process (PID=790) to work on /opt/airflow/dags/gcs_to_bq_dag.py
[2022-07-11 16:22:59,423] {processor.py:642} INFO - Processing file /opt/airflow/dags/gcs_to_bq_dag.py for tasks to queue
[2022-07-11 16:22:59,424] {logging_mixin.py:109} INFO - [2022-07-11 16:22:59,424] {dagbag.py:500} INFO - Filling up the DagBag from /opt/airflow/dags/gcs_to_bq_dag.py
[2022-07-11 16:23:00,400] {processor.py:654} INFO - DAG(s) dict_keys(['gcs_2_bq_dag']) retrieved from /opt/airflow/dags/gcs_to_bq_dag.py
[2022-07-11 16:23:00,409] {logging_mixin.py:109} INFO - [2022-07-11 16:23:00,409] {dag.py:2396} INFO - Sync 1 DAGs
[2022-07-11 16:23:00,430] {logging_mixin.py:109} INFO - [2022-07-11 16:23:00,430] {dag.py:2935} INFO - Setting next_dagrun for gcs_2_bq_dag to 2022-07-10 00:00:00+00:00
[2022-07-11 16:23:00,441] {processor.py:171} INFO - Processing /opt/airflow/dags/gcs_to_bq_dag.py took 1.025 seconds
[2022-07-11 16:23:30,541] {processor.py:163} INFO - Started process (PID=822) to work on /opt/airflow/dags/gcs_to_bq_dag.py
[2022-07-11 16:23:30,543] {processor.py:642} INFO - Processing file /opt/airflow/dags/gcs_to_bq_dag.py for tasks to queue
[2022-07-11 16:23:30,544] {logging_mixin.py:109} INFO - [2022-07-11 16:23:30,544] {dagbag.py:500} INFO - Filling up the DagBag from /opt/airflow/dags/gcs_to_bq_dag.py
[2022-07-11 16:23:31,393] {processor.py:654} INFO - DAG(s) dict_keys(['gcs_2_bq_dag']) retrieved from /opt/airflow/dags/gcs_to_bq_dag.py
[2022-07-11 16:23:31,403] {logging_mixin.py:109} INFO - [2022-07-11 16:23:31,402] {dag.py:2396} INFO - Sync 1 DAGs
[2022-07-11 16:23:31,420] {logging_mixin.py:109} INFO - [2022-07-11 16:23:31,420] {dag.py:2935} INFO - Setting next_dagrun for gcs_2_bq_dag to 2022-07-10 00:00:00+00:00
[2022-07-11 16:23:31,430] {processor.py:171} INFO - Processing /opt/airflow/dags/gcs_to_bq_dag.py took 0.892 seconds
[2022-07-11 16:24:01,548] {processor.py:163} INFO - Started process (PID=845) to work on /opt/airflow/dags/gcs_to_bq_dag.py
[2022-07-11 16:24:01,552] {processor.py:642} INFO - Processing file /opt/airflow/dags/gcs_to_bq_dag.py for tasks to queue
[2022-07-11 16:24:01,552] {logging_mixin.py:109} INFO - [2022-07-11 16:24:01,552] {dagbag.py:500} INFO - Filling up the DagBag from /opt/airflow/dags/gcs_to_bq_dag.py
[2022-07-11 16:24:02,432] {processor.py:654} INFO - DAG(s) dict_keys(['gcs_2_bq_dag']) retrieved from /opt/airflow/dags/gcs_to_bq_dag.py
[2022-07-11 16:24:02,443] {logging_mixin.py:109} INFO - [2022-07-11 16:24:02,443] {dag.py:2396} INFO - Sync 1 DAGs
[2022-07-11 16:24:02,463] {logging_mixin.py:109} INFO - [2022-07-11 16:24:02,463] {dag.py:2935} INFO - Setting next_dagrun for gcs_2_bq_dag to 2022-07-10 00:00:00+00:00
[2022-07-11 16:24:02,477] {processor.py:171} INFO - Processing /opt/airflow/dags/gcs_to_bq_dag.py took 0.933 seconds
[2022-07-11 16:24:32,576] {processor.py:163} INFO - Started process (PID=877) to work on /opt/airflow/dags/gcs_to_bq_dag.py
[2022-07-11 16:24:32,583] {processor.py:642} INFO - Processing file /opt/airflow/dags/gcs_to_bq_dag.py for tasks to queue
[2022-07-11 16:24:32,584] {logging_mixin.py:109} INFO - [2022-07-11 16:24:32,584] {dagbag.py:500} INFO - Filling up the DagBag from /opt/airflow/dags/gcs_to_bq_dag.py
[2022-07-11 16:24:34,008] {processor.py:654} INFO - DAG(s) dict_keys(['gcs_2_bq_dag']) retrieved from /opt/airflow/dags/gcs_to_bq_dag.py
[2022-07-11 16:24:34,023] {logging_mixin.py:109} INFO - [2022-07-11 16:24:34,023] {dag.py:2396} INFO - Sync 1 DAGs
[2022-07-11 16:24:34,049] {logging_mixin.py:109} INFO - [2022-07-11 16:24:34,049] {dag.py:2935} INFO - Setting next_dagrun for gcs_2_bq_dag to 2022-07-10 00:00:00+00:00
[2022-07-11 16:24:34,063] {processor.py:171} INFO - Processing /opt/airflow/dags/gcs_to_bq_dag.py took 1.492 seconds
[2022-07-11 16:25:04,151] {processor.py:163} INFO - Started process (PID=900) to work on /opt/airflow/dags/gcs_to_bq_dag.py
[2022-07-11 16:25:04,155] {processor.py:642} INFO - Processing file /opt/airflow/dags/gcs_to_bq_dag.py for tasks to queue
[2022-07-11 16:25:04,156] {logging_mixin.py:109} INFO - [2022-07-11 16:25:04,155] {dagbag.py:500} INFO - Filling up the DagBag from /opt/airflow/dags/gcs_to_bq_dag.py
[2022-07-11 16:25:05,023] {processor.py:654} INFO - DAG(s) dict_keys(['gcs_2_bq_dag']) retrieved from /opt/airflow/dags/gcs_to_bq_dag.py
[2022-07-11 16:25:05,034] {logging_mixin.py:109} INFO - [2022-07-11 16:25:05,034] {dag.py:2396} INFO - Sync 1 DAGs
[2022-07-11 16:25:05,052] {logging_mixin.py:109} INFO - [2022-07-11 16:25:05,051] {dag.py:2935} INFO - Setting next_dagrun for gcs_2_bq_dag to 2022-07-10 00:00:00+00:00
[2022-07-11 16:25:05,063] {processor.py:171} INFO - Processing /opt/airflow/dags/gcs_to_bq_dag.py took 0.916 seconds
[2022-07-11 16:25:35,146] {processor.py:163} INFO - Started process (PID=923) to work on /opt/airflow/dags/gcs_to_bq_dag.py
[2022-07-11 16:25:35,147] {processor.py:642} INFO - Processing file /opt/airflow/dags/gcs_to_bq_dag.py for tasks to queue
[2022-07-11 16:25:35,148] {logging_mixin.py:109} INFO - [2022-07-11 16:25:35,148] {dagbag.py:500} INFO - Filling up the DagBag from /opt/airflow/dags/gcs_to_bq_dag.py
[2022-07-11 16:25:36,076] {processor.py:654} INFO - DAG(s) dict_keys(['gcs_2_bq_dag']) retrieved from /opt/airflow/dags/gcs_to_bq_dag.py
[2022-07-11 16:25:36,092] {logging_mixin.py:109} INFO - [2022-07-11 16:25:36,091] {dag.py:2396} INFO - Sync 1 DAGs
[2022-07-11 16:25:36,117] {logging_mixin.py:109} INFO - [2022-07-11 16:25:36,117] {dag.py:2935} INFO - Setting next_dagrun for gcs_2_bq_dag to 2022-07-10 00:00:00+00:00
[2022-07-11 16:25:36,133] {processor.py:171} INFO - Processing /opt/airflow/dags/gcs_to_bq_dag.py took 0.992 seconds
[2022-07-11 16:26:06,257] {processor.py:163} INFO - Started process (PID=955) to work on /opt/airflow/dags/gcs_to_bq_dag.py
[2022-07-11 16:26:06,259] {processor.py:642} INFO - Processing file /opt/airflow/dags/gcs_to_bq_dag.py for tasks to queue
[2022-07-11 16:26:06,260] {logging_mixin.py:109} INFO - [2022-07-11 16:26:06,259] {dagbag.py:500} INFO - Filling up the DagBag from /opt/airflow/dags/gcs_to_bq_dag.py
[2022-07-11 16:26:07,159] {processor.py:654} INFO - DAG(s) dict_keys(['gcs_2_bq_dag']) retrieved from /opt/airflow/dags/gcs_to_bq_dag.py
[2022-07-11 16:26:07,172] {logging_mixin.py:109} INFO - [2022-07-11 16:26:07,171] {dag.py:2396} INFO - Sync 1 DAGs
[2022-07-11 16:26:07,189] {logging_mixin.py:109} INFO - [2022-07-11 16:26:07,189] {dag.py:2935} INFO - Setting next_dagrun for gcs_2_bq_dag to 2022-07-10 00:00:00+00:00
[2022-07-11 16:26:07,200] {processor.py:171} INFO - Processing /opt/airflow/dags/gcs_to_bq_dag.py took 0.948 seconds
[2022-07-11 16:26:37,305] {processor.py:163} INFO - Started process (PID=978) to work on /opt/airflow/dags/gcs_to_bq_dag.py
[2022-07-11 16:26:37,307] {processor.py:642} INFO - Processing file /opt/airflow/dags/gcs_to_bq_dag.py for tasks to queue
[2022-07-11 16:26:37,308] {logging_mixin.py:109} INFO - [2022-07-11 16:26:37,308] {dagbag.py:500} INFO - Filling up the DagBag from /opt/airflow/dags/gcs_to_bq_dag.py
[2022-07-11 16:26:38,143] {processor.py:654} INFO - DAG(s) dict_keys(['gcs_2_bq_dag']) retrieved from /opt/airflow/dags/gcs_to_bq_dag.py
[2022-07-11 16:26:38,153] {logging_mixin.py:109} INFO - [2022-07-11 16:26:38,153] {dag.py:2396} INFO - Sync 1 DAGs
[2022-07-11 16:26:38,171] {logging_mixin.py:109} INFO - [2022-07-11 16:26:38,171] {dag.py:2935} INFO - Setting next_dagrun for gcs_2_bq_dag to 2022-07-10 00:00:00+00:00
[2022-07-11 16:26:38,183] {processor.py:171} INFO - Processing /opt/airflow/dags/gcs_to_bq_dag.py took 0.883 seconds
[2022-07-11 16:27:08,272] {processor.py:163} INFO - Started process (PID=1011) to work on /opt/airflow/dags/gcs_to_bq_dag.py
[2022-07-11 16:27:08,277] {processor.py:642} INFO - Processing file /opt/airflow/dags/gcs_to_bq_dag.py for tasks to queue
[2022-07-11 16:27:08,278] {logging_mixin.py:109} INFO - [2022-07-11 16:27:08,278] {dagbag.py:500} INFO - Filling up the DagBag from /opt/airflow/dags/gcs_to_bq_dag.py
[2022-07-11 16:27:09,124] {processor.py:654} INFO - DAG(s) dict_keys(['gcs_2_bq_dag']) retrieved from /opt/airflow/dags/gcs_to_bq_dag.py
[2022-07-11 16:27:09,134] {logging_mixin.py:109} INFO - [2022-07-11 16:27:09,134] {dag.py:2396} INFO - Sync 1 DAGs
[2022-07-11 16:27:09,153] {logging_mixin.py:109} INFO - [2022-07-11 16:27:09,153] {dag.py:2935} INFO - Setting next_dagrun for gcs_2_bq_dag to 2022-07-10 00:00:00+00:00
[2022-07-11 16:27:09,163] {processor.py:171} INFO - Processing /opt/airflow/dags/gcs_to_bq_dag.py took 0.896 seconds
[2022-07-11 16:27:39,244] {processor.py:163} INFO - Started process (PID=1033) to work on /opt/airflow/dags/gcs_to_bq_dag.py
[2022-07-11 16:27:39,245] {processor.py:642} INFO - Processing file /opt/airflow/dags/gcs_to_bq_dag.py for tasks to queue
[2022-07-11 16:27:39,246] {logging_mixin.py:109} INFO - [2022-07-11 16:27:39,246] {dagbag.py:500} INFO - Filling up the DagBag from /opt/airflow/dags/gcs_to_bq_dag.py
[2022-07-11 16:27:40,088] {processor.py:654} INFO - DAG(s) dict_keys(['gcs_2_bq_dag']) retrieved from /opt/airflow/dags/gcs_to_bq_dag.py
[2022-07-11 16:27:40,098] {logging_mixin.py:109} INFO - [2022-07-11 16:27:40,098] {dag.py:2396} INFO - Sync 1 DAGs
[2022-07-11 16:27:40,117] {logging_mixin.py:109} INFO - [2022-07-11 16:27:40,117] {dag.py:2935} INFO - Setting next_dagrun for gcs_2_bq_dag to 2022-07-10 00:00:00+00:00
[2022-07-11 16:27:40,127] {processor.py:171} INFO - Processing /opt/airflow/dags/gcs_to_bq_dag.py took 0.888 seconds
[2022-07-11 16:28:10,208] {processor.py:163} INFO - Started process (PID=1065) to work on /opt/airflow/dags/gcs_to_bq_dag.py
[2022-07-11 16:28:10,212] {processor.py:642} INFO - Processing file /opt/airflow/dags/gcs_to_bq_dag.py for tasks to queue
[2022-07-11 16:28:10,213] {logging_mixin.py:109} INFO - [2022-07-11 16:28:10,213] {dagbag.py:500} INFO - Filling up the DagBag from /opt/airflow/dags/gcs_to_bq_dag.py
[2022-07-11 16:28:11,048] {processor.py:654} INFO - DAG(s) dict_keys(['gcs_2_bq_dag']) retrieved from /opt/airflow/dags/gcs_to_bq_dag.py
[2022-07-11 16:28:11,058] {logging_mixin.py:109} INFO - [2022-07-11 16:28:11,058] {dag.py:2396} INFO - Sync 1 DAGs
[2022-07-11 16:28:11,077] {logging_mixin.py:109} INFO - [2022-07-11 16:28:11,077] {dag.py:2935} INFO - Setting next_dagrun for gcs_2_bq_dag to 2022-07-10 00:00:00+00:00
[2022-07-11 16:28:11,089] {processor.py:171} INFO - Processing /opt/airflow/dags/gcs_to_bq_dag.py took 0.886 seconds
[2022-07-11 16:28:41,166] {processor.py:163} INFO - Started process (PID=1088) to work on /opt/airflow/dags/gcs_to_bq_dag.py
[2022-07-11 16:28:41,167] {processor.py:642} INFO - Processing file /opt/airflow/dags/gcs_to_bq_dag.py for tasks to queue
[2022-07-11 16:28:41,168] {logging_mixin.py:109} INFO - [2022-07-11 16:28:41,168] {dagbag.py:500} INFO - Filling up the DagBag from /opt/airflow/dags/gcs_to_bq_dag.py
[2022-07-11 16:28:42,064] {processor.py:654} INFO - DAG(s) dict_keys(['gcs_2_bq_dag']) retrieved from /opt/airflow/dags/gcs_to_bq_dag.py
[2022-07-11 16:28:42,074] {logging_mixin.py:109} INFO - [2022-07-11 16:28:42,074] {dag.py:2396} INFO - Sync 1 DAGs
[2022-07-11 16:28:42,094] {logging_mixin.py:109} INFO - [2022-07-11 16:28:42,093] {dag.py:2935} INFO - Setting next_dagrun for gcs_2_bq_dag to 2022-07-10 00:00:00+00:00
[2022-07-11 16:28:42,103] {processor.py:171} INFO - Processing /opt/airflow/dags/gcs_to_bq_dag.py took 0.942 seconds
[2022-07-11 16:29:12,186] {processor.py:163} INFO - Started process (PID=1120) to work on /opt/airflow/dags/gcs_to_bq_dag.py
[2022-07-11 16:29:12,191] {processor.py:642} INFO - Processing file /opt/airflow/dags/gcs_to_bq_dag.py for tasks to queue
[2022-07-11 16:29:12,192] {logging_mixin.py:109} INFO - [2022-07-11 16:29:12,192] {dagbag.py:500} INFO - Filling up the DagBag from /opt/airflow/dags/gcs_to_bq_dag.py
[2022-07-11 16:29:13,055] {processor.py:654} INFO - DAG(s) dict_keys(['gcs_2_bq_dag']) retrieved from /opt/airflow/dags/gcs_to_bq_dag.py
[2022-07-11 16:29:13,066] {logging_mixin.py:109} INFO - [2022-07-11 16:29:13,065] {dag.py:2396} INFO - Sync 1 DAGs
[2022-07-11 16:29:13,084] {logging_mixin.py:109} INFO - [2022-07-11 16:29:13,084] {dag.py:2935} INFO - Setting next_dagrun for gcs_2_bq_dag to 2022-07-10 00:00:00+00:00
[2022-07-11 16:29:13,094] {processor.py:171} INFO - Processing /opt/airflow/dags/gcs_to_bq_dag.py took 0.913 seconds
[2022-07-11 16:29:43,174] {processor.py:163} INFO - Started process (PID=1144) to work on /opt/airflow/dags/gcs_to_bq_dag.py
[2022-07-11 16:29:43,175] {processor.py:642} INFO - Processing file /opt/airflow/dags/gcs_to_bq_dag.py for tasks to queue
[2022-07-11 16:29:43,176] {logging_mixin.py:109} INFO - [2022-07-11 16:29:43,176] {dagbag.py:500} INFO - Filling up the DagBag from /opt/airflow/dags/gcs_to_bq_dag.py
[2022-07-11 16:29:44,018] {processor.py:654} INFO - DAG(s) dict_keys(['gcs_2_bq_dag']) retrieved from /opt/airflow/dags/gcs_to_bq_dag.py
[2022-07-11 16:29:44,028] {logging_mixin.py:109} INFO - [2022-07-11 16:29:44,028] {dag.py:2396} INFO - Sync 1 DAGs
[2022-07-11 16:29:44,047] {logging_mixin.py:109} INFO - [2022-07-11 16:29:44,047] {dag.py:2935} INFO - Setting next_dagrun for gcs_2_bq_dag to 2022-07-10 00:00:00+00:00
[2022-07-11 16:29:44,058] {processor.py:171} INFO - Processing /opt/airflow/dags/gcs_to_bq_dag.py took 0.889 seconds
[2022-07-11 16:30:14,140] {processor.py:163} INFO - Started process (PID=1176) to work on /opt/airflow/dags/gcs_to_bq_dag.py
[2022-07-11 16:30:14,142] {processor.py:642} INFO - Processing file /opt/airflow/dags/gcs_to_bq_dag.py for tasks to queue
[2022-07-11 16:30:14,143] {logging_mixin.py:109} INFO - [2022-07-11 16:30:14,143] {dagbag.py:500} INFO - Filling up the DagBag from /opt/airflow/dags/gcs_to_bq_dag.py
[2022-07-11 16:30:15,671] {processor.py:654} INFO - DAG(s) dict_keys(['gcs_2_bq_dag']) retrieved from /opt/airflow/dags/gcs_to_bq_dag.py
[2022-07-11 16:30:15,687] {logging_mixin.py:109} INFO - [2022-07-11 16:30:15,686] {dag.py:2396} INFO - Sync 1 DAGs
[2022-07-11 16:30:15,711] {logging_mixin.py:109} INFO - [2022-07-11 16:30:15,711] {dag.py:2935} INFO - Setting next_dagrun for gcs_2_bq_dag to 2022-07-10 00:00:00+00:00
[2022-07-11 16:30:15,723] {processor.py:171} INFO - Processing /opt/airflow/dags/gcs_to_bq_dag.py took 1.589 seconds
[2022-07-11 16:30:45,808] {processor.py:163} INFO - Started process (PID=1199) to work on /opt/airflow/dags/gcs_to_bq_dag.py
[2022-07-11 16:30:45,809] {processor.py:642} INFO - Processing file /opt/airflow/dags/gcs_to_bq_dag.py for tasks to queue
[2022-07-11 16:30:45,810] {logging_mixin.py:109} INFO - [2022-07-11 16:30:45,810] {dagbag.py:500} INFO - Filling up the DagBag from /opt/airflow/dags/gcs_to_bq_dag.py
[2022-07-11 16:30:46,649] {processor.py:654} INFO - DAG(s) dict_keys(['gcs_2_bq_dag']) retrieved from /opt/airflow/dags/gcs_to_bq_dag.py
[2022-07-11 16:30:46,661] {logging_mixin.py:109} INFO - [2022-07-11 16:30:46,660] {dag.py:2396} INFO - Sync 1 DAGs
[2022-07-11 16:30:46,678] {logging_mixin.py:109} INFO - [2022-07-11 16:30:46,677] {dag.py:2935} INFO - Setting next_dagrun for gcs_2_bq_dag to 2022-07-10 00:00:00+00:00
[2022-07-11 16:30:46,688] {processor.py:171} INFO - Processing /opt/airflow/dags/gcs_to_bq_dag.py took 0.884 seconds
[2022-07-11 16:31:16,766] {processor.py:163} INFO - Started process (PID=1223) to work on /opt/airflow/dags/gcs_to_bq_dag.py
[2022-07-11 16:31:16,767] {processor.py:642} INFO - Processing file /opt/airflow/dags/gcs_to_bq_dag.py for tasks to queue
[2022-07-11 16:31:16,768] {logging_mixin.py:109} INFO - [2022-07-11 16:31:16,768] {dagbag.py:500} INFO - Filling up the DagBag from /opt/airflow/dags/gcs_to_bq_dag.py
[2022-07-11 16:31:17,613] {processor.py:654} INFO - DAG(s) dict_keys(['gcs_2_bq_dag']) retrieved from /opt/airflow/dags/gcs_to_bq_dag.py
[2022-07-11 16:31:17,626] {logging_mixin.py:109} INFO - [2022-07-11 16:31:17,626] {dag.py:2396} INFO - Sync 1 DAGs
[2022-07-11 16:31:17,651] {logging_mixin.py:109} INFO - [2022-07-11 16:31:17,651] {dag.py:2935} INFO - Setting next_dagrun for gcs_2_bq_dag to 2022-07-10 00:00:00+00:00
[2022-07-11 16:31:17,662] {processor.py:171} INFO - Processing /opt/airflow/dags/gcs_to_bq_dag.py took 0.900 seconds
[2022-07-11 16:31:47,739] {processor.py:163} INFO - Started process (PID=1256) to work on /opt/airflow/dags/gcs_to_bq_dag.py
[2022-07-11 16:31:47,741] {processor.py:642} INFO - Processing file /opt/airflow/dags/gcs_to_bq_dag.py for tasks to queue
[2022-07-11 16:31:47,741] {logging_mixin.py:109} INFO - [2022-07-11 16:31:47,741] {dagbag.py:500} INFO - Filling up the DagBag from /opt/airflow/dags/gcs_to_bq_dag.py
[2022-07-11 16:31:48,612] {processor.py:654} INFO - DAG(s) dict_keys(['gcs_2_bq_dag']) retrieved from /opt/airflow/dags/gcs_to_bq_dag.py
[2022-07-11 16:31:48,628] {logging_mixin.py:109} INFO - [2022-07-11 16:31:48,627] {dag.py:2396} INFO - Sync 1 DAGs
[2022-07-11 16:31:48,647] {logging_mixin.py:109} INFO - [2022-07-11 16:31:48,647] {dag.py:2935} INFO - Setting next_dagrun for gcs_2_bq_dag to 2022-07-10 00:00:00+00:00
[2022-07-11 16:31:48,657] {processor.py:171} INFO - Processing /opt/airflow/dags/gcs_to_bq_dag.py took 0.922 seconds
[2022-07-11 16:32:18,733] {processor.py:163} INFO - Started process (PID=1280) to work on /opt/airflow/dags/gcs_to_bq_dag.py
[2022-07-11 16:32:18,734] {processor.py:642} INFO - Processing file /opt/airflow/dags/gcs_to_bq_dag.py for tasks to queue
[2022-07-11 16:32:18,735] {logging_mixin.py:109} INFO - [2022-07-11 16:32:18,735] {dagbag.py:500} INFO - Filling up the DagBag from /opt/airflow/dags/gcs_to_bq_dag.py
[2022-07-11 16:32:19,597] {processor.py:654} INFO - DAG(s) dict_keys(['gcs_2_bq_dag']) retrieved from /opt/airflow/dags/gcs_to_bq_dag.py
[2022-07-11 16:32:19,608] {logging_mixin.py:109} INFO - [2022-07-11 16:32:19,608] {dag.py:2396} INFO - Sync 1 DAGs
[2022-07-11 16:32:19,626] {logging_mixin.py:109} INFO - [2022-07-11 16:32:19,626] {dag.py:2935} INFO - Setting next_dagrun for gcs_2_bq_dag to 2022-07-10 00:00:00+00:00
[2022-07-11 16:32:19,636] {processor.py:171} INFO - Processing /opt/airflow/dags/gcs_to_bq_dag.py took 0.907 seconds
[2022-07-11 16:32:49,708] {processor.py:163} INFO - Started process (PID=1313) to work on /opt/airflow/dags/gcs_to_bq_dag.py
[2022-07-11 16:32:49,713] {processor.py:642} INFO - Processing file /opt/airflow/dags/gcs_to_bq_dag.py for tasks to queue
[2022-07-11 16:32:49,713] {logging_mixin.py:109} INFO - [2022-07-11 16:32:49,713] {dagbag.py:500} INFO - Filling up the DagBag from /opt/airflow/dags/gcs_to_bq_dag.py
[2022-07-11 16:32:50,583] {processor.py:654} INFO - DAG(s) dict_keys(['gcs_2_bq_dag']) retrieved from /opt/airflow/dags/gcs_to_bq_dag.py
[2022-07-11 16:32:50,600] {logging_mixin.py:109} INFO - [2022-07-11 16:32:50,600] {dag.py:2396} INFO - Sync 1 DAGs
[2022-07-11 16:32:50,622] {logging_mixin.py:109} INFO - [2022-07-11 16:32:50,622] {dag.py:2935} INFO - Setting next_dagrun for gcs_2_bq_dag to 2022-07-10 00:00:00+00:00
[2022-07-11 16:32:50,633] {processor.py:171} INFO - Processing /opt/airflow/dags/gcs_to_bq_dag.py took 0.930 seconds
[2022-07-11 16:33:20,709] {processor.py:163} INFO - Started process (PID=1336) to work on /opt/airflow/dags/gcs_to_bq_dag.py
[2022-07-11 16:33:20,715] {processor.py:642} INFO - Processing file /opt/airflow/dags/gcs_to_bq_dag.py for tasks to queue
[2022-07-11 16:33:20,716] {logging_mixin.py:109} INFO - [2022-07-11 16:33:20,716] {dagbag.py:500} INFO - Filling up the DagBag from /opt/airflow/dags/gcs_to_bq_dag.py
[2022-07-11 16:33:21,583] {processor.py:654} INFO - DAG(s) dict_keys(['gcs_2_bq_dag']) retrieved from /opt/airflow/dags/gcs_to_bq_dag.py
[2022-07-11 16:33:21,596] {logging_mixin.py:109} INFO - [2022-07-11 16:33:21,595] {dag.py:2396} INFO - Sync 1 DAGs
[2022-07-11 16:33:21,614] {logging_mixin.py:109} INFO - [2022-07-11 16:33:21,614] {dag.py:2935} INFO - Setting next_dagrun for gcs_2_bq_dag to 2022-07-10 00:00:00+00:00
[2022-07-11 16:33:21,626] {processor.py:171} INFO - Processing /opt/airflow/dags/gcs_to_bq_dag.py took 0.921 seconds
[2022-07-11 16:33:51,748] {processor.py:163} INFO - Started process (PID=1369) to work on /opt/airflow/dags/gcs_to_bq_dag.py
[2022-07-11 16:33:51,751] {processor.py:642} INFO - Processing file /opt/airflow/dags/gcs_to_bq_dag.py for tasks to queue
[2022-07-11 16:33:51,751] {logging_mixin.py:109} INFO - [2022-07-11 16:33:51,751] {dagbag.py:500} INFO - Filling up the DagBag from /opt/airflow/dags/gcs_to_bq_dag.py
[2022-07-11 16:33:52,630] {processor.py:654} INFO - DAG(s) dict_keys(['gcs_2_bq_dag']) retrieved from /opt/airflow/dags/gcs_to_bq_dag.py
[2022-07-11 16:33:52,641] {logging_mixin.py:109} INFO - [2022-07-11 16:33:52,640] {dag.py:2396} INFO - Sync 1 DAGs
[2022-07-11 16:33:52,658] {logging_mixin.py:109} INFO - [2022-07-11 16:33:52,658] {dag.py:2935} INFO - Setting next_dagrun for gcs_2_bq_dag to 2022-07-10 00:00:00+00:00
[2022-07-11 16:33:52,669] {processor.py:171} INFO - Processing /opt/airflow/dags/gcs_to_bq_dag.py took 0.925 seconds
[2022-07-11 16:34:22,769] {processor.py:163} INFO - Started process (PID=1392) to work on /opt/airflow/dags/gcs_to_bq_dag.py
[2022-07-11 16:34:22,774] {processor.py:642} INFO - Processing file /opt/airflow/dags/gcs_to_bq_dag.py for tasks to queue
[2022-07-11 16:34:22,775] {logging_mixin.py:109} INFO - [2022-07-11 16:34:22,775] {dagbag.py:500} INFO - Filling up the DagBag from /opt/airflow/dags/gcs_to_bq_dag.py
[2022-07-11 16:34:23,719] {processor.py:654} INFO - DAG(s) dict_keys(['gcs_2_bq_dag']) retrieved from /opt/airflow/dags/gcs_to_bq_dag.py
[2022-07-11 16:34:23,729] {logging_mixin.py:109} INFO - [2022-07-11 16:34:23,729] {dag.py:2396} INFO - Sync 1 DAGs
[2022-07-11 16:34:23,747] {logging_mixin.py:109} INFO - [2022-07-11 16:34:23,747] {dag.py:2935} INFO - Setting next_dagrun for gcs_2_bq_dag to 2022-07-10 00:00:00+00:00
[2022-07-11 16:34:23,758] {processor.py:171} INFO - Processing /opt/airflow/dags/gcs_to_bq_dag.py took 0.993 seconds
[2022-07-11 16:34:53,883] {processor.py:163} INFO - Started process (PID=1424) to work on /opt/airflow/dags/gcs_to_bq_dag.py
[2022-07-11 16:34:53,885] {processor.py:642} INFO - Processing file /opt/airflow/dags/gcs_to_bq_dag.py for tasks to queue
[2022-07-11 16:34:53,886] {logging_mixin.py:109} INFO - [2022-07-11 16:34:53,886] {dagbag.py:500} INFO - Filling up the DagBag from /opt/airflow/dags/gcs_to_bq_dag.py
[2022-07-11 16:34:55,023] {processor.py:654} INFO - DAG(s) dict_keys(['gcs_2_bq_dag']) retrieved from /opt/airflow/dags/gcs_to_bq_dag.py
[2022-07-11 16:34:55,035] {logging_mixin.py:109} INFO - [2022-07-11 16:34:55,034] {dag.py:2396} INFO - Sync 1 DAGs
[2022-07-11 16:34:55,053] {logging_mixin.py:109} INFO - [2022-07-11 16:34:55,052] {dag.py:2935} INFO - Setting next_dagrun for gcs_2_bq_dag to 2022-07-10 00:00:00+00:00
[2022-07-11 16:34:55,064] {processor.py:171} INFO - Processing /opt/airflow/dags/gcs_to_bq_dag.py took 1.186 seconds
[2022-07-11 16:35:25,140] {processor.py:163} INFO - Started process (PID=1447) to work on /opt/airflow/dags/gcs_to_bq_dag.py
[2022-07-11 16:35:25,142] {processor.py:642} INFO - Processing file /opt/airflow/dags/gcs_to_bq_dag.py for tasks to queue
[2022-07-11 16:35:25,143] {logging_mixin.py:109} INFO - [2022-07-11 16:35:25,143] {dagbag.py:500} INFO - Filling up the DagBag from /opt/airflow/dags/gcs_to_bq_dag.py
[2022-07-11 16:35:25,962] {processor.py:654} INFO - DAG(s) dict_keys(['gcs_2_bq_dag']) retrieved from /opt/airflow/dags/gcs_to_bq_dag.py
[2022-07-11 16:35:25,975] {logging_mixin.py:109} INFO - [2022-07-11 16:35:25,975] {dag.py:2396} INFO - Sync 1 DAGs
[2022-07-11 16:35:25,995] {logging_mixin.py:109} INFO - [2022-07-11 16:35:25,995] {dag.py:2935} INFO - Setting next_dagrun for gcs_2_bq_dag to 2022-07-10 00:00:00+00:00
[2022-07-11 16:35:26,007] {processor.py:171} INFO - Processing /opt/airflow/dags/gcs_to_bq_dag.py took 0.872 seconds
[2022-07-11 16:35:56,109] {processor.py:163} INFO - Started process (PID=1478) to work on /opt/airflow/dags/gcs_to_bq_dag.py
[2022-07-11 16:35:56,114] {processor.py:642} INFO - Processing file /opt/airflow/dags/gcs_to_bq_dag.py for tasks to queue
[2022-07-11 16:35:56,115] {logging_mixin.py:109} INFO - [2022-07-11 16:35:56,115] {dagbag.py:500} INFO - Filling up the DagBag from /opt/airflow/dags/gcs_to_bq_dag.py
[2022-07-11 16:35:57,306] {processor.py:654} INFO - DAG(s) dict_keys(['gcs_2_bq_dag']) retrieved from /opt/airflow/dags/gcs_to_bq_dag.py
[2022-07-11 16:35:57,320] {logging_mixin.py:109} INFO - [2022-07-11 16:35:57,319] {dag.py:2396} INFO - Sync 1 DAGs
[2022-07-11 16:35:57,344] {logging_mixin.py:109} INFO - [2022-07-11 16:35:57,344] {dag.py:2935} INFO - Setting next_dagrun for gcs_2_bq_dag to 2022-07-10 00:00:00+00:00
[2022-07-11 16:35:57,357] {processor.py:171} INFO - Processing /opt/airflow/dags/gcs_to_bq_dag.py took 1.252 seconds
[2022-07-11 16:36:27,438] {processor.py:163} INFO - Started process (PID=1501) to work on /opt/airflow/dags/gcs_to_bq_dag.py
[2022-07-11 16:36:27,441] {processor.py:642} INFO - Processing file /opt/airflow/dags/gcs_to_bq_dag.py for tasks to queue
[2022-07-11 16:36:27,441] {logging_mixin.py:109} INFO - [2022-07-11 16:36:27,441] {dagbag.py:500} INFO - Filling up the DagBag from /opt/airflow/dags/gcs_to_bq_dag.py
[2022-07-11 16:36:28,273] {processor.py:654} INFO - DAG(s) dict_keys(['gcs_2_bq_dag']) retrieved from /opt/airflow/dags/gcs_to_bq_dag.py
[2022-07-11 16:36:28,282] {logging_mixin.py:109} INFO - [2022-07-11 16:36:28,282] {dag.py:2396} INFO - Sync 1 DAGs
[2022-07-11 16:36:28,299] {logging_mixin.py:109} INFO - [2022-07-11 16:36:28,299] {dag.py:2935} INFO - Setting next_dagrun for gcs_2_bq_dag to 2022-07-10 00:00:00+00:00
[2022-07-11 16:36:28,309] {processor.py:171} INFO - Processing /opt/airflow/dags/gcs_to_bq_dag.py took 0.875 seconds
[2022-07-11 16:36:58,383] {processor.py:163} INFO - Started process (PID=1526) to work on /opt/airflow/dags/gcs_to_bq_dag.py
[2022-07-11 16:36:58,386] {processor.py:642} INFO - Processing file /opt/airflow/dags/gcs_to_bq_dag.py for tasks to queue
[2022-07-11 16:36:58,387] {logging_mixin.py:109} INFO - [2022-07-11 16:36:58,387] {dagbag.py:500} INFO - Filling up the DagBag from /opt/airflow/dags/gcs_to_bq_dag.py
[2022-07-11 16:36:59,206] {processor.py:654} INFO - DAG(s) dict_keys(['gcs_2_bq_dag']) retrieved from /opt/airflow/dags/gcs_to_bq_dag.py
[2022-07-11 16:36:59,216] {logging_mixin.py:109} INFO - [2022-07-11 16:36:59,215] {dag.py:2396} INFO - Sync 1 DAGs
[2022-07-11 16:36:59,232] {logging_mixin.py:109} INFO - [2022-07-11 16:36:59,232] {dag.py:2935} INFO - Setting next_dagrun for gcs_2_bq_dag to 2022-07-10 00:00:00+00:00
[2022-07-11 16:36:59,243] {processor.py:171} INFO - Processing /opt/airflow/dags/gcs_to_bq_dag.py took 0.864 seconds
[2022-07-11 16:37:29,344] {processor.py:163} INFO - Started process (PID=1559) to work on /opt/airflow/dags/gcs_to_bq_dag.py
[2022-07-11 16:37:29,346] {processor.py:642} INFO - Processing file /opt/airflow/dags/gcs_to_bq_dag.py for tasks to queue
[2022-07-11 16:37:29,347] {logging_mixin.py:109} INFO - [2022-07-11 16:37:29,347] {dagbag.py:500} INFO - Filling up the DagBag from /opt/airflow/dags/gcs_to_bq_dag.py
[2022-07-11 16:37:30,404] {processor.py:654} INFO - DAG(s) dict_keys(['gcs_2_bq_dag']) retrieved from /opt/airflow/dags/gcs_to_bq_dag.py
[2022-07-11 16:37:30,414] {logging_mixin.py:109} INFO - [2022-07-11 16:37:30,413] {dag.py:2396} INFO - Sync 1 DAGs
[2022-07-11 16:37:30,431] {logging_mixin.py:109} INFO - [2022-07-11 16:37:30,431] {dag.py:2935} INFO - Setting next_dagrun for gcs_2_bq_dag to 2022-07-10 00:00:00+00:00
[2022-07-11 16:37:30,442] {processor.py:171} INFO - Processing /opt/airflow/dags/gcs_to_bq_dag.py took 1.104 seconds
[2022-07-11 16:38:00,546] {processor.py:163} INFO - Started process (PID=1584) to work on /opt/airflow/dags/gcs_to_bq_dag.py
[2022-07-11 16:38:00,549] {processor.py:642} INFO - Processing file /opt/airflow/dags/gcs_to_bq_dag.py for tasks to queue
[2022-07-11 16:38:00,550] {logging_mixin.py:109} INFO - [2022-07-11 16:38:00,550] {dagbag.py:500} INFO - Filling up the DagBag from /opt/airflow/dags/gcs_to_bq_dag.py
[2022-07-11 16:38:01,379] {processor.py:654} INFO - DAG(s) dict_keys(['gcs_2_bq_dag']) retrieved from /opt/airflow/dags/gcs_to_bq_dag.py
[2022-07-11 16:38:01,389] {logging_mixin.py:109} INFO - [2022-07-11 16:38:01,389] {dag.py:2396} INFO - Sync 1 DAGs
[2022-07-11 16:38:01,406] {logging_mixin.py:109} INFO - [2022-07-11 16:38:01,406] {dag.py:2935} INFO - Setting next_dagrun for gcs_2_bq_dag to 2022-07-10 00:00:00+00:00
[2022-07-11 16:38:01,417] {processor.py:171} INFO - Processing /opt/airflow/dags/gcs_to_bq_dag.py took 0.876 seconds
[2022-07-11 16:38:31,529] {processor.py:163} INFO - Started process (PID=1615) to work on /opt/airflow/dags/gcs_to_bq_dag.py
[2022-07-11 16:38:31,531] {processor.py:642} INFO - Processing file /opt/airflow/dags/gcs_to_bq_dag.py for tasks to queue
[2022-07-11 16:38:31,532] {logging_mixin.py:109} INFO - [2022-07-11 16:38:31,532] {dagbag.py:500} INFO - Filling up the DagBag from /opt/airflow/dags/gcs_to_bq_dag.py
[2022-07-11 16:38:32,391] {processor.py:654} INFO - DAG(s) dict_keys(['gcs_2_bq_dag']) retrieved from /opt/airflow/dags/gcs_to_bq_dag.py
[2022-07-11 16:38:32,401] {logging_mixin.py:109} INFO - [2022-07-11 16:38:32,401] {dag.py:2396} INFO - Sync 1 DAGs
[2022-07-11 16:38:32,419] {logging_mixin.py:109} INFO - [2022-07-11 16:38:32,419] {dag.py:2935} INFO - Setting next_dagrun for gcs_2_bq_dag to 2022-07-10 00:00:00+00:00
[2022-07-11 16:38:32,430] {processor.py:171} INFO - Processing /opt/airflow/dags/gcs_to_bq_dag.py took 0.905 seconds
[2022-07-11 16:39:02,551] {processor.py:163} INFO - Started process (PID=1638) to work on /opt/airflow/dags/gcs_to_bq_dag.py
[2022-07-11 16:39:02,552] {processor.py:642} INFO - Processing file /opt/airflow/dags/gcs_to_bq_dag.py for tasks to queue
[2022-07-11 16:39:02,553] {logging_mixin.py:109} INFO - [2022-07-11 16:39:02,553] {dagbag.py:500} INFO - Filling up the DagBag from /opt/airflow/dags/gcs_to_bq_dag.py
[2022-07-11 16:39:03,366] {processor.py:654} INFO - DAG(s) dict_keys(['gcs_2_bq_dag']) retrieved from /opt/airflow/dags/gcs_to_bq_dag.py
[2022-07-11 16:39:03,377] {logging_mixin.py:109} INFO - [2022-07-11 16:39:03,376] {dag.py:2396} INFO - Sync 1 DAGs
[2022-07-11 16:39:03,397] {logging_mixin.py:109} INFO - [2022-07-11 16:39:03,397] {dag.py:2935} INFO - Setting next_dagrun for gcs_2_bq_dag to 2022-07-10 00:00:00+00:00
[2022-07-11 16:39:03,409] {processor.py:171} INFO - Processing /opt/airflow/dags/gcs_to_bq_dag.py took 0.864 seconds
[2022-07-11 16:39:33,505] {processor.py:163} INFO - Started process (PID=1671) to work on /opt/airflow/dags/gcs_to_bq_dag.py
[2022-07-11 16:39:33,507] {processor.py:642} INFO - Processing file /opt/airflow/dags/gcs_to_bq_dag.py for tasks to queue
[2022-07-11 16:39:33,508] {logging_mixin.py:109} INFO - [2022-07-11 16:39:33,507] {dagbag.py:500} INFO - Filling up the DagBag from /opt/airflow/dags/gcs_to_bq_dag.py
[2022-07-11 16:39:34,387] {processor.py:654} INFO - DAG(s) dict_keys(['gcs_2_bq_dag']) retrieved from /opt/airflow/dags/gcs_to_bq_dag.py
[2022-07-11 16:39:34,399] {logging_mixin.py:109} INFO - [2022-07-11 16:39:34,398] {dag.py:2396} INFO - Sync 1 DAGs
[2022-07-11 16:39:34,420] {logging_mixin.py:109} INFO - [2022-07-11 16:39:34,419] {dag.py:2935} INFO - Setting next_dagrun for gcs_2_bq_dag to 2022-07-10 00:00:00+00:00
[2022-07-11 16:39:34,432] {processor.py:171} INFO - Processing /opt/airflow/dags/gcs_to_bq_dag.py took 0.932 seconds
[2022-07-11 16:40:04,514] {processor.py:163} INFO - Started process (PID=1694) to work on /opt/airflow/dags/gcs_to_bq_dag.py
[2022-07-11 16:40:04,515] {processor.py:642} INFO - Processing file /opt/airflow/dags/gcs_to_bq_dag.py for tasks to queue
[2022-07-11 16:40:04,516] {logging_mixin.py:109} INFO - [2022-07-11 16:40:04,516] {dagbag.py:500} INFO - Filling up the DagBag from /opt/airflow/dags/gcs_to_bq_dag.py
[2022-07-11 16:40:05,452] {processor.py:654} INFO - DAG(s) dict_keys(['gcs_2_bq_dag']) retrieved from /opt/airflow/dags/gcs_to_bq_dag.py
[2022-07-11 16:40:05,464] {logging_mixin.py:109} INFO - [2022-07-11 16:40:05,463] {dag.py:2396} INFO - Sync 1 DAGs
[2022-07-11 16:40:05,482] {logging_mixin.py:109} INFO - [2022-07-11 16:40:05,481] {dag.py:2935} INFO - Setting next_dagrun for gcs_2_bq_dag to 2022-07-10 00:00:00+00:00
[2022-07-11 16:40:05,493] {processor.py:171} INFO - Processing /opt/airflow/dags/gcs_to_bq_dag.py took 0.984 seconds
[2022-07-11 16:40:35,576] {processor.py:163} INFO - Started process (PID=1727) to work on /opt/airflow/dags/gcs_to_bq_dag.py
[2022-07-11 16:40:35,583] {processor.py:642} INFO - Processing file /opt/airflow/dags/gcs_to_bq_dag.py for tasks to queue
[2022-07-11 16:40:35,584] {logging_mixin.py:109} INFO - [2022-07-11 16:40:35,583] {dagbag.py:500} INFO - Filling up the DagBag from /opt/airflow/dags/gcs_to_bq_dag.py
[2022-07-11 16:40:36,383] {processor.py:654} INFO - DAG(s) dict_keys(['gcs_2_bq_dag']) retrieved from /opt/airflow/dags/gcs_to_bq_dag.py
[2022-07-11 16:40:36,393] {logging_mixin.py:109} INFO - [2022-07-11 16:40:36,392] {dag.py:2396} INFO - Sync 1 DAGs
[2022-07-11 16:40:36,410] {logging_mixin.py:109} INFO - [2022-07-11 16:40:36,410] {dag.py:2935} INFO - Setting next_dagrun for gcs_2_bq_dag to 2022-07-10 00:00:00+00:00
[2022-07-11 16:40:36,421] {processor.py:171} INFO - Processing /opt/airflow/dags/gcs_to_bq_dag.py took 0.851 seconds
[2022-07-11 16:41:06,505] {processor.py:163} INFO - Started process (PID=1750) to work on /opt/airflow/dags/gcs_to_bq_dag.py
[2022-07-11 16:41:06,506] {processor.py:642} INFO - Processing file /opt/airflow/dags/gcs_to_bq_dag.py for tasks to queue
[2022-07-11 16:41:06,507] {logging_mixin.py:109} INFO - [2022-07-11 16:41:06,507] {dagbag.py:500} INFO - Filling up the DagBag from /opt/airflow/dags/gcs_to_bq_dag.py
[2022-07-11 16:41:07,291] {processor.py:654} INFO - DAG(s) dict_keys(['gcs_2_bq_dag']) retrieved from /opt/airflow/dags/gcs_to_bq_dag.py
[2022-07-11 16:41:07,303] {logging_mixin.py:109} INFO - [2022-07-11 16:41:07,302] {dag.py:2396} INFO - Sync 1 DAGs
[2022-07-11 16:41:07,320] {logging_mixin.py:109} INFO - [2022-07-11 16:41:07,320] {dag.py:2935} INFO - Setting next_dagrun for gcs_2_bq_dag to 2022-07-10 00:00:00+00:00
[2022-07-11 16:41:07,333] {processor.py:171} INFO - Processing /opt/airflow/dags/gcs_to_bq_dag.py took 0.833 seconds
[2022-07-11 16:41:37,417] {processor.py:163} INFO - Started process (PID=1774) to work on /opt/airflow/dags/gcs_to_bq_dag.py
[2022-07-11 16:41:37,420] {processor.py:642} INFO - Processing file /opt/airflow/dags/gcs_to_bq_dag.py for tasks to queue
[2022-07-11 16:41:37,421] {logging_mixin.py:109} INFO - [2022-07-11 16:41:37,421] {dagbag.py:500} INFO - Filling up the DagBag from /opt/airflow/dags/gcs_to_bq_dag.py
[2022-07-11 16:41:38,436] {processor.py:654} INFO - DAG(s) dict_keys(['gcs_2_bq_dag']) retrieved from /opt/airflow/dags/gcs_to_bq_dag.py
[2022-07-11 16:41:38,447] {logging_mixin.py:109} INFO - [2022-07-11 16:41:38,447] {dag.py:2396} INFO - Sync 1 DAGs
[2022-07-11 16:41:38,465] {logging_mixin.py:109} INFO - [2022-07-11 16:41:38,464] {dag.py:2935} INFO - Setting next_dagrun for gcs_2_bq_dag to 2022-07-10 00:00:00+00:00
[2022-07-11 16:41:38,476] {processor.py:171} INFO - Processing /opt/airflow/dags/gcs_to_bq_dag.py took 1.066 seconds
[2022-07-11 16:42:08,528] {processor.py:163} INFO - Started process (PID=1806) to work on /opt/airflow/dags/gcs_to_bq_dag.py
[2022-07-11 16:42:08,531] {processor.py:642} INFO - Processing file /opt/airflow/dags/gcs_to_bq_dag.py for tasks to queue
[2022-07-11 16:42:08,532] {logging_mixin.py:109} INFO - [2022-07-11 16:42:08,532] {dagbag.py:500} INFO - Filling up the DagBag from /opt/airflow/dags/gcs_to_bq_dag.py
[2022-07-11 16:42:09,301] {processor.py:654} INFO - DAG(s) dict_keys(['gcs_2_bq_dag']) retrieved from /opt/airflow/dags/gcs_to_bq_dag.py
[2022-07-11 16:42:09,313] {logging_mixin.py:109} INFO - [2022-07-11 16:42:09,312] {dag.py:2396} INFO - Sync 1 DAGs
[2022-07-11 16:42:09,330] {logging_mixin.py:109} INFO - [2022-07-11 16:42:09,330] {dag.py:2935} INFO - Setting next_dagrun for gcs_2_bq_dag to 2022-07-10 00:00:00+00:00
[2022-07-11 16:42:09,342] {processor.py:171} INFO - Processing /opt/airflow/dags/gcs_to_bq_dag.py took 0.818 seconds
[2022-07-11 16:42:39,431] {processor.py:163} INFO - Started process (PID=1829) to work on /opt/airflow/dags/gcs_to_bq_dag.py
[2022-07-11 16:42:39,432] {processor.py:642} INFO - Processing file /opt/airflow/dags/gcs_to_bq_dag.py for tasks to queue
[2022-07-11 16:42:39,433] {logging_mixin.py:109} INFO - [2022-07-11 16:42:39,433] {dagbag.py:500} INFO - Filling up the DagBag from /opt/airflow/dags/gcs_to_bq_dag.py
[2022-07-11 16:42:40,208] {processor.py:654} INFO - DAG(s) dict_keys(['gcs_2_bq_dag']) retrieved from /opt/airflow/dags/gcs_to_bq_dag.py
[2022-07-11 16:42:40,219] {logging_mixin.py:109} INFO - [2022-07-11 16:42:40,218] {dag.py:2396} INFO - Sync 1 DAGs
[2022-07-11 16:42:40,237] {logging_mixin.py:109} INFO - [2022-07-11 16:42:40,236] {dag.py:2935} INFO - Setting next_dagrun for gcs_2_bq_dag to 2022-07-10 00:00:00+00:00
[2022-07-11 16:42:40,247] {processor.py:171} INFO - Processing /opt/airflow/dags/gcs_to_bq_dag.py took 0.820 seconds
[2022-07-11 16:43:10,335] {processor.py:163} INFO - Started process (PID=1862) to work on /opt/airflow/dags/gcs_to_bq_dag.py
[2022-07-11 16:43:10,339] {processor.py:642} INFO - Processing file /opt/airflow/dags/gcs_to_bq_dag.py for tasks to queue
[2022-07-11 16:43:10,340] {logging_mixin.py:109} INFO - [2022-07-11 16:43:10,340] {dagbag.py:500} INFO - Filling up the DagBag from /opt/airflow/dags/gcs_to_bq_dag.py
[2022-07-11 16:43:11,304] {processor.py:654} INFO - DAG(s) dict_keys(['gcs_2_bq_dag']) retrieved from /opt/airflow/dags/gcs_to_bq_dag.py
[2022-07-11 16:43:11,313] {logging_mixin.py:109} INFO - [2022-07-11 16:43:11,313] {dag.py:2396} INFO - Sync 1 DAGs
[2022-07-11 16:43:11,331] {logging_mixin.py:109} INFO - [2022-07-11 16:43:11,331] {dag.py:2935} INFO - Setting next_dagrun for gcs_2_bq_dag to 2022-07-10 00:00:00+00:00
[2022-07-11 16:43:11,340] {processor.py:171} INFO - Processing /opt/airflow/dags/gcs_to_bq_dag.py took 1.011 seconds
[2022-07-11 16:43:41,436] {processor.py:163} INFO - Started process (PID=1886) to work on /opt/airflow/dags/gcs_to_bq_dag.py
[2022-07-11 16:43:41,437] {processor.py:642} INFO - Processing file /opt/airflow/dags/gcs_to_bq_dag.py for tasks to queue
[2022-07-11 16:43:41,438] {logging_mixin.py:109} INFO - [2022-07-11 16:43:41,437] {dagbag.py:500} INFO - Filling up the DagBag from /opt/airflow/dags/gcs_to_bq_dag.py
[2022-07-11 16:43:42,216] {processor.py:654} INFO - DAG(s) dict_keys(['gcs_2_bq_dag']) retrieved from /opt/airflow/dags/gcs_to_bq_dag.py
[2022-07-11 16:43:42,230] {logging_mixin.py:109} INFO - [2022-07-11 16:43:42,229] {dag.py:2396} INFO - Sync 1 DAGs
[2022-07-11 16:43:42,249] {logging_mixin.py:109} INFO - [2022-07-11 16:43:42,249] {dag.py:2935} INFO - Setting next_dagrun for gcs_2_bq_dag to 2022-07-10 00:00:00+00:00
[2022-07-11 16:43:42,267] {processor.py:171} INFO - Processing /opt/airflow/dags/gcs_to_bq_dag.py took 0.836 seconds
[2022-07-11 16:44:12,374] {processor.py:163} INFO - Started process (PID=1920) to work on /opt/airflow/dags/gcs_to_bq_dag.py
[2022-07-11 16:44:12,376] {processor.py:642} INFO - Processing file /opt/airflow/dags/gcs_to_bq_dag.py for tasks to queue
[2022-07-11 16:44:12,377] {logging_mixin.py:109} INFO - [2022-07-11 16:44:12,376] {dagbag.py:500} INFO - Filling up the DagBag from /opt/airflow/dags/gcs_to_bq_dag.py
[2022-07-11 16:44:13,232] {processor.py:654} INFO - DAG(s) dict_keys(['gcs_2_bq_dag']) retrieved from /opt/airflow/dags/gcs_to_bq_dag.py
[2022-07-11 16:44:13,242] {logging_mixin.py:109} INFO - [2022-07-11 16:44:13,242] {dag.py:2396} INFO - Sync 1 DAGs
[2022-07-11 16:44:13,262] {logging_mixin.py:109} INFO - [2022-07-11 16:44:13,262] {dag.py:2935} INFO - Setting next_dagrun for gcs_2_bq_dag to 2022-07-10 00:00:00+00:00
[2022-07-11 16:44:13,273] {processor.py:171} INFO - Processing /opt/airflow/dags/gcs_to_bq_dag.py took 0.903 seconds
[2022-07-11 16:44:43,357] {processor.py:163} INFO - Started process (PID=1944) to work on /opt/airflow/dags/gcs_to_bq_dag.py
[2022-07-11 16:44:43,362] {processor.py:642} INFO - Processing file /opt/airflow/dags/gcs_to_bq_dag.py for tasks to queue
[2022-07-11 16:44:43,363] {logging_mixin.py:109} INFO - [2022-07-11 16:44:43,363] {dagbag.py:500} INFO - Filling up the DagBag from /opt/airflow/dags/gcs_to_bq_dag.py
[2022-07-11 16:44:44,177] {processor.py:654} INFO - DAG(s) dict_keys(['gcs_2_bq_dag']) retrieved from /opt/airflow/dags/gcs_to_bq_dag.py
[2022-07-11 16:44:44,193] {logging_mixin.py:109} INFO - [2022-07-11 16:44:44,192] {dag.py:2396} INFO - Sync 1 DAGs
[2022-07-11 16:44:44,217] {logging_mixin.py:109} INFO - [2022-07-11 16:44:44,217] {dag.py:2935} INFO - Setting next_dagrun for gcs_2_bq_dag to 2022-07-10 00:00:00+00:00
[2022-07-11 16:44:44,229] {processor.py:171} INFO - Processing /opt/airflow/dags/gcs_to_bq_dag.py took 0.877 seconds
[2022-07-11 16:45:14,312] {processor.py:163} INFO - Started process (PID=1978) to work on /opt/airflow/dags/gcs_to_bq_dag.py
[2022-07-11 16:45:14,316] {processor.py:642} INFO - Processing file /opt/airflow/dags/gcs_to_bq_dag.py for tasks to queue
[2022-07-11 16:45:14,317] {logging_mixin.py:109} INFO - [2022-07-11 16:45:14,317] {dagbag.py:500} INFO - Filling up the DagBag from /opt/airflow/dags/gcs_to_bq_dag.py
[2022-07-11 16:45:15,236] {processor.py:654} INFO - DAG(s) dict_keys(['gcs_2_bq_dag']) retrieved from /opt/airflow/dags/gcs_to_bq_dag.py
[2022-07-11 16:45:15,247] {logging_mixin.py:109} INFO - [2022-07-11 16:45:15,247] {dag.py:2396} INFO - Sync 1 DAGs
[2022-07-11 16:45:15,263] {logging_mixin.py:109} INFO - [2022-07-11 16:45:15,263] {dag.py:2935} INFO - Setting next_dagrun for gcs_2_bq_dag to 2022-07-10 00:00:00+00:00
[2022-07-11 16:45:15,273] {processor.py:171} INFO - Processing /opt/airflow/dags/gcs_to_bq_dag.py took 0.966 seconds
[2022-07-11 16:45:45,351] {processor.py:163} INFO - Started process (PID=2002) to work on /opt/airflow/dags/gcs_to_bq_dag.py
[2022-07-11 16:45:45,353] {processor.py:642} INFO - Processing file /opt/airflow/dags/gcs_to_bq_dag.py for tasks to queue
[2022-07-11 16:45:45,354] {logging_mixin.py:109} INFO - [2022-07-11 16:45:45,354] {dagbag.py:500} INFO - Filling up the DagBag from /opt/airflow/dags/gcs_to_bq_dag.py
[2022-07-11 16:45:46,189] {processor.py:654} INFO - DAG(s) dict_keys(['gcs_2_bq_dag']) retrieved from /opt/airflow/dags/gcs_to_bq_dag.py
[2022-07-11 16:45:46,202] {logging_mixin.py:109} INFO - [2022-07-11 16:45:46,201] {dag.py:2396} INFO - Sync 1 DAGs
[2022-07-11 16:45:46,221] {logging_mixin.py:109} INFO - [2022-07-11 16:45:46,221] {dag.py:2935} INFO - Setting next_dagrun for gcs_2_bq_dag to 2022-07-10 00:00:00+00:00
[2022-07-11 16:45:46,232] {processor.py:171} INFO - Processing /opt/airflow/dags/gcs_to_bq_dag.py took 0.886 seconds
[2022-07-11 16:46:16,328] {processor.py:163} INFO - Started process (PID=2033) to work on /opt/airflow/dags/gcs_to_bq_dag.py
[2022-07-11 16:46:16,334] {processor.py:642} INFO - Processing file /opt/airflow/dags/gcs_to_bq_dag.py for tasks to queue
[2022-07-11 16:46:16,335] {logging_mixin.py:109} INFO - [2022-07-11 16:46:16,335] {dagbag.py:500} INFO - Filling up the DagBag from /opt/airflow/dags/gcs_to_bq_dag.py
[2022-07-11 16:46:17,175] {processor.py:654} INFO - DAG(s) dict_keys(['gcs_2_bq_dag']) retrieved from /opt/airflow/dags/gcs_to_bq_dag.py
[2022-07-11 16:46:17,187] {logging_mixin.py:109} INFO - [2022-07-11 16:46:17,187] {dag.py:2396} INFO - Sync 1 DAGs
[2022-07-11 16:46:17,205] {logging_mixin.py:109} INFO - [2022-07-11 16:46:17,204] {dag.py:2935} INFO - Setting next_dagrun for gcs_2_bq_dag to 2022-07-10 00:00:00+00:00
[2022-07-11 16:46:17,216] {processor.py:171} INFO - Processing /opt/airflow/dags/gcs_to_bq_dag.py took 0.894 seconds
[2022-07-11 16:46:47,295] {processor.py:163} INFO - Started process (PID=2059) to work on /opt/airflow/dags/gcs_to_bq_dag.py
[2022-07-11 16:46:47,297] {processor.py:642} INFO - Processing file /opt/airflow/dags/gcs_to_bq_dag.py for tasks to queue
[2022-07-11 16:46:47,298] {logging_mixin.py:109} INFO - [2022-07-11 16:46:47,298] {dagbag.py:500} INFO - Filling up the DagBag from /opt/airflow/dags/gcs_to_bq_dag.py
[2022-07-11 16:46:48,077] {processor.py:654} INFO - DAG(s) dict_keys(['gcs_2_bq_dag']) retrieved from /opt/airflow/dags/gcs_to_bq_dag.py
[2022-07-11 16:46:48,087] {logging_mixin.py:109} INFO - [2022-07-11 16:46:48,086] {dag.py:2396} INFO - Sync 1 DAGs
[2022-07-11 16:46:48,104] {logging_mixin.py:109} INFO - [2022-07-11 16:46:48,104] {dag.py:2935} INFO - Setting next_dagrun for gcs_2_bq_dag to 2022-07-10 00:00:00+00:00
[2022-07-11 16:46:48,114] {processor.py:171} INFO - Processing /opt/airflow/dags/gcs_to_bq_dag.py took 0.825 seconds
[2022-07-11 16:47:18,196] {processor.py:163} INFO - Started process (PID=2082) to work on /opt/airflow/dags/gcs_to_bq_dag.py
[2022-07-11 16:47:18,198] {processor.py:642} INFO - Processing file /opt/airflow/dags/gcs_to_bq_dag.py for tasks to queue
[2022-07-11 16:47:18,199] {logging_mixin.py:109} INFO - [2022-07-11 16:47:18,199] {dagbag.py:500} INFO - Filling up the DagBag from /opt/airflow/dags/gcs_to_bq_dag.py
[2022-07-11 16:47:19,240] {processor.py:654} INFO - DAG(s) dict_keys(['gcs_2_bq_dag']) retrieved from /opt/airflow/dags/gcs_to_bq_dag.py
[2022-07-11 16:47:19,256] {logging_mixin.py:109} INFO - [2022-07-11 16:47:19,255] {dag.py:2396} INFO - Sync 1 DAGs
[2022-07-11 16:47:19,284] {logging_mixin.py:109} INFO - [2022-07-11 16:47:19,283] {dag.py:2935} INFO - Setting next_dagrun for gcs_2_bq_dag to 2022-07-10 00:00:00+00:00
[2022-07-11 16:47:19,298] {processor.py:171} INFO - Processing /opt/airflow/dags/gcs_to_bq_dag.py took 1.108 seconds
[2022-07-11 16:47:49,381] {processor.py:163} INFO - Started process (PID=2114) to work on /opt/airflow/dags/gcs_to_bq_dag.py
[2022-07-11 16:47:49,384] {processor.py:642} INFO - Processing file /opt/airflow/dags/gcs_to_bq_dag.py for tasks to queue
[2022-07-11 16:47:49,384] {logging_mixin.py:109} INFO - [2022-07-11 16:47:49,384] {dagbag.py:500} INFO - Filling up the DagBag from /opt/airflow/dags/gcs_to_bq_dag.py
[2022-07-11 16:47:50,194] {processor.py:654} INFO - DAG(s) dict_keys(['gcs_2_bq_dag']) retrieved from /opt/airflow/dags/gcs_to_bq_dag.py
[2022-07-11 16:47:50,205] {logging_mixin.py:109} INFO - [2022-07-11 16:47:50,204] {dag.py:2396} INFO - Sync 1 DAGs
[2022-07-11 16:47:50,224] {logging_mixin.py:109} INFO - [2022-07-11 16:47:50,224] {dag.py:2935} INFO - Setting next_dagrun for gcs_2_bq_dag to 2022-07-10 00:00:00+00:00
[2022-07-11 16:47:50,234] {processor.py:171} INFO - Processing /opt/airflow/dags/gcs_to_bq_dag.py took 0.858 seconds
[2022-07-11 16:48:20,339] {processor.py:163} INFO - Started process (PID=2137) to work on /opt/airflow/dags/gcs_to_bq_dag.py
[2022-07-11 16:48:20,341] {processor.py:642} INFO - Processing file /opt/airflow/dags/gcs_to_bq_dag.py for tasks to queue
[2022-07-11 16:48:20,342] {logging_mixin.py:109} INFO - [2022-07-11 16:48:20,342] {dagbag.py:500} INFO - Filling up the DagBag from /opt/airflow/dags/gcs_to_bq_dag.py
[2022-07-11 16:48:21,212] {processor.py:654} INFO - DAG(s) dict_keys(['gcs_2_bq_dag']) retrieved from /opt/airflow/dags/gcs_to_bq_dag.py
[2022-07-11 16:48:21,224] {logging_mixin.py:109} INFO - [2022-07-11 16:48:21,224] {dag.py:2396} INFO - Sync 1 DAGs
[2022-07-11 16:48:21,242] {logging_mixin.py:109} INFO - [2022-07-11 16:48:21,242] {dag.py:2935} INFO - Setting next_dagrun for gcs_2_bq_dag to 2022-07-10 00:00:00+00:00
[2022-07-11 16:48:21,253] {processor.py:171} INFO - Processing /opt/airflow/dags/gcs_to_bq_dag.py took 0.920 seconds
[2022-07-11 16:48:51,339] {processor.py:163} INFO - Started process (PID=2170) to work on /opt/airflow/dags/gcs_to_bq_dag.py
[2022-07-11 16:48:51,341] {processor.py:642} INFO - Processing file /opt/airflow/dags/gcs_to_bq_dag.py for tasks to queue
[2022-07-11 16:48:51,342] {logging_mixin.py:109} INFO - [2022-07-11 16:48:51,342] {dagbag.py:500} INFO - Filling up the DagBag from /opt/airflow/dags/gcs_to_bq_dag.py
[2022-07-11 16:48:52,138] {processor.py:654} INFO - DAG(s) dict_keys(['gcs_2_bq_dag']) retrieved from /opt/airflow/dags/gcs_to_bq_dag.py
[2022-07-11 16:48:52,148] {logging_mixin.py:109} INFO - [2022-07-11 16:48:52,148] {dag.py:2396} INFO - Sync 1 DAGs
[2022-07-11 16:48:52,165] {logging_mixin.py:109} INFO - [2022-07-11 16:48:52,165] {dag.py:2935} INFO - Setting next_dagrun for gcs_2_bq_dag to 2022-07-10 00:00:00+00:00
[2022-07-11 16:48:52,176] {processor.py:171} INFO - Processing /opt/airflow/dags/gcs_to_bq_dag.py took 0.842 seconds
