[2022-07-01 14:26:17,381] {taskinstance.py:1032} INFO - Dependencies all met for <TaskInstance: data_adjusted.local_to_gcs_task scheduled__2022-06-30T00:00:00+00:00 [queued]>
[2022-07-01 14:26:17,409] {taskinstance.py:1032} INFO - Dependencies all met for <TaskInstance: data_adjusted.local_to_gcs_task scheduled__2022-06-30T00:00:00+00:00 [queued]>
[2022-07-01 14:26:17,409] {taskinstance.py:1238} INFO - 
--------------------------------------------------------------------------------
[2022-07-01 14:26:17,410] {taskinstance.py:1239} INFO - Starting attempt 1 of 2
[2022-07-01 14:26:17,410] {taskinstance.py:1240} INFO - 
--------------------------------------------------------------------------------
[2022-07-01 14:26:17,434] {taskinstance.py:1259} INFO - Executing <Task(PythonOperator): local_to_gcs_task> on 2022-06-30 00:00:00+00:00
[2022-07-01 14:26:17,445] {standard_task_runner.py:52} INFO - Started process 245 to run task
[2022-07-01 14:26:17,451] {standard_task_runner.py:76} INFO - Running: ['***', 'tasks', 'run', 'data_adjusted', 'local_to_gcs_task', 'scheduled__2022-06-30T00:00:00+00:00', '--job-id', '62', '--raw', '--subdir', 'DAGS_FOLDER/data_adjusted.py', '--cfg-path', '/tmp/tmpfqngi0q0', '--error-file', '/tmp/tmpb7ka91kr']
[2022-07-01 14:26:17,452] {standard_task_runner.py:77} INFO - Job 62: Subtask local_to_gcs_task
[2022-07-01 14:26:17,595] {logging_mixin.py:109} INFO - Running <TaskInstance: data_adjusted.local_to_gcs_task scheduled__2022-06-30T00:00:00+00:00 [running]> on host 444b4cb56d2a
[2022-07-01 14:26:17,744] {taskinstance.py:1426} INFO - Exporting the following env vars:
AIRFLOW_CTX_DAG_OWNER=***
AIRFLOW_CTX_DAG_ID=data_adjusted
AIRFLOW_CTX_TASK_ID=local_to_gcs_task
AIRFLOW_CTX_EXECUTION_DATE=2022-06-30T00:00:00+00:00
AIRFLOW_CTX_DAG_RUN_ID=scheduled__2022-06-30T00:00:00+00:00
[2022-07-01 14:26:18,613] {python.py:175} INFO - Done. Returned value was: None
[2022-07-01 14:26:18,643] {taskinstance.py:1277} INFO - Marking task as SUCCESS. dag_id=data_adjusted, task_id=local_to_gcs_task, execution_date=20220630T000000, start_date=20220701T142617, end_date=20220701T142618
[2022-07-01 14:26:18,693] {local_task_job.py:154} INFO - Task exited with return code 0
[2022-07-01 14:26:18,751] {local_task_job.py:264} INFO - 1 downstream tasks scheduled from follow-on schedule check
