[2022-07-07 13:02:59,933] {taskinstance.py:1032} INFO - Dependencies all met for <TaskInstance: data_ingest_csv.bigquery_external_table_task manual__2022-07-07T13:02:41.631455+00:00 [queued]>
[2022-07-07 13:02:59,944] {taskinstance.py:1032} INFO - Dependencies all met for <TaskInstance: data_ingest_csv.bigquery_external_table_task manual__2022-07-07T13:02:41.631455+00:00 [queued]>
[2022-07-07 13:02:59,944] {taskinstance.py:1238} INFO - 
--------------------------------------------------------------------------------
[2022-07-07 13:02:59,944] {taskinstance.py:1239} INFO - Starting attempt 1 of 2
[2022-07-07 13:02:59,944] {taskinstance.py:1240} INFO - 
--------------------------------------------------------------------------------
[2022-07-07 13:02:59,955] {taskinstance.py:1259} INFO - Executing <Task(BigQueryCreateExternalTableOperator): bigquery_external_table_task> on 2022-07-07 13:02:41.631455+00:00
[2022-07-07 13:02:59,960] {standard_task_runner.py:52} INFO - Started process 1065 to run task
[2022-07-07 13:02:59,965] {standard_task_runner.py:76} INFO - Running: ['***', 'tasks', 'run', 'data_ingest_csv', 'bigquery_external_table_task', 'manual__2022-07-07T13:02:41.631455+00:00', '--job-id', '107', '--raw', '--subdir', 'DAGS_FOLDER/data_ingest_with_csv.py', '--cfg-path', '/tmp/tmp5a7sarlz', '--error-file', '/tmp/tmpji_rok17']
[2022-07-07 13:02:59,966] {standard_task_runner.py:77} INFO - Job 107: Subtask bigquery_external_table_task
[2022-07-07 13:03:00,029] {logging_mixin.py:109} INFO - Running <TaskInstance: data_ingest_csv.bigquery_external_table_task manual__2022-07-07T13:02:41.631455+00:00 [running]> on host 2a74a570b95b
[2022-07-07 13:03:00,091] {taskinstance.py:1426} INFO - Exporting the following env vars:
AIRFLOW_CTX_DAG_OWNER=***
AIRFLOW_CTX_DAG_ID=data_ingest_csv
AIRFLOW_CTX_TASK_ID=bigquery_external_table_task
AIRFLOW_CTX_EXECUTION_DATE=2022-07-07T13:02:41.631455+00:00
AIRFLOW_CTX_DAG_RUN_ID=manual__2022-07-07T13:02:41.631455+00:00
[2022-07-07 13:03:00,093] {crypto.py:82} WARNING - empty cryptography key - values will not be stored encrypted.
[2022-07-07 13:03:00,770] {taskinstance.py:1277} INFO - Marking task as SUCCESS. dag_id=data_ingest_csv, task_id=bigquery_external_table_task, execution_date=20220707T130241, start_date=20220707T130259, end_date=20220707T130300
[2022-07-07 13:03:00,819] {local_task_job.py:154} INFO - Task exited with return code 0
[2022-07-07 13:03:00,853] {local_task_job.py:264} INFO - 0 downstream tasks scheduled from follow-on schedule check
