[2022-06-30 17:45:49,859] {taskinstance.py:1032} INFO - Dependencies all met for <TaskInstance: data_adjusted.local_to_gcs_task manual__2022-06-30T17:38:11.416010+00:00 [queued]>
[2022-06-30 17:45:49,876] {taskinstance.py:1032} INFO - Dependencies all met for <TaskInstance: data_adjusted.local_to_gcs_task manual__2022-06-30T17:38:11.416010+00:00 [queued]>
[2022-06-30 17:45:49,876] {taskinstance.py:1238} INFO - 
--------------------------------------------------------------------------------
[2022-06-30 17:45:49,877] {taskinstance.py:1239} INFO - Starting attempt 1 of 2
[2022-06-30 17:45:49,877] {taskinstance.py:1240} INFO - 
--------------------------------------------------------------------------------
[2022-06-30 17:45:49,896] {taskinstance.py:1259} INFO - Executing <Task(PythonOperator): local_to_gcs_task> on 2022-06-30 17:38:11.416010+00:00
[2022-06-30 17:45:49,902] {standard_task_runner.py:52} INFO - Started process 7625 to run task
[2022-06-30 17:45:49,908] {standard_task_runner.py:76} INFO - Running: ['***', 'tasks', 'run', 'data_adjusted', 'local_to_gcs_task', 'manual__2022-06-30T17:38:11.416010+00:00', '--job-id', '43', '--raw', '--subdir', 'DAGS_FOLDER/data_adjusted.py', '--cfg-path', '/tmp/tmp5s6yq25j', '--error-file', '/tmp/tmp4iqhtjpk']
[2022-06-30 17:45:49,909] {standard_task_runner.py:77} INFO - Job 43: Subtask local_to_gcs_task
[2022-06-30 17:45:49,978] {logging_mixin.py:109} INFO - Running <TaskInstance: data_adjusted.local_to_gcs_task manual__2022-06-30T17:38:11.416010+00:00 [running]> on host d4c453d82639
[2022-06-30 17:45:50,042] {taskinstance.py:1426} INFO - Exporting the following env vars:
AIRFLOW_CTX_DAG_OWNER=***
AIRFLOW_CTX_DAG_ID=data_adjusted
AIRFLOW_CTX_TASK_ID=local_to_gcs_task
AIRFLOW_CTX_EXECUTION_DATE=2022-06-30T17:38:11.416010+00:00
AIRFLOW_CTX_DAG_RUN_ID=manual__2022-06-30T17:38:11.416010+00:00
[2022-06-30 17:45:50,689] {python.py:175} INFO - Done. Returned value was: None
[2022-06-30 17:45:50,703] {taskinstance.py:1277} INFO - Marking task as SUCCESS. dag_id=data_adjusted, task_id=local_to_gcs_task, execution_date=20220630T173811, start_date=20220630T174549, end_date=20220630T174550
[2022-06-30 17:45:50,765] {local_task_job.py:154} INFO - Task exited with return code 0
[2022-06-30 17:45:50,803] {local_task_job.py:264} INFO - 1 downstream tasks scheduled from follow-on schedule check
