[2022-07-07 13:02:46,769] {taskinstance.py:1032} INFO - Dependencies all met for <TaskInstance: data_ingest_csv.local_to_gcs_task scheduled__2022-07-06T00:00:00+00:00 [queued]>
[2022-07-07 13:02:46,781] {taskinstance.py:1032} INFO - Dependencies all met for <TaskInstance: data_ingest_csv.local_to_gcs_task scheduled__2022-07-06T00:00:00+00:00 [queued]>
[2022-07-07 13:02:46,781] {taskinstance.py:1238} INFO - 
--------------------------------------------------------------------------------
[2022-07-07 13:02:46,781] {taskinstance.py:1239} INFO - Starting attempt 1 of 2
[2022-07-07 13:02:46,781] {taskinstance.py:1240} INFO - 
--------------------------------------------------------------------------------
[2022-07-07 13:02:46,794] {taskinstance.py:1259} INFO - Executing <Task(PythonOperator): local_to_gcs_task> on 2022-07-06 00:00:00+00:00
[2022-07-07 13:02:46,800] {standard_task_runner.py:52} INFO - Started process 1032 to run task
[2022-07-07 13:02:46,805] {standard_task_runner.py:76} INFO - Running: ['***', 'tasks', 'run', 'data_ingest_csv', 'local_to_gcs_task', 'scheduled__2022-07-06T00:00:00+00:00', '--job-id', '102', '--raw', '--subdir', 'DAGS_FOLDER/data_ingest_with_csv.py', '--cfg-path', '/tmp/tmpqirtzj0u', '--error-file', '/tmp/tmp1gyo5fti']
[2022-07-07 13:02:46,806] {standard_task_runner.py:77} INFO - Job 102: Subtask local_to_gcs_task
[2022-07-07 13:02:46,871] {logging_mixin.py:109} INFO - Running <TaskInstance: data_ingest_csv.local_to_gcs_task scheduled__2022-07-06T00:00:00+00:00 [running]> on host 2a74a570b95b
[2022-07-07 13:02:46,931] {taskinstance.py:1426} INFO - Exporting the following env vars:
AIRFLOW_CTX_DAG_OWNER=***
AIRFLOW_CTX_DAG_ID=data_ingest_csv
AIRFLOW_CTX_TASK_ID=local_to_gcs_task
AIRFLOW_CTX_EXECUTION_DATE=2022-07-06T00:00:00+00:00
AIRFLOW_CTX_DAG_RUN_ID=scheduled__2022-07-06T00:00:00+00:00
[2022-07-07 13:02:47,957] {python.py:175} INFO - Done. Returned value was: None
[2022-07-07 13:02:47,970] {taskinstance.py:1277} INFO - Marking task as SUCCESS. dag_id=data_ingest_csv, task_id=local_to_gcs_task, execution_date=20220706T000000, start_date=20220707T130246, end_date=20220707T130247
[2022-07-07 13:02:48,022] {local_task_job.py:154} INFO - Task exited with return code 0
[2022-07-07 13:02:48,056] {local_task_job.py:264} INFO - 1 downstream tasks scheduled from follow-on schedule check
