[2022-07-07 16:48:20,188] {taskinstance.py:1032} INFO - Dependencies all met for <TaskInstance: LocalIngestionDag.ingest scheduled__2021-01-02T06:00:00+00:00 [queued]>
[2022-07-07 16:48:20,201] {taskinstance.py:1032} INFO - Dependencies all met for <TaskInstance: LocalIngestionDag.ingest scheduled__2021-01-02T06:00:00+00:00 [queued]>
[2022-07-07 16:48:20,201] {taskinstance.py:1238} INFO - 
--------------------------------------------------------------------------------
[2022-07-07 16:48:20,201] {taskinstance.py:1239} INFO - Starting attempt 10 of 10
[2022-07-07 16:48:20,202] {taskinstance.py:1240} INFO - 
--------------------------------------------------------------------------------
[2022-07-07 16:48:20,214] {taskinstance.py:1259} INFO - Executing <Task(PythonOperator): ingest> on 2021-01-02 06:00:00+00:00
[2022-07-07 16:48:20,221] {standard_task_runner.py:52} INFO - Started process 4508 to run task
[2022-07-07 16:48:20,228] {standard_task_runner.py:76} INFO - Running: ['***', 'tasks', 'run', 'LocalIngestionDag', 'ingest', 'scheduled__2021-01-02T06:00:00+00:00', '--job-id', '174', '--raw', '--subdir', 'DAGS_FOLDER/data_ingestion_local.py', '--cfg-path', '/tmp/tmp7bbfy0tr', '--error-file', '/tmp/tmpbgjhbrvx']
[2022-07-07 16:48:20,229] {standard_task_runner.py:77} INFO - Job 174: Subtask ingest
[2022-07-07 16:48:20,293] {logging_mixin.py:109} INFO - Running <TaskInstance: LocalIngestionDag.ingest scheduled__2021-01-02T06:00:00+00:00 [running]> on host d7995de6702f
[2022-07-07 16:48:20,337] {warnings.py:110} WARNING - /home/***/.local/lib/python3.7/site-packages/***/utils/context.py:152: AirflowContextDeprecationWarning: Accessing 'execution_date' from the template is deprecated and will be removed in a future version. Please use 'data_interval_start' or 'logical_date' instead.
  warnings.warn(_create_deprecation_warning(key, self._deprecation_replacements[key]))

[2022-07-07 16:48:20,364] {taskinstance.py:1426} INFO - Exporting the following env vars:
AIRFLOW_CTX_DAG_OWNER=***
AIRFLOW_CTX_DAG_ID=LocalIngestionDag
AIRFLOW_CTX_TASK_ID=ingest
AIRFLOW_CTX_EXECUTION_DATE=2021-01-02T06:00:00+00:00
AIRFLOW_CTX_DAG_RUN_ID=scheduled__2021-01-02T06:00:00+00:00
[2022-07-07 16:48:20,365] {logging_mixin.py:109} INFO - yellow_taxi_2021_01 /opt/***/output_2021-01.csv 2021-01-02T06:00:00+00:00
[2022-07-07 16:48:20,365] {logging_mixin.py:109} INFO - postgresql://root":root"@pgdatabase":5432"/ny_taxi"
[2022-07-07 16:48:20,366] {python.py:175} INFO - Done. Returned value was: None
[2022-07-07 16:48:20,378] {taskinstance.py:1277} INFO - Marking task as SUCCESS. dag_id=LocalIngestionDag, task_id=ingest, execution_date=20210102T060000, start_date=20220707T164820, end_date=20220707T164820
[2022-07-07 16:48:20,400] {local_task_job.py:154} INFO - Task exited with return code 0
[2022-07-07 16:48:20,435] {local_task_job.py:264} INFO - 0 downstream tasks scheduled from follow-on schedule check
