[2022-07-08 07:25:15,563] {taskinstance.py:1032} INFO - Dependencies all met for <TaskInstance: LocalIngestionDag.ingest scheduled__2021-01-02T06:00:00+00:00 [queued]>
[2022-07-08 07:25:15,581] {taskinstance.py:1032} INFO - Dependencies all met for <TaskInstance: LocalIngestionDag.ingest scheduled__2021-01-02T06:00:00+00:00 [queued]>
[2022-07-08 07:25:15,582] {taskinstance.py:1238} INFO - 
--------------------------------------------------------------------------------
[2022-07-08 07:25:15,582] {taskinstance.py:1239} INFO - Starting attempt 13 of 13
[2022-07-08 07:25:15,582] {taskinstance.py:1240} INFO - 
--------------------------------------------------------------------------------
[2022-07-08 07:25:15,602] {taskinstance.py:1259} INFO - Executing <Task(PythonOperator): ingest> on 2021-01-02 06:00:00+00:00
[2022-07-08 07:25:15,610] {standard_task_runner.py:52} INFO - Started process 1793 to run task
[2022-07-08 07:25:15,621] {standard_task_runner.py:76} INFO - Running: ['***', 'tasks', 'run', 'LocalIngestionDag', 'ingest', 'scheduled__2021-01-02T06:00:00+00:00', '--job-id', '252', '--raw', '--subdir', 'DAGS_FOLDER/data_ingestion_local.py', '--cfg-path', '/tmp/tmp5r8on7ll', '--error-file', '/tmp/tmpe_isoxa9']
[2022-07-08 07:25:15,622] {standard_task_runner.py:77} INFO - Job 252: Subtask ingest
[2022-07-08 07:25:15,701] {logging_mixin.py:109} INFO - Running <TaskInstance: LocalIngestionDag.ingest scheduled__2021-01-02T06:00:00+00:00 [running]> on host d7995de6702f
[2022-07-08 07:25:15,759] {warnings.py:110} WARNING - /home/***/.local/lib/python3.7/site-packages/***/utils/context.py:152: AirflowContextDeprecationWarning: Accessing 'execution_date' from the template is deprecated and will be removed in a future version. Please use 'data_interval_start' or 'logical_date' instead.
  warnings.warn(_create_deprecation_warning(key, self._deprecation_replacements[key]))

[2022-07-08 07:25:15,786] {taskinstance.py:1426} INFO - Exporting the following env vars:
AIRFLOW_CTX_DAG_OWNER=***
AIRFLOW_CTX_DAG_ID=LocalIngestionDag
AIRFLOW_CTX_TASK_ID=ingest
AIRFLOW_CTX_EXECUTION_DATE=2021-01-02T06:00:00+00:00
AIRFLOW_CTX_DAG_RUN_ID=scheduled__2021-01-02T06:00:00+00:00
[2022-07-08 07:25:15,788] {logging_mixin.py:109} INFO - yellow_taxi_2021_01 output_2021-01.csv 2021-01-02T06:00:00+00:00
[2022-07-08 07:25:15,828] {logging_mixin.py:109} INFO - <sqlalchemy.engine.base.Connection object at 0x7f84434c3890>
[2022-07-08 07:25:15,829] {logging_mixin.py:109} INFO - connection established successfully, inserting data...
[2022-07-08 07:25:47,540] {logging_mixin.py:109} INFO - inserted the first chunk, took 31.711 second
[2022-07-08 07:26:16,694] {logging_mixin.py:109} INFO - inserted another chunk, took 29.153 second
[2022-07-08 07:26:46,670] {logging_mixin.py:109} INFO - inserted another chunk, took 29.976 second
[2022-07-08 07:27:16,795] {logging_mixin.py:109} INFO - inserted another chunk, took 30.124 second
[2022-07-08 07:27:46,944] {logging_mixin.py:109} INFO - inserted another chunk, took 30.148 second
[2022-07-08 07:28:17,097] {logging_mixin.py:109} INFO - inserted another chunk, took 30.153 second
[2022-07-08 07:28:46,281] {logging_mixin.py:109} INFO - inserted another chunk, took 29.184 second
[2022-07-08 07:29:15,545] {logging_mixin.py:109} INFO - inserted another chunk, took 29.263 second
[2022-07-08 07:29:43,533] {logging_mixin.py:109} INFO - inserted another chunk, took 27.987 second
[2022-07-08 07:30:14,220] {logging_mixin.py:109} INFO - inserted another chunk, took 30.686 second
[2022-07-08 07:30:43,710] {logging_mixin.py:109} INFO - inserted another chunk, took 29.490 second
[2022-07-08 07:31:14,060] {logging_mixin.py:109} INFO - inserted another chunk, took 30.350 second
[2022-07-08 07:31:14,304] {warnings.py:110} WARNING - /home/***/.local/lib/python3.7/site-packages/***/operators/python.py:174: DtypeWarning: Columns (6) have mixed types.Specify dtype option on import or set low_memory=False.
  return_value = self.execute_callable()

[2022-07-08 07:31:42,961] {logging_mixin.py:109} INFO - inserted another chunk, took 28.900 second
[2022-07-08 07:32:01,811] {logging_mixin.py:109} INFO - inserted another chunk, took 18.850 second
[2022-07-08 07:32:01,812] {logging_mixin.py:109} INFO - completed
[2022-07-08 07:32:01,812] {python.py:175} INFO - Done. Returned value was: None
[2022-07-08 07:32:01,828] {taskinstance.py:1277} INFO - Marking task as SUCCESS. dag_id=LocalIngestionDag, task_id=ingest, execution_date=20210102T060000, start_date=20220708T072515, end_date=20220708T073201
[2022-07-08 07:32:01,893] {local_task_job.py:154} INFO - Task exited with return code 0
[2022-07-08 07:32:01,928] {local_task_job.py:264} INFO - 0 downstream tasks scheduled from follow-on schedule check
