[2022-07-07 16:32:20,515] {taskinstance.py:1032} INFO - Dependencies all met for <TaskInstance: LocalIngestionDag.ingest scheduled__2021-01-02T06:00:00+00:00 [queued]>
[2022-07-07 16:32:20,527] {taskinstance.py:1032} INFO - Dependencies all met for <TaskInstance: LocalIngestionDag.ingest scheduled__2021-01-02T06:00:00+00:00 [queued]>
[2022-07-07 16:32:20,527] {taskinstance.py:1238} INFO - 
--------------------------------------------------------------------------------
[2022-07-07 16:32:20,527] {taskinstance.py:1239} INFO - Starting attempt 7 of 7
[2022-07-07 16:32:20,527] {taskinstance.py:1240} INFO - 
--------------------------------------------------------------------------------
[2022-07-07 16:32:20,539] {taskinstance.py:1259} INFO - Executing <Task(PythonOperator): ingest> on 2021-01-02 06:00:00+00:00
[2022-07-07 16:32:20,545] {standard_task_runner.py:52} INFO - Started process 3834 to run task
[2022-07-07 16:32:20,552] {standard_task_runner.py:76} INFO - Running: ['***', 'tasks', 'run', 'LocalIngestionDag', 'ingest', 'scheduled__2021-01-02T06:00:00+00:00', '--job-id', '171', '--raw', '--subdir', 'DAGS_FOLDER/data_ingestion_local.py', '--cfg-path', '/tmp/tmprl9unsvz', '--error-file', '/tmp/tmpvf3c0u_t']
[2022-07-07 16:32:20,553] {standard_task_runner.py:77} INFO - Job 171: Subtask ingest
[2022-07-07 16:32:20,618] {logging_mixin.py:109} INFO - Running <TaskInstance: LocalIngestionDag.ingest scheduled__2021-01-02T06:00:00+00:00 [running]> on host d7995de6702f
[2022-07-07 16:32:20,661] {warnings.py:110} WARNING - /home/***/.local/lib/python3.7/site-packages/***/utils/context.py:152: AirflowContextDeprecationWarning: Accessing 'execution_date' from the template is deprecated and will be removed in a future version. Please use 'data_interval_start' or 'logical_date' instead.
  warnings.warn(_create_deprecation_warning(key, self._deprecation_replacements[key]))

[2022-07-07 16:32:20,682] {taskinstance.py:1426} INFO - Exporting the following env vars:
AIRFLOW_CTX_DAG_OWNER=***
AIRFLOW_CTX_DAG_ID=LocalIngestionDag
AIRFLOW_CTX_TASK_ID=ingest
AIRFLOW_CTX_EXECUTION_DATE=2021-01-02T06:00:00+00:00
AIRFLOW_CTX_DAG_RUN_ID=scheduled__2021-01-02T06:00:00+00:00
[2022-07-07 16:32:20,687] {logging_mixin.py:109} INFO - yellow_taxi_2021_01 /opt/***/output_2021-01.csv 2021-01-02T06:00:00+00:00 root" root" pgdatabase" 5432" ny_taxi"
[2022-07-07 16:32:20,687] {python.py:175} INFO - Done. Returned value was: None
[2022-07-07 16:32:20,711] {taskinstance.py:1277} INFO - Marking task as SUCCESS. dag_id=LocalIngestionDag, task_id=ingest, execution_date=20210102T060000, start_date=20220707T163220, end_date=20220707T163220
[2022-07-07 16:32:20,766] {local_task_job.py:154} INFO - Task exited with return code 0
[2022-07-07 16:32:20,818] {local_task_job.py:264} INFO - 0 downstream tasks scheduled from follow-on schedule check
