[2022-07-07 16:48:09,308] {taskinstance.py:1032} INFO - Dependencies all met for <TaskInstance: LocalIngestionDag.ingest scheduled__2021-01-02T06:00:00+00:00 [queued]>
[2022-07-07 16:48:09,320] {taskinstance.py:1032} INFO - Dependencies all met for <TaskInstance: LocalIngestionDag.ingest scheduled__2021-01-02T06:00:00+00:00 [queued]>
[2022-07-07 16:48:09,321] {taskinstance.py:1238} INFO - 
--------------------------------------------------------------------------------
[2022-07-07 16:48:09,321] {taskinstance.py:1239} INFO - Starting attempt 9 of 9
[2022-07-07 16:48:09,321] {taskinstance.py:1240} INFO - 
--------------------------------------------------------------------------------
[2022-07-07 16:48:09,334] {taskinstance.py:1259} INFO - Executing <Task(PythonOperator): ingest> on 2021-01-02 06:00:00+00:00
[2022-07-07 16:48:09,342] {standard_task_runner.py:52} INFO - Started process 4496 to run task
[2022-07-07 16:48:09,348] {standard_task_runner.py:76} INFO - Running: ['***', 'tasks', 'run', 'LocalIngestionDag', 'ingest', 'scheduled__2021-01-02T06:00:00+00:00', '--job-id', '173', '--raw', '--subdir', 'DAGS_FOLDER/data_ingestion_local.py', '--cfg-path', '/tmp/tmp193tf1r3', '--error-file', '/tmp/tmp8khzm8jg']
[2022-07-07 16:48:09,349] {standard_task_runner.py:77} INFO - Job 173: Subtask ingest
[2022-07-07 16:48:09,435] {logging_mixin.py:109} INFO - Running <TaskInstance: LocalIngestionDag.ingest scheduled__2021-01-02T06:00:00+00:00 [running]> on host d7995de6702f
[2022-07-07 16:48:09,500] {warnings.py:110} WARNING - /home/***/.local/lib/python3.7/site-packages/***/utils/context.py:152: AirflowContextDeprecationWarning: Accessing 'execution_date' from the template is deprecated and will be removed in a future version. Please use 'data_interval_start' or 'logical_date' instead.
  warnings.warn(_create_deprecation_warning(key, self._deprecation_replacements[key]))

[2022-07-07 16:48:09,527] {taskinstance.py:1426} INFO - Exporting the following env vars:
AIRFLOW_CTX_DAG_OWNER=***
AIRFLOW_CTX_DAG_ID=LocalIngestionDag
AIRFLOW_CTX_TASK_ID=ingest
AIRFLOW_CTX_EXECUTION_DATE=2021-01-02T06:00:00+00:00
AIRFLOW_CTX_DAG_RUN_ID=scheduled__2021-01-02T06:00:00+00:00
[2022-07-07 16:48:09,529] {logging_mixin.py:109} INFO - yellow_taxi_2021_01 /opt/***/output_2021-01.csv 2021-01-02T06:00:00+00:00
[2022-07-07 16:48:09,529] {logging_mixin.py:109} INFO - postgresql://root":root"@pgdatabase":5432"/ny_taxi"
[2022-07-07 16:48:09,529] {python.py:175} INFO - Done. Returned value was: None
[2022-07-07 16:48:09,545] {taskinstance.py:1277} INFO - Marking task as SUCCESS. dag_id=LocalIngestionDag, task_id=ingest, execution_date=20210102T060000, start_date=20220707T164809, end_date=20220707T164809
[2022-07-07 16:48:09,601] {local_task_job.py:154} INFO - Task exited with return code 0
[2022-07-07 16:48:09,650] {local_task_job.py:264} INFO - 0 downstream tasks scheduled from follow-on schedule check
