[2022-07-07 10:14:12,980] {taskinstance.py:1032} INFO - Dependencies all met for <TaskInstance: data_adjusted.local_to_gcs_task scheduled__2022-07-06T00:00:00+00:00 [queued]>
[2022-07-07 10:14:12,990] {taskinstance.py:1032} INFO - Dependencies all met for <TaskInstance: data_adjusted.local_to_gcs_task scheduled__2022-07-06T00:00:00+00:00 [queued]>
[2022-07-07 10:14:12,991] {taskinstance.py:1238} INFO - 
--------------------------------------------------------------------------------
[2022-07-07 10:14:12,991] {taskinstance.py:1239} INFO - Starting attempt 1 of 2
[2022-07-07 10:14:12,991] {taskinstance.py:1240} INFO - 
--------------------------------------------------------------------------------
[2022-07-07 10:14:13,002] {taskinstance.py:1259} INFO - Executing <Task(PythonOperator): local_to_gcs_task> on 2022-07-06 00:00:00+00:00
[2022-07-07 10:14:13,008] {standard_task_runner.py:52} INFO - Started process 1117 to run task
[2022-07-07 10:14:13,013] {standard_task_runner.py:76} INFO - Running: ['***', 'tasks', 'run', 'data_adjusted', 'local_to_gcs_task', 'scheduled__2022-07-06T00:00:00+00:00', '--job-id', '87', '--raw', '--subdir', 'DAGS_FOLDER/data_adjusted.py', '--cfg-path', '/tmp/tmp8w6mwnnw', '--error-file', '/tmp/tmpoteyo980']
[2022-07-07 10:14:13,014] {standard_task_runner.py:77} INFO - Job 87: Subtask local_to_gcs_task
[2022-07-07 10:14:13,074] {logging_mixin.py:109} INFO - Running <TaskInstance: data_adjusted.local_to_gcs_task scheduled__2022-07-06T00:00:00+00:00 [running]> on host 9e540ab485e1
[2022-07-07 10:14:13,139] {taskinstance.py:1426} INFO - Exporting the following env vars:
AIRFLOW_CTX_DAG_OWNER=***
AIRFLOW_CTX_DAG_ID=data_adjusted
AIRFLOW_CTX_TASK_ID=local_to_gcs_task
AIRFLOW_CTX_EXECUTION_DATE=2022-07-06T00:00:00+00:00
AIRFLOW_CTX_DAG_RUN_ID=scheduled__2022-07-06T00:00:00+00:00
[2022-07-07 10:14:13,290] {python.py:175} INFO - Done. Returned value was: None
[2022-07-07 10:14:13,302] {taskinstance.py:1277} INFO - Marking task as SUCCESS. dag_id=data_adjusted, task_id=local_to_gcs_task, execution_date=20220706T000000, start_date=20220707T101412, end_date=20220707T101413
[2022-07-07 10:14:13,345] {local_task_job.py:154} INFO - Task exited with return code 0
[2022-07-07 10:14:13,382] {local_task_job.py:264} INFO - 1 downstream tasks scheduled from follow-on schedule check
