[2022-07-07 12:42:32,899] {taskinstance.py:1032} INFO - Dependencies all met for <TaskInstance: data_adjusted.download_dataset_task manual__2022-07-07T12:42:30.338568+00:00 [queued]>
[2022-07-07 12:42:32,910] {taskinstance.py:1032} INFO - Dependencies all met for <TaskInstance: data_adjusted.download_dataset_task manual__2022-07-07T12:42:30.338568+00:00 [queued]>
[2022-07-07 12:42:32,911] {taskinstance.py:1238} INFO - 
--------------------------------------------------------------------------------
[2022-07-07 12:42:32,911] {taskinstance.py:1239} INFO - Starting attempt 1 of 2
[2022-07-07 12:42:32,911] {taskinstance.py:1240} INFO - 
--------------------------------------------------------------------------------
[2022-07-07 12:42:32,923] {taskinstance.py:1259} INFO - Executing <Task(BashOperator): download_dataset_task> on 2022-07-07 12:42:30.338568+00:00
[2022-07-07 12:42:32,928] {standard_task_runner.py:52} INFO - Started process 152 to run task
[2022-07-07 12:42:32,935] {standard_task_runner.py:76} INFO - Running: ['***', 'tasks', 'run', 'data_adjusted', 'download_dataset_task', 'manual__2022-07-07T12:42:30.338568+00:00', '--job-id', '97', '--raw', '--subdir', 'DAGS_FOLDER/data_adjusted.py', '--cfg-path', '/tmp/tmpd7xezkof', '--error-file', '/tmp/tmpe4uhq5ap']
[2022-07-07 12:42:32,936] {standard_task_runner.py:77} INFO - Job 97: Subtask download_dataset_task
[2022-07-07 12:42:33,000] {logging_mixin.py:109} INFO - Running <TaskInstance: data_adjusted.download_dataset_task manual__2022-07-07T12:42:30.338568+00:00 [running]> on host 2a74a570b95b
[2022-07-07 12:42:33,067] {taskinstance.py:1426} INFO - Exporting the following env vars:
AIRFLOW_CTX_DAG_OWNER=***
AIRFLOW_CTX_DAG_ID=data_adjusted
AIRFLOW_CTX_TASK_ID=download_dataset_task
AIRFLOW_CTX_EXECUTION_DATE=2022-07-07T12:42:30.338568+00:00
AIRFLOW_CTX_DAG_RUN_ID=manual__2022-07-07T12:42:30.338568+00:00
[2022-07-07 12:42:33,069] {subprocess.py:62} INFO - Tmp dir root location: 
 /tmp
[2022-07-07 12:42:33,070] {subprocess.py:74} INFO - Running command: ['bash', '-c', 'curl -sSL https://d37ci6vzurychx.cloudfront.net/trip-data/yellow_tripdata_2021-02.parquet > /opt/***/yellow_tripdata_2021-02.parquet']
[2022-07-07 12:42:33,094] {subprocess.py:85} INFO - Output:
[2022-07-07 12:42:33,380] {subprocess.py:93} INFO - Command exited with return code 0
[2022-07-07 12:42:33,411] {taskinstance.py:1277} INFO - Marking task as SUCCESS. dag_id=data_adjusted, task_id=download_dataset_task, execution_date=20220707T124230, start_date=20220707T124232, end_date=20220707T124233
[2022-07-07 12:42:33,467] {local_task_job.py:154} INFO - Task exited with return code 0
[2022-07-07 12:42:33,532] {local_task_job.py:264} INFO - 1 downstream tasks scheduled from follow-on schedule check
