[2022-07-07 12:42:36,695] {taskinstance.py:1032} INFO - Dependencies all met for <TaskInstance: data_adjusted.bigquery_external_table_task manual__2022-07-07T12:42:30.338568+00:00 [queued]>
[2022-07-07 12:42:36,705] {taskinstance.py:1032} INFO - Dependencies all met for <TaskInstance: data_adjusted.bigquery_external_table_task manual__2022-07-07T12:42:30.338568+00:00 [queued]>
[2022-07-07 12:42:36,705] {taskinstance.py:1238} INFO - 
--------------------------------------------------------------------------------
[2022-07-07 12:42:36,705] {taskinstance.py:1239} INFO - Starting attempt 1 of 2
[2022-07-07 12:42:36,705] {taskinstance.py:1240} INFO - 
--------------------------------------------------------------------------------
[2022-07-07 12:42:36,716] {taskinstance.py:1259} INFO - Executing <Task(BigQueryCreateExternalTableOperator): bigquery_external_table_task> on 2022-07-07 12:42:30.338568+00:00
[2022-07-07 12:42:36,724] {standard_task_runner.py:52} INFO - Started process 170 to run task
[2022-07-07 12:42:36,729] {standard_task_runner.py:76} INFO - Running: ['***', 'tasks', 'run', 'data_adjusted', 'bigquery_external_table_task', 'manual__2022-07-07T12:42:30.338568+00:00', '--job-id', '99', '--raw', '--subdir', 'DAGS_FOLDER/data_adjusted.py', '--cfg-path', '/tmp/tmpr3hg1u86', '--error-file', '/tmp/tmp27f21jao']
[2022-07-07 12:42:36,730] {standard_task_runner.py:77} INFO - Job 99: Subtask bigquery_external_table_task
[2022-07-07 12:42:36,787] {logging_mixin.py:109} INFO - Running <TaskInstance: data_adjusted.bigquery_external_table_task manual__2022-07-07T12:42:30.338568+00:00 [running]> on host 2a74a570b95b
[2022-07-07 12:42:36,845] {taskinstance.py:1426} INFO - Exporting the following env vars:
AIRFLOW_CTX_DAG_OWNER=***
AIRFLOW_CTX_DAG_ID=data_adjusted
AIRFLOW_CTX_TASK_ID=bigquery_external_table_task
AIRFLOW_CTX_EXECUTION_DATE=2022-07-07T12:42:30.338568+00:00
AIRFLOW_CTX_DAG_RUN_ID=manual__2022-07-07T12:42:30.338568+00:00
[2022-07-07 12:42:36,847] {crypto.py:82} WARNING - empty cryptography key - values will not be stored encrypted.
[2022-07-07 12:42:37,441] {taskinstance.py:1277} INFO - Marking task as SUCCESS. dag_id=data_adjusted, task_id=bigquery_external_table_task, execution_date=20220707T124230, start_date=20220707T124236, end_date=20220707T124237
[2022-07-07 12:42:37,466] {local_task_job.py:154} INFO - Task exited with return code 0
[2022-07-07 12:42:37,498] {local_task_job.py:264} INFO - 0 downstream tasks scheduled from follow-on schedule check
