[2022-07-07 15:25:16,055] {taskinstance.py:1032} INFO - Dependencies all met for <TaskInstance: LocalIngestionDag.convert_to_csv scheduled__2021-11-02T06:00:00+00:00 [queued]>
[2022-07-07 15:25:16,387] {taskinstance.py:1032} INFO - Dependencies all met for <TaskInstance: LocalIngestionDag.convert_to_csv scheduled__2021-11-02T06:00:00+00:00 [queued]>
[2022-07-07 15:25:16,408] {taskinstance.py:1238} INFO - 
--------------------------------------------------------------------------------
[2022-07-07 15:25:16,412] {taskinstance.py:1239} INFO - Starting attempt 1 of 1
[2022-07-07 15:25:16,425] {taskinstance.py:1240} INFO - 
--------------------------------------------------------------------------------
[2022-07-07 15:25:16,612] {taskinstance.py:1259} INFO - Executing <Task(PythonOperator): convert_to_csv> on 2021-11-02 06:00:00+00:00
[2022-07-07 15:25:16,641] {standard_task_runner.py:52} INFO - Started process 923 to run task
[2022-07-07 15:25:16,719] {standard_task_runner.py:76} INFO - Running: ['***', 'tasks', 'run', 'LocalIngestionDag', 'convert_to_csv', 'scheduled__2021-11-02T06:00:00+00:00', '--job-id', '137', '--raw', '--subdir', 'DAGS_FOLDER/data_ingestion_local.py', '--cfg-path', '/tmp/tmp7li8e8x1', '--error-file', '/tmp/tmpwarw31d3']
[2022-07-07 15:25:16,758] {standard_task_runner.py:77} INFO - Job 137: Subtask convert_to_csv
[2022-07-07 15:25:17,500] {logging_mixin.py:109} INFO - Running <TaskInstance: LocalIngestionDag.convert_to_csv scheduled__2021-11-02T06:00:00+00:00 [running]> on host d7995de6702f
[2022-07-07 15:25:17,838] {warnings.py:110} WARNING - /home/***/.local/lib/python3.7/site-packages/***/utils/context.py:152: AirflowContextDeprecationWarning: Accessing 'execution_date' from the template is deprecated and will be removed in a future version. Please use 'data_interval_start' or 'logical_date' instead.
  warnings.warn(_create_deprecation_warning(key, self._deprecation_replacements[key]))

[2022-07-07 15:25:18,505] {taskinstance.py:1426} INFO - Exporting the following env vars:
AIRFLOW_CTX_DAG_OWNER=***
AIRFLOW_CTX_DAG_ID=LocalIngestionDag
AIRFLOW_CTX_TASK_ID=convert_to_csv
AIRFLOW_CTX_EXECUTION_DATE=2021-11-02T06:00:00+00:00
AIRFLOW_CTX_DAG_RUN_ID=scheduled__2021-11-02T06:00:00+00:00
[2022-07-07 15:25:47,896] {python.py:175} INFO - Done. Returned value was: None
[2022-07-07 15:25:48,116] {taskinstance.py:1277} INFO - Marking task as SUCCESS. dag_id=LocalIngestionDag, task_id=convert_to_csv, execution_date=20211102T060000, start_date=20220707T152516, end_date=20220707T152548
[2022-07-07 15:25:48,491] {local_task_job.py:212} WARNING - State of this instance has been externally set to success. Terminating instance.
[2022-07-07 15:25:48,501] {process_utils.py:124} INFO - Sending Signals.SIGTERM to group 923. PIDs of all processes in the group: [923]
[2022-07-07 15:25:48,507] {process_utils.py:75} INFO - Sending the signal Signals.SIGTERM to group 923
[2022-07-07 15:25:48,629] {process_utils.py:70} INFO - Process psutil.Process(pid=923, status='terminated', exitcode=0, started='15:25:16') (923) terminated with exit code 0
