[2022-07-07 12:42:34,534] {taskinstance.py:1032} INFO - Dependencies all met for <TaskInstance: data_adjusted.local_to_gcs_task manual__2022-07-07T12:42:30.338568+00:00 [queued]>
[2022-07-07 12:42:34,544] {taskinstance.py:1032} INFO - Dependencies all met for <TaskInstance: data_adjusted.local_to_gcs_task manual__2022-07-07T12:42:30.338568+00:00 [queued]>
[2022-07-07 12:42:34,544] {taskinstance.py:1238} INFO - 
--------------------------------------------------------------------------------
[2022-07-07 12:42:34,545] {taskinstance.py:1239} INFO - Starting attempt 1 of 2
[2022-07-07 12:42:34,545] {taskinstance.py:1240} INFO - 
--------------------------------------------------------------------------------
[2022-07-07 12:42:34,556] {taskinstance.py:1259} INFO - Executing <Task(PythonOperator): local_to_gcs_task> on 2022-07-07 12:42:30.338568+00:00
[2022-07-07 12:42:34,562] {standard_task_runner.py:52} INFO - Started process 167 to run task
[2022-07-07 12:42:34,569] {standard_task_runner.py:76} INFO - Running: ['***', 'tasks', 'run', 'data_adjusted', 'local_to_gcs_task', 'manual__2022-07-07T12:42:30.338568+00:00', '--job-id', '98', '--raw', '--subdir', 'DAGS_FOLDER/data_adjusted.py', '--cfg-path', '/tmp/tmpxe3m2ukv', '--error-file', '/tmp/tmpv1dyo18v']
[2022-07-07 12:42:34,570] {standard_task_runner.py:77} INFO - Job 98: Subtask local_to_gcs_task
[2022-07-07 12:42:34,637] {logging_mixin.py:109} INFO - Running <TaskInstance: data_adjusted.local_to_gcs_task manual__2022-07-07T12:42:30.338568+00:00 [running]> on host 2a74a570b95b
[2022-07-07 12:42:34,710] {taskinstance.py:1426} INFO - Exporting the following env vars:
AIRFLOW_CTX_DAG_OWNER=***
AIRFLOW_CTX_DAG_ID=data_adjusted
AIRFLOW_CTX_TASK_ID=local_to_gcs_task
AIRFLOW_CTX_EXECUTION_DATE=2022-07-07T12:42:30.338568+00:00
AIRFLOW_CTX_DAG_RUN_ID=manual__2022-07-07T12:42:30.338568+00:00
[2022-07-07 12:42:35,310] {python.py:175} INFO - Done. Returned value was: None
[2022-07-07 12:42:35,322] {taskinstance.py:1277} INFO - Marking task as SUCCESS. dag_id=data_adjusted, task_id=local_to_gcs_task, execution_date=20220707T124230, start_date=20220707T124234, end_date=20220707T124235
[2022-07-07 12:42:35,344] {local_task_job.py:154} INFO - Task exited with return code 0
[2022-07-07 12:42:35,383] {local_task_job.py:264} INFO - 1 downstream tasks scheduled from follow-on schedule check
