[2022-06-30 16:46:58,913] {taskinstance.py:1032} INFO - Dependencies all met for <TaskInstance: data_adjusted.download_dataset_task manual__2022-06-30T16:46:56.894007+00:00 [queued]>
[2022-06-30 16:46:58,925] {taskinstance.py:1032} INFO - Dependencies all met for <TaskInstance: data_adjusted.download_dataset_task manual__2022-06-30T16:46:56.894007+00:00 [queued]>
[2022-06-30 16:46:58,925] {taskinstance.py:1238} INFO - 
--------------------------------------------------------------------------------
[2022-06-30 16:46:58,925] {taskinstance.py:1239} INFO - Starting attempt 1 of 2
[2022-06-30 16:46:58,925] {taskinstance.py:1240} INFO - 
--------------------------------------------------------------------------------
[2022-06-30 16:46:58,938] {taskinstance.py:1259} INFO - Executing <Task(BashOperator): download_dataset_task> on 2022-06-30 16:46:56.894007+00:00
[2022-06-30 16:46:58,944] {standard_task_runner.py:52} INFO - Started process 2753 to run task
[2022-06-30 16:46:58,949] {standard_task_runner.py:76} INFO - Running: ['***', 'tasks', 'run', 'data_adjusted', 'download_dataset_task', 'manual__2022-06-30T16:46:56.894007+00:00', '--job-id', '18', '--raw', '--subdir', 'DAGS_FOLDER/data_adjusted.py', '--cfg-path', '/tmp/tmp_6jis5g4', '--error-file', '/tmp/tmpkgtb6ve5']
[2022-06-30 16:46:58,950] {standard_task_runner.py:77} INFO - Job 18: Subtask download_dataset_task
[2022-06-30 16:46:59,014] {logging_mixin.py:109} INFO - Running <TaskInstance: data_adjusted.download_dataset_task manual__2022-06-30T16:46:56.894007+00:00 [running]> on host d4c453d82639
[2022-06-30 16:46:59,085] {taskinstance.py:1426} INFO - Exporting the following env vars:
AIRFLOW_CTX_DAG_OWNER=***
AIRFLOW_CTX_DAG_ID=data_adjusted
AIRFLOW_CTX_TASK_ID=download_dataset_task
AIRFLOW_CTX_EXECUTION_DATE=2022-06-30T16:46:56.894007+00:00
AIRFLOW_CTX_DAG_RUN_ID=manual__2022-06-30T16:46:56.894007+00:00
[2022-06-30 16:46:59,087] {subprocess.py:62} INFO - Tmp dir root location: 
 /tmp
[2022-06-30 16:46:59,088] {subprocess.py:74} INFO - Running command: ['bash', '-c', 'curl -sSL https://s3.amazonaws.com/nyc-tlc/trip+data/yellow_tripdata_2021-01.parquet > /opt/***/yellow_tripdata_2021-01.parquet']
[2022-06-30 16:46:59,101] {subprocess.py:85} INFO - Output:
[2022-06-30 16:46:59,845] {subprocess.py:93} INFO - Command exited with return code 0
[2022-06-30 16:46:59,880] {taskinstance.py:1277} INFO - Marking task as SUCCESS. dag_id=data_adjusted, task_id=download_dataset_task, execution_date=20220630T164656, start_date=20220630T164658, end_date=20220630T164659
[2022-06-30 16:46:59,924] {local_task_job.py:154} INFO - Task exited with return code 0
[2022-06-30 16:46:59,968] {local_task_job.py:264} INFO - 1 downstream tasks scheduled from follow-on schedule check
