[2022-07-07 18:06:55,779] {taskinstance.py:1032} INFO - Dependencies all met for <TaskInstance: LocalIngestionDag.wget scheduled__2021-03-02T06:00:00+00:00 [queued]>
[2022-07-07 18:06:55,791] {taskinstance.py:1032} INFO - Dependencies all met for <TaskInstance: LocalIngestionDag.wget scheduled__2021-03-02T06:00:00+00:00 [queued]>
[2022-07-07 18:06:55,791] {taskinstance.py:1238} INFO - 
--------------------------------------------------------------------------------
[2022-07-07 18:06:55,791] {taskinstance.py:1239} INFO - Starting attempt 2 of 2
[2022-07-07 18:06:55,791] {taskinstance.py:1240} INFO - 
--------------------------------------------------------------------------------
[2022-07-07 18:06:55,806] {taskinstance.py:1259} INFO - Executing <Task(BashOperator): wget> on 2021-03-02 06:00:00+00:00
[2022-07-07 18:06:55,811] {standard_task_runner.py:52} INFO - Started process 1658 to run task
[2022-07-07 18:06:55,818] {standard_task_runner.py:76} INFO - Running: ['***', 'tasks', 'run', 'LocalIngestionDag', 'wget', 'scheduled__2021-03-02T06:00:00+00:00', '--job-id', '189', '--raw', '--subdir', 'DAGS_FOLDER/data_ingestion_local.py', '--cfg-path', '/tmp/tmpr_2um46_', '--error-file', '/tmp/tmpberl3iei']
[2022-07-07 18:06:55,819] {standard_task_runner.py:77} INFO - Job 189: Subtask wget
[2022-07-07 18:06:55,887] {logging_mixin.py:109} INFO - Running <TaskInstance: LocalIngestionDag.wget scheduled__2021-03-02T06:00:00+00:00 [running]> on host d7995de6702f
[2022-07-07 18:06:55,935] {warnings.py:110} WARNING - /home/***/.local/lib/python3.7/site-packages/***/utils/context.py:152: AirflowContextDeprecationWarning: Accessing 'execution_date' from the template is deprecated and will be removed in a future version. Please use 'data_interval_start' or 'logical_date' instead.
  warnings.warn(_create_deprecation_warning(key, self._deprecation_replacements[key]))

[2022-07-07 18:06:55,955] {taskinstance.py:1426} INFO - Exporting the following env vars:
AIRFLOW_CTX_DAG_OWNER=***
AIRFLOW_CTX_DAG_ID=LocalIngestionDag
AIRFLOW_CTX_TASK_ID=wget
AIRFLOW_CTX_EXECUTION_DATE=2021-03-02T06:00:00+00:00
AIRFLOW_CTX_DAG_RUN_ID=scheduled__2021-03-02T06:00:00+00:00
[2022-07-07 18:06:55,955] {subprocess.py:62} INFO - Tmp dir root location: 
 /tmp
[2022-07-07 18:06:55,956] {subprocess.py:74} INFO - Running command: ['bash', '-c', 'curl -sSL https://d37ci6vzurychx.cloudfront.net/trip-data/yellow_tripdata_2021-03.parquet > /opt/***/output_2021-03.parquet']
[2022-07-07 18:06:55,969] {subprocess.py:85} INFO - Output:
[2022-07-07 18:06:56,429] {subprocess.py:93} INFO - Command exited with return code 0
[2022-07-07 18:06:56,472] {taskinstance.py:1277} INFO - Marking task as SUCCESS. dag_id=LocalIngestionDag, task_id=wget, execution_date=20210302T060000, start_date=20220707T180655, end_date=20220707T180656
[2022-07-07 18:06:56,512] {local_task_job.py:154} INFO - Task exited with return code 0
[2022-07-07 18:06:56,554] {local_task_job.py:264} INFO - 1 downstream tasks scheduled from follow-on schedule check
